This file contains any messages produced by compilers while
running configure, to aid debugging if configure makes a mistake.

It was created by configure, which was
generated by GNU Autoconf 2.69.  Invocation command line was

  $ ./configure --no-create --no-recursion

## --------- ##
## Platform. ##
## --------- ##

hostname = crew-laptop
uname -m = x86_64
uname -r = 4.4.0-21-generic
uname -s = Linux
uname -v = #37-Ubuntu SMP Mon Apr 18 18:33:37 UTC 2016

/usr/bin/uname -p = unknown
/bin/uname -X     = unknown

/bin/arch              = unknown
/usr/bin/arch -k       = unknown
/usr/convex/getsysinfo = unknown
/usr/bin/hostinfo      = unknown
/bin/machine           = unknown
/usr/bin/oslevel       = unknown
/bin/universe          = unknown

PATH: /usr/local/sbin
PATH: /usr/local/bin
PATH: /usr/sbin
PATH: /usr/bin
PATH: /sbin
PATH: /bin
PATH: /usr/games
PATH: /usr/local/games
PATH: /snap/bin


## ----------- ##
## Core tests. ##
## ----------- ##

configure:2410: checking for a BSD-compatible install
configure:2478: result: /usr/bin/install -c
configure:2489: checking whether build environment is sane
configure:2544: result: yes
configure:2695: checking for a thread-safe mkdir -p
configure:2734: result: /bin/mkdir -p
configure:2741: checking for gawk
configure:2771: result: no
configure:2741: checking for mawk
configure:2757: found /usr/bin/mawk
configure:2768: result: mawk
configure:2779: checking whether make sets $(MAKE)
configure:2801: result: yes
configure:2830: checking whether make supports nested variables
configure:2847: result: yes
configure:3004: checking build system type
configure:3018: result: x86_64-pc-linux-gnu
configure:3038: checking host system type
configure:3051: result: x86_64-pc-linux-gnu
configure:3092: checking how to print strings
configure:3119: result: printf
configure:3152: checking for style of include used by make
configure:3180: result: GNU
configure:3251: checking for gcc
configure:3267: found /usr/bin/gcc
configure:3278: result: gcc
configure:3507: checking for C compiler version
configure:3516: gcc --version >&5
gcc (Ubuntu 5.3.1-14ubuntu2) 5.3.1 20160413
Copyright (C) 2015 Free Software Foundation, Inc.
This is free software; see the source for copying conditions.  There is NO
warranty; not even for MERCHANTABILITY or FITNESS FOR A PARTICULAR PURPOSE.

configure:3527: $? = 0
configure:3516: gcc -v >&5
Using built-in specs.
COLLECT_GCC=gcc
COLLECT_LTO_WRAPPER=/usr/lib/gcc/x86_64-linux-gnu/5/lto-wrapper
Target: x86_64-linux-gnu
Configured with: ../src/configure -v --with-pkgversion='Ubuntu 5.3.1-14ubuntu2' --with-bugurl=file:///usr/share/doc/gcc-5/README.Bugs --enable-languages=c,ada,c++,java,go,d,fortran,objc,obj-c++ --prefix=/usr --program-suffix=-5 --enable-shared --enable-linker-build-id --libexecdir=/usr/lib --without-included-gettext --enable-threads=posix --libdir=/usr/lib --enable-nls --with-sysroot=/ --enable-clocale=gnu --enable-libstdcxx-debug --enable-libstdcxx-time=yes --with-default-libstdcxx-abi=new --enable-gnu-unique-object --disable-vtable-verify --enable-libmpx --enable-plugin --with-system-zlib --disable-browser-plugin --enable-java-awt=gtk --enable-gtk-cairo --with-java-home=/usr/lib/jvm/java-1.5.0-gcj-5-amd64/jre --enable-java-home --with-jvm-root-dir=/usr/lib/jvm/java-1.5.0-gcj-5-amd64 --with-jvm-jar-dir=/usr/lib/jvm-exports/java-1.5.0-gcj-5-amd64 --with-arch-directory=amd64 --with-ecj-jar=/usr/share/java/eclipse-ecj.jar --enable-objc-gc --enable-multiarch --disable-werror --with-arch-32=i686 --with-abi=m64 --with-multilib-list=m32,m64,mx32 --enable-multilib --with-tune=generic --enable-checking=release --build=x86_64-linux-gnu --host=x86_64-linux-gnu --target=x86_64-linux-gnu
Thread model: posix
gcc version 5.3.1 20160413 (Ubuntu 5.3.1-14ubuntu2) 
configure:3527: $? = 0
configure:3516: gcc -V >&5
gcc: error: unrecognized command line option '-V'
gcc: fatal error: no input files
compilation terminated.
configure:3527: $? = 1
configure:3516: gcc -qversion >&5
gcc: error: unrecognized command line option '-qversion'
gcc: fatal error: no input files
compilation terminated.
configure:3527: $? = 1
configure:3547: checking whether the C compiler works
configure:3569: gcc    conftest.c  >&5
configure:3573: $? = 0
configure:3621: result: yes
configure:3624: checking for C compiler default output file name
configure:3626: result: a.out
configure:3632: checking for suffix of executables
configure:3639: gcc -o conftest    conftest.c  >&5
configure:3643: $? = 0
configure:3665: result: 
configure:3687: checking whether we are cross compiling
configure:3695: gcc -o conftest    conftest.c  >&5
configure:3699: $? = 0
configure:3706: ./conftest
configure:3710: $? = 0
configure:3725: result: no
configure:3730: checking for suffix of object files
configure:3752: gcc -c   conftest.c >&5
configure:3756: $? = 0
configure:3777: result: o
configure:3781: checking whether we are using the GNU C compiler
configure:3800: gcc -c   conftest.c >&5
configure:3800: $? = 0
configure:3809: result: yes
configure:3818: checking whether gcc accepts -g
configure:3838: gcc -c -g  conftest.c >&5
configure:3838: $? = 0
configure:3879: result: yes
configure:3896: checking for gcc option to accept ISO C89
configure:3959: gcc  -c -g -O2  conftest.c >&5
configure:3959: $? = 0
configure:3972: result: none needed
configure:3997: checking whether gcc understands -c and -o together
configure:4019: gcc -c conftest.c -o conftest2.o
configure:4022: $? = 0
configure:4019: gcc -c conftest.c -o conftest2.o
configure:4022: $? = 0
configure:4034: result: yes
configure:4053: checking dependency style of gcc
configure:4164: result: gcc3
configure:4179: checking for a sed that does not truncate output
configure:4243: result: /bin/sed
configure:4261: checking for grep that handles long lines and -e
configure:4319: result: /bin/grep
configure:4324: checking for egrep
configure:4386: result: /bin/grep -E
configure:4391: checking for fgrep
configure:4453: result: /bin/grep -F
configure:4488: checking for ld used by gcc
configure:4555: result: /usr/bin/ld
configure:4562: checking if the linker (/usr/bin/ld) is GNU ld
configure:4577: result: yes
configure:4589: checking for BSD- or MS-compatible name lister (nm)
configure:4643: result: /usr/bin/nm -B
configure:4773: checking the name lister (/usr/bin/nm -B) interface
configure:4780: gcc -c -g -O2  conftest.c >&5
configure:4783: /usr/bin/nm -B "conftest.o"
configure:4786: output
0000000000000000 B some_variable
configure:4793: result: BSD nm
configure:4796: checking whether ln -s works
configure:4800: result: yes
configure:4808: checking the maximum length of command line arguments
configure:4939: result: 1572864
configure:4987: checking how to convert x86_64-pc-linux-gnu file names to x86_64-pc-linux-gnu format
configure:5027: result: func_convert_file_noop
configure:5034: checking how to convert x86_64-pc-linux-gnu file names to toolchain format
configure:5054: result: func_convert_file_noop
configure:5061: checking for /usr/bin/ld option to reload object files
configure:5068: result: -r
configure:5142: checking for objdump
configure:5158: found /usr/bin/objdump
configure:5169: result: objdump
configure:5201: checking how to recognize dependent libraries
configure:5401: result: pass_all
configure:5486: checking for dlltool
configure:5516: result: no
configure:5546: checking how to associate runtime and link libraries
configure:5573: result: printf %s\n
configure:5634: checking for ar
configure:5650: found /usr/bin/ar
configure:5661: result: ar
configure:5698: checking for archiver @FILE support
configure:5715: gcc -c -g -O2  conftest.c >&5
configure:5715: $? = 0
configure:5718: ar cru libconftest.a @conftest.lst >&5
ar: `u' modifier ignored since `D' is the default (see `U')
configure:5721: $? = 0
configure:5726: ar cru libconftest.a @conftest.lst >&5
ar: `u' modifier ignored since `D' is the default (see `U')
ar: conftest.o: No such file or directory
configure:5729: $? = 1
configure:5741: result: @
configure:5799: checking for strip
configure:5815: found /usr/bin/strip
configure:5826: result: strip
configure:5898: checking for ranlib
configure:5914: found /usr/bin/ranlib
configure:5925: result: ranlib
configure:6027: checking command to parse /usr/bin/nm -B output from gcc object
configure:6180: gcc -c -g -O2  conftest.c >&5
configure:6183: $? = 0
configure:6187: /usr/bin/nm -B conftest.o \| sed -n -e 's/^.*[ ]\([ABCDGIRSTW][ABCDGIRSTW]*\)[ ][ ]*\([_A-Za-z][_A-Za-z0-9]*\)$/\1 \2 \2/p' | sed '/ __gnu_lto/d' \> conftest.nm
configure:6190: $? = 0
configure:6256: gcc -o conftest -g -O2   conftest.c conftstm.o >&5
configure:6259: $? = 0
configure:6297: result: ok
configure:6344: checking for sysroot
configure:6374: result: no
configure:6381: checking for a working dd
configure:6419: result: /bin/dd
configure:6423: checking how to truncate binary pipes
configure:6438: result: /bin/dd bs=4096 count=1
configure:6574: gcc -c -g -O2  conftest.c >&5
configure:6577: $? = 0
configure:6767: checking for mt
configure:6783: found /bin/mt
configure:6794: result: mt
configure:6817: checking if mt is a manifest tool
configure:6823: mt '-?'
configure:6831: result: no
configure:7508: checking how to run the C preprocessor
configure:7539: gcc -E  conftest.c
configure:7539: $? = 0
configure:7553: gcc -E  conftest.c
conftest.c:11:28: fatal error: ac_nonexistent.h: No such file or directory
compilation terminated.
configure:7553: $? = 1
configure: failed program was:
| /* confdefs.h */
| #define PACKAGE_NAME ""
| #define PACKAGE_TARNAME ""
| #define PACKAGE_VERSION ""
| #define PACKAGE_STRING ""
| #define PACKAGE_BUGREPORT ""
| #define PACKAGE_URL ""
| #define PACKAGE "kdeneur"
| #define VERSION "0.17.0"
| /* end confdefs.h.  */
| #include <ac_nonexistent.h>
configure:7578: result: gcc -E
configure:7598: gcc -E  conftest.c
configure:7598: $? = 0
configure:7612: gcc -E  conftest.c
conftest.c:11:28: fatal error: ac_nonexistent.h: No such file or directory
compilation terminated.
configure:7612: $? = 1
configure: failed program was:
| /* confdefs.h */
| #define PACKAGE_NAME ""
| #define PACKAGE_TARNAME ""
| #define PACKAGE_VERSION ""
| #define PACKAGE_STRING ""
| #define PACKAGE_BUGREPORT ""
| #define PACKAGE_URL ""
| #define PACKAGE "kdeneur"
| #define VERSION "0.17.0"
| /* end confdefs.h.  */
| #include <ac_nonexistent.h>
configure:7641: checking for ANSI C header files
configure:7661: gcc -c -g -O2  conftest.c >&5
configure:7661: $? = 0
configure:7734: gcc -o conftest -g -O2   conftest.c  >&5
configure:7734: $? = 0
configure:7734: ./conftest
configure:7734: $? = 0
configure:7745: result: yes
configure:7758: checking for sys/types.h
configure:7758: gcc -c -g -O2  conftest.c >&5
configure:7758: $? = 0
configure:7758: result: yes
configure:7758: checking for sys/stat.h
configure:7758: gcc -c -g -O2  conftest.c >&5
configure:7758: $? = 0
configure:7758: result: yes
configure:7758: checking for stdlib.h
configure:7758: gcc -c -g -O2  conftest.c >&5
configure:7758: $? = 0
configure:7758: result: yes
configure:7758: checking for string.h
configure:7758: gcc -c -g -O2  conftest.c >&5
configure:7758: $? = 0
configure:7758: result: yes
configure:7758: checking for memory.h
configure:7758: gcc -c -g -O2  conftest.c >&5
configure:7758: $? = 0
configure:7758: result: yes
configure:7758: checking for strings.h
configure:7758: gcc -c -g -O2  conftest.c >&5
configure:7758: $? = 0
configure:7758: result: yes
configure:7758: checking for inttypes.h
configure:7758: gcc -c -g -O2  conftest.c >&5
configure:7758: $? = 0
configure:7758: result: yes
configure:7758: checking for stdint.h
configure:7758: gcc -c -g -O2  conftest.c >&5
configure:7758: $? = 0
configure:7758: result: yes
configure:7758: checking for unistd.h
configure:7758: gcc -c -g -O2  conftest.c >&5
configure:7758: $? = 0
configure:7758: result: yes
configure:7772: checking for dlfcn.h
configure:7772: gcc -c -g -O2  conftest.c >&5
configure:7772: $? = 0
configure:7772: result: yes
configure:8028: checking for objdir
configure:8043: result: .libs
configure:8307: checking if gcc supports -fno-rtti -fno-exceptions
configure:8325: gcc -c -g -O2  -fno-rtti -fno-exceptions conftest.c >&5
cc1: warning: command line option '-fno-rtti' is valid for C++/ObjC++ but not for C
configure:8329: $? = 0
configure:8342: result: no
configure:8700: checking for gcc option to produce PIC
configure:8707: result: -fPIC -DPIC
configure:8715: checking if gcc PIC flag -fPIC -DPIC works
configure:8733: gcc -c -g -O2  -fPIC -DPIC -DPIC conftest.c >&5
configure:8737: $? = 0
configure:8750: result: yes
configure:8779: checking if gcc static flag -static works
configure:8807: result: yes
configure:8822: checking if gcc supports -c -o file.o
configure:8843: gcc -c -g -O2  -o out/conftest2.o conftest.c >&5
configure:8847: $? = 0
configure:8869: result: yes
configure:8877: checking if gcc supports -c -o file.o
configure:8924: result: yes
configure:8957: checking whether the gcc linker (/usr/bin/ld -m elf_x86_64) supports shared libraries
configure:10220: result: yes
configure:10257: checking whether -lc should be explicitly linked in
configure:10265: gcc -c -g -O2  conftest.c >&5
configure:10268: $? = 0
configure:10283: gcc -shared  -fPIC -DPIC conftest.o  -v -Wl,-soname -Wl,conftest -o conftest 2\>\&1 \| /bin/grep  -lc  \>/dev/null 2\>\&1
configure:10286: $? = 0
configure:10300: result: no
configure:10460: checking dynamic linker characteristics
configure:11041: gcc -o conftest -g -O2   -Wl,-rpath -Wl,/foo conftest.c  >&5
configure:11041: $? = 0
configure:11290: result: GNU/Linux ld.so
configure:11412: checking how to hardcode library paths into programs
configure:11437: result: immediate
configure:11985: checking whether stripping libraries is possible
configure:11990: result: yes
configure:12025: checking if libtool supports shared libraries
configure:12027: result: yes
configure:12030: checking whether to build shared libraries
configure:12055: result: yes
configure:12058: checking whether to build static libraries
configure:12062: result: yes
configure:12166: checking for g++
configure:12182: found /usr/bin/g++
configure:12193: result: g++
configure:12220: checking for C++ compiler version
configure:12229: g++ --version >&5
g++ (Ubuntu 5.3.1-14ubuntu2) 5.3.1 20160413
Copyright (C) 2015 Free Software Foundation, Inc.
This is free software; see the source for copying conditions.  There is NO
warranty; not even for MERCHANTABILITY or FITNESS FOR A PARTICULAR PURPOSE.

configure:12240: $? = 0
configure:12229: g++ -v >&5
Using built-in specs.
COLLECT_GCC=g++
COLLECT_LTO_WRAPPER=/usr/lib/gcc/x86_64-linux-gnu/5/lto-wrapper
Target: x86_64-linux-gnu
Configured with: ../src/configure -v --with-pkgversion='Ubuntu 5.3.1-14ubuntu2' --with-bugurl=file:///usr/share/doc/gcc-5/README.Bugs --enable-languages=c,ada,c++,java,go,d,fortran,objc,obj-c++ --prefix=/usr --program-suffix=-5 --enable-shared --enable-linker-build-id --libexecdir=/usr/lib --without-included-gettext --enable-threads=posix --libdir=/usr/lib --enable-nls --with-sysroot=/ --enable-clocale=gnu --enable-libstdcxx-debug --enable-libstdcxx-time=yes --with-default-libstdcxx-abi=new --enable-gnu-unique-object --disable-vtable-verify --enable-libmpx --enable-plugin --with-system-zlib --disable-browser-plugin --enable-java-awt=gtk --enable-gtk-cairo --with-java-home=/usr/lib/jvm/java-1.5.0-gcj-5-amd64/jre --enable-java-home --with-jvm-root-dir=/usr/lib/jvm/java-1.5.0-gcj-5-amd64 --with-jvm-jar-dir=/usr/lib/jvm-exports/java-1.5.0-gcj-5-amd64 --with-arch-directory=amd64 --with-ecj-jar=/usr/share/java/eclipse-ecj.jar --enable-objc-gc --enable-multiarch --disable-werror --with-arch-32=i686 --with-abi=m64 --with-multilib-list=m32,m64,mx32 --enable-multilib --with-tune=generic --enable-checking=release --build=x86_64-linux-gnu --host=x86_64-linux-gnu --target=x86_64-linux-gnu
Thread model: posix
gcc version 5.3.1 20160413 (Ubuntu 5.3.1-14ubuntu2) 
configure:12240: $? = 0
configure:12229: g++ -V >&5
g++: error: unrecognized command line option '-V'
g++: fatal error: no input files
compilation terminated.
configure:12240: $? = 1
configure:12229: g++ -qversion >&5
g++: error: unrecognized command line option '-qversion'
g++: fatal error: no input files
compilation terminated.
configure:12240: $? = 1
configure:12244: checking whether we are using the GNU C++ compiler
configure:12263: g++ -c   conftest.cpp >&5
configure:12263: $? = 0
configure:12272: result: yes
configure:12281: checking whether g++ accepts -g
configure:12301: g++ -c -g  conftest.cpp >&5
configure:12301: $? = 0
configure:12342: result: yes
configure:12367: checking dependency style of g++
configure:12478: result: gcc3
configure:12511: checking how to run the C++ preprocessor
configure:12538: g++ -E  conftest.cpp
configure:12538: $? = 0
configure:12552: g++ -E  conftest.cpp
conftest.cpp:23:28: fatal error: ac_nonexistent.h: No such file or directory
compilation terminated.
configure:12552: $? = 1
configure: failed program was:
| /* confdefs.h */
| #define PACKAGE_NAME ""
| #define PACKAGE_TARNAME ""
| #define PACKAGE_VERSION ""
| #define PACKAGE_STRING ""
| #define PACKAGE_BUGREPORT ""
| #define PACKAGE_URL ""
| #define PACKAGE "kdeneur"
| #define VERSION "0.17.0"
| #define STDC_HEADERS 1
| #define HAVE_SYS_TYPES_H 1
| #define HAVE_SYS_STAT_H 1
| #define HAVE_STDLIB_H 1
| #define HAVE_STRING_H 1
| #define HAVE_MEMORY_H 1
| #define HAVE_STRINGS_H 1
| #define HAVE_INTTYPES_H 1
| #define HAVE_STDINT_H 1
| #define HAVE_UNISTD_H 1
| #define HAVE_DLFCN_H 1
| #define LT_OBJDIR ".libs/"
| /* end confdefs.h.  */
| #include <ac_nonexistent.h>
configure:12577: result: g++ -E
configure:12597: g++ -E  conftest.cpp
configure:12597: $? = 0
configure:12611: g++ -E  conftest.cpp
conftest.cpp:23:28: fatal error: ac_nonexistent.h: No such file or directory
compilation terminated.
configure:12611: $? = 1
configure: failed program was:
| /* confdefs.h */
| #define PACKAGE_NAME ""
| #define PACKAGE_TARNAME ""
| #define PACKAGE_VERSION ""
| #define PACKAGE_STRING ""
| #define PACKAGE_BUGREPORT ""
| #define PACKAGE_URL ""
| #define PACKAGE "kdeneur"
| #define VERSION "0.17.0"
| #define STDC_HEADERS 1
| #define HAVE_SYS_TYPES_H 1
| #define HAVE_SYS_STAT_H 1
| #define HAVE_STDLIB_H 1
| #define HAVE_STRING_H 1
| #define HAVE_MEMORY_H 1
| #define HAVE_STRINGS_H 1
| #define HAVE_INTTYPES_H 1
| #define HAVE_STDINT_H 1
| #define HAVE_UNISTD_H 1
| #define HAVE_DLFCN_H 1
| #define LT_OBJDIR ".libs/"
| /* end confdefs.h.  */
| #include <ac_nonexistent.h>
configure:12773: checking for ld used by g++
configure:12840: result: /usr/bin/ld -m elf_x86_64
configure:12847: checking if the linker (/usr/bin/ld -m elf_x86_64) is GNU ld
configure:12862: result: yes
configure:12917: checking whether the g++ linker (/usr/bin/ld -m elf_x86_64) supports shared libraries
configure:13990: result: yes
configure:14026: g++ -c -g -O2  conftest.cpp >&5
configure:14029: $? = 0
configure:14510: checking for g++ option to produce PIC
configure:14517: result: -fPIC -DPIC
configure:14525: checking if g++ PIC flag -fPIC -DPIC works
configure:14543: g++ -c -g -O2  -fPIC -DPIC -DPIC conftest.cpp >&5
configure:14547: $? = 0
configure:14560: result: yes
configure:14583: checking if g++ static flag -static works
configure:14611: result: yes
configure:14623: checking if g++ supports -c -o file.o
configure:14644: g++ -c -g -O2  -o out/conftest2.o conftest.cpp >&5
configure:14648: $? = 0
configure:14670: result: yes
configure:14675: checking if g++ supports -c -o file.o
configure:14722: result: yes
configure:14752: checking whether the g++ linker (/usr/bin/ld -m elf_x86_64) supports shared libraries
configure:14795: result: yes
configure:14936: checking dynamic linker characteristics
configure:15693: result: GNU/Linux ld.so
configure:15758: checking how to hardcode library paths into programs
configure:15783: result: immediate
configure:15823: checking whether make sets $(MAKE)
configure:15845: result: yes
configure:15855: checking for ANSI C header files
configure:15959: result: yes
configure:16017: checking for pkg-config
configure:16035: found /usr/bin/pkg-config
configure:16047: result: /usr/bin/pkg-config
configure:16072: checking pkg-config is at least version 0.20
configure:16075: result: yes
configure:16087: checking for X11
configure:16095: $PKG_CONFIG --exists --print-errors "x11 >= 1.1"
configure:16098: $? = 0
configure:16113: $PKG_CONFIG --exists --print-errors "x11 >= 1.1"
configure:16116: $? = 0
configure:16152: result: yes
configure:16856: checking for XNEURCONF
configure:16864: $PKG_CONFIG --exists --print-errors "xnconfig = 0.17.0"
configure:16867: $? = 0
configure:16882: $PKG_CONFIG --exists --print-errors "xnconfig = 0.17.0"
configure:16885: $? = 0
configure:16940: result: yes
configure:16946: checking for XNEURLIB
configure:16954: $PKG_CONFIG --exists --print-errors "xneur = 0.17.0"
configure:16957: $? = 0
configure:16972: $PKG_CONFIG --exists --print-errors "xneur = 0.17.0"
configure:16975: $? = 0
configure:17030: result: yes
configure:17037: checking for QTCORE
configure:17045: $PKG_CONFIG --exists --print-errors "QtCore"
Package QtCore was not found in the pkg-config search path.
Perhaps you should add the directory containing `QtCore.pc'
to the PKG_CONFIG_PATH environment variable
No package 'QtCore' found
configure:17048: $? = 1
configure:17063: $PKG_CONFIG --exists --print-errors "QtCore"
Package QtCore was not found in the pkg-config search path.
Perhaps you should add the directory containing `QtCore.pc'
to the PKG_CONFIG_PATH environment variable
No package 'QtCore' found
configure:17066: $? = 1
No package 'QtCore' found
configure:17094: error: Package requirements (QtCore) were not met:

No package 'QtCore' found

Consider adjusting the PKG_CONFIG_PATH environment variable if you
installed software in a non-standard prefix.

Alternatively, you may set the environment variables QTCORE_CFLAGS
and QTCORE_LIBS to avoid the need to call pkg-config.
See the pkg-config man page for more details.


## ---------------- ##
## Cache variables. ##
## ---------------- ##

ac_cv_build=x86_64-pc-linux-gnu
ac_cv_c_compiler_gnu=yes
ac_cv_cxx_compiler_gnu=yes
ac_cv_env_CCC_set=
ac_cv_env_CCC_value=
ac_cv_env_CC_set=
ac_cv_env_CC_value=
ac_cv_env_CFLAGS_set=
ac_cv_env_CFLAGS_value=
ac_cv_env_CPPFLAGS_set=
ac_cv_env_CPPFLAGS_value=
ac_cv_env_CPP_set=
ac_cv_env_CPP_value=
ac_cv_env_CXXCPP_set=
ac_cv_env_CXXCPP_value=
ac_cv_env_CXXFLAGS_set=
ac_cv_env_CXXFLAGS_value=
ac_cv_env_CXX_set=
ac_cv_env_CXX_value=
ac_cv_env_LDFLAGS_set=
ac_cv_env_LDFLAGS_value=
ac_cv_env_LIBS_set=
ac_cv_env_LIBS_value=
ac_cv_env_LT_SYS_LIBRARY_PATH_set=
ac_cv_env_LT_SYS_LIBRARY_PATH_value=
ac_cv_env_PKG_CONFIG_set=
ac_cv_env_PKG_CONFIG_value=
ac_cv_env_QTCORE_CFLAGS_set=
ac_cv_env_QTCORE_CFLAGS_value=
ac_cv_env_QTCORE_LIBS_set=
ac_cv_env_QTCORE_LIBS_value=
ac_cv_env_QTDBUS_CFLAGS_set=
ac_cv_env_QTDBUS_CFLAGS_value=
ac_cv_env_QTDBUS_LIBS_set=
ac_cv_env_QTDBUS_LIBS_value=
ac_cv_env_QTGUI_CFLAGS_set=
ac_cv_env_QTGUI_CFLAGS_value=
ac_cv_env_QTGUI_LIBS_set=
ac_cv_env_QTGUI_LIBS_value=
ac_cv_env_QTUITOOLS_CFLAGS_set=
ac_cv_env_QTUITOOLS_CFLAGS_value=
ac_cv_env_QTUITOOLS_LIBS_set=
ac_cv_env_QTUITOOLS_LIBS_value=
ac_cv_env_X11_CFLAGS_set=
ac_cv_env_X11_CFLAGS_value=
ac_cv_env_X11_LIBS_set=
ac_cv_env_X11_LIBS_value=
ac_cv_env_XMKMF_set=
ac_cv_env_XMKMF_value=
ac_cv_env_XNEURCONF_CFLAGS_set=
ac_cv_env_XNEURCONF_CFLAGS_value=
ac_cv_env_XNEURCONF_LIBS_set=
ac_cv_env_XNEURCONF_LIBS_value=
ac_cv_env_XNEURLIB_CFLAGS_set=
ac_cv_env_XNEURLIB_CFLAGS_value=
ac_cv_env_XNEURLIB_LIBS_set=
ac_cv_env_XNEURLIB_LIBS_value=
ac_cv_env_build_alias_set=
ac_cv_env_build_alias_value=
ac_cv_env_host_alias_set=
ac_cv_env_host_alias_value=
ac_cv_env_target_alias_set=
ac_cv_env_target_alias_value=
ac_cv_header_dlfcn_h=yes
ac_cv_header_inttypes_h=yes
ac_cv_header_memory_h=yes
ac_cv_header_stdc=yes
ac_cv_header_stdint_h=yes
ac_cv_header_stdlib_h=yes
ac_cv_header_string_h=yes
ac_cv_header_strings_h=yes
ac_cv_header_sys_stat_h=yes
ac_cv_header_sys_types_h=yes
ac_cv_header_unistd_h=yes
ac_cv_host=x86_64-pc-linux-gnu
ac_cv_objext=o
ac_cv_path_EGREP='/bin/grep -E'
ac_cv_path_FGREP='/bin/grep -F'
ac_cv_path_GREP=/bin/grep
ac_cv_path_SED=/bin/sed
ac_cv_path_ac_pt_PKG_CONFIG=/usr/bin/pkg-config
ac_cv_path_install='/usr/bin/install -c'
ac_cv_path_lt_DD=/bin/dd
ac_cv_path_mkdir=/bin/mkdir
ac_cv_prog_AWK=mawk
ac_cv_prog_CPP='gcc -E'
ac_cv_prog_CXXCPP='g++ -E'
ac_cv_prog_ac_ct_AR=ar
ac_cv_prog_ac_ct_CC=gcc
ac_cv_prog_ac_ct_CXX=g++
ac_cv_prog_ac_ct_MANIFEST_TOOL=mt
ac_cv_prog_ac_ct_OBJDUMP=objdump
ac_cv_prog_ac_ct_RANLIB=ranlib
ac_cv_prog_ac_ct_STRIP=strip
ac_cv_prog_cc_c89=
ac_cv_prog_cc_g=yes
ac_cv_prog_cxx_g=yes
ac_cv_prog_make_make_set=yes
am_cv_CC_dependencies_compiler_type=gcc3
am_cv_CXX_dependencies_compiler_type=gcc3
am_cv_make_support_nested_variables=yes
am_cv_prog_cc_c_o=yes
lt_cv_ar_at_file=@
lt_cv_archive_cmds_need_lc=no
lt_cv_deplibs_check_method=pass_all
lt_cv_file_magic_cmd='$MAGIC_CMD'
lt_cv_file_magic_test_file=
lt_cv_ld_reload_flag=-r
lt_cv_nm_interface='BSD nm'
lt_cv_objdir=.libs
lt_cv_path_LD=/usr/bin/ld
lt_cv_path_LDCXX='/usr/bin/ld -m elf_x86_64'
lt_cv_path_NM='/usr/bin/nm -B'
lt_cv_path_mainfest_tool=no
lt_cv_prog_compiler_c_o=yes
lt_cv_prog_compiler_c_o_CXX=yes
lt_cv_prog_compiler_pic='-fPIC -DPIC'
lt_cv_prog_compiler_pic_CXX='-fPIC -DPIC'
lt_cv_prog_compiler_pic_works=yes
lt_cv_prog_compiler_pic_works_CXX=yes
lt_cv_prog_compiler_rtti_exceptions=no
lt_cv_prog_compiler_static_works=yes
lt_cv_prog_compiler_static_works_CXX=yes
lt_cv_prog_gnu_ld=yes
lt_cv_prog_gnu_ldcxx=yes
lt_cv_sharedlib_from_linklib_cmd='printf %s\n'
lt_cv_shlibpath_overrides_runpath=no
lt_cv_sys_global_symbol_pipe='sed -n -e '\''s/^.*[	 ]\([ABCDGIRSTW][ABCDGIRSTW]*\)[	 ][	 ]*\([_A-Za-z][_A-Za-z0-9]*\)$/\1 \2 \2/p'\'' | sed '\''/ __gnu_lto/d'\'''
lt_cv_sys_global_symbol_to_c_name_address='sed -n -e '\''s/^: \(.*\) .*$/  {"\1", (void *) 0},/p'\'' -e '\''s/^[ABCDGIRSTW][ABCDGIRSTW]* .* \(.*\)$/  {"\1", (void *) \&\1},/p'\'''
lt_cv_sys_global_symbol_to_c_name_address_lib_prefix='sed -n -e '\''s/^: \(.*\) .*$/  {"\1", (void *) 0},/p'\'' -e '\''s/^[ABCDGIRSTW][ABCDGIRSTW]* .* \(lib.*\)$/  {"\1", (void *) \&\1},/p'\'' -e '\''s/^[ABCDGIRSTW][ABCDGIRSTW]* .* \(.*\)$/  {"lib\1", (void *) \&\1},/p'\'''
lt_cv_sys_global_symbol_to_cdecl='sed -n -e '\''s/^T .* \(.*\)$/extern int \1();/p'\'' -e '\''s/^[ABCDGIRSTW][ABCDGIRSTW]* .* \(.*\)$/extern char \1;/p'\'''
lt_cv_sys_global_symbol_to_import=
lt_cv_sys_max_cmd_len=1572864
lt_cv_to_host_file_cmd=func_convert_file_noop
lt_cv_to_tool_file_cmd=func_convert_file_noop
lt_cv_truncate_bin='/bin/dd bs=4096 count=1'
pkg_cv_X11_CFLAGS=
pkg_cv_X11_LIBS=-lX11
pkg_cv_XNEURCONF_CFLAGS=-I/usr/local/include
pkg_cv_XNEURCONF_LIBS='-L/usr/local/lib -lxnconfig -lpcre -lpthread -ldl -lpcre'
pkg_cv_XNEURLIB_CFLAGS=-I/usr/local/include
pkg_cv_XNEURLIB_LIBS='-L/usr/local/lib -lxneur -lpcre -lenchant -lpthread -ldl'

## ----------------- ##
## Output variables. ##
## ----------------- ##

ACLOCAL='${SHELL} /home/crew/develop/xneur/kdeneur/missing aclocal-1.15'
AMDEPBACKSLASH='\'
AMDEP_FALSE='#'
AMDEP_TRUE=''
AMTAR='$${TAR-tar}'
AM_BACKSLASH='\'
AM_DEFAULT_V='$(AM_DEFAULT_VERBOSITY)'
AM_DEFAULT_VERBOSITY='1'
AM_V='$(V)'
AR='ar'
AUTOCONF='${SHELL} /home/crew/develop/xneur/kdeneur/missing autoconf'
AUTOHEADER='${SHELL} /home/crew/develop/xneur/kdeneur/missing autoheader'
AUTOMAKE='${SHELL} /home/crew/develop/xneur/kdeneur/missing automake-1.15'
AWK='mawk'
CC='gcc'
CCDEPMODE='depmode=gcc3'
CFLAGS='-g -O2'
CPP='gcc -E'
CPPFLAGS=''
CXX='g++'
CXXCPP='g++ -E'
CXXDEPMODE='depmode=gcc3'
CXXFLAGS='-g -O2'
CYGPATH_W='echo'
DEFAULT_CFLAGS=''
DEFS=''
DEPDIR='.deps'
DLLTOOL='false'
DSYMUTIL=''
DUMPBIN=''
ECHO_C=''
ECHO_N='-n'
ECHO_T=''
EGREP='/bin/grep -E'
EXEEXT=''
FGREP='/bin/grep -F'
GMSGFMT=''
GMSGFMT_015=''
GREP='/bin/grep'
INSTALL_DATA='${INSTALL} -m 644'
INSTALL_PROGRAM='${INSTALL}'
INSTALL_SCRIPT='${INSTALL}'
INSTALL_STRIP_PROGRAM='$(install_sh) -c -s'
INTLLIBS=''
INTL_MACOSX_LIBS=''
LD='/usr/bin/ld -m elf_x86_64'
LDFLAGS=''
LIBICONV=''
LIBINTL=''
LIBOBJS=''
LIBS=''
LIBTOOL='$(SHELL) $(top_builddir)/libtool'
LIPO=''
LN_S='ln -s'
LTLIBICONV=''
LTLIBINTL=''
LTLIBOBJS=''
LT_SYS_LIBRARY_PATH=''
MAKEINFO='${SHELL} /home/crew/develop/xneur/kdeneur/missing makeinfo'
MANIFEST_TOOL=':'
MKDIR_P='/bin/mkdir -p'
MSGFMT=''
MSGFMT_015=''
MSGMERGE=''
NM='/usr/bin/nm -B'
NMEDIT=''
OBJDUMP='objdump'
OBJEXT='o'
OTOOL64=''
OTOOL=''
PACKAGE='kdeneur'
PACKAGE_BUGREPORT=''
PACKAGE_NAME=''
PACKAGE_STRING=''
PACKAGE_TARNAME=''
PACKAGE_URL=''
PACKAGE_VERSION=''
PATH_SEPARATOR=':'
PKG_CONFIG='/usr/bin/pkg-config'
POSUB=''
QTCORE_CFLAGS=''
QTCORE_LIBS=''
QTDBUS_CFLAGS=''
QTDBUS_LIBS=''
QTGUI_CFLAGS=''
QTGUI_LIBS=''
QTUITOOLS_CFLAGS=''
QTUITOOLS_LIBS=''
RANLIB='ranlib'
SED='/bin/sed'
SET_MAKE=''
SHELL='/bin/bash'
STRIP='strip'
USE_NLS=''
VERSION='0.17.0'
X11_CFLAGS=''
X11_LIBS='-lX11'
XGETTEXT=''
XGETTEXT_015=''
XMKMF=''
XNEURCONF_CFLAGS='-I/usr/local/include'
XNEURCONF_LIBS='-L/usr/local/lib -lxnconfig -lpcre -lpthread -ldl -lpcre'
XNEURLIB_CFLAGS='-I/usr/local/include'
XNEURLIB_LIBS='-L/usr/local/lib -lxneur -lpcre -lenchant -lpthread -ldl'
X_CFLAGS=''
X_EXTRA_LIBS=''
X_LIBS=''
X_PRE_LIBS=''
ac_ct_AR='ar'
ac_ct_CC='gcc'
ac_ct_CXX='g++'
ac_ct_DUMPBIN=''
am__EXEEXT_FALSE=''
am__EXEEXT_TRUE=''
am__fastdepCC_FALSE='#'
am__fastdepCC_TRUE=''
am__fastdepCXX_FALSE='#'
am__fastdepCXX_TRUE=''
am__include='include'
am__isrc=''
am__leading_dot='.'
am__nodep='_no'
am__quote=''
am__tar='$${TAR-tar} chof - "$$tardir"'
am__untar='$${TAR-tar} xf -'
bindir='${exec_prefix}/bin'
build='x86_64-pc-linux-gnu'
build_alias=''
build_cpu='x86_64'
build_os='linux-gnu'
build_vendor='pc'
datadir='${datarootdir}'
datarootdir='${prefix}/share'
docdir='${datarootdir}/doc/${PACKAGE}'
dvidir='${docdir}'
exec_prefix='NONE'
host='x86_64-pc-linux-gnu'
host_alias=''
host_cpu='x86_64'
host_os='linux-gnu'
host_vendor='pc'
htmldir='${docdir}'
includedir='${prefix}/include'
infodir='${datarootdir}/info'
install_sh='${SHELL} /home/crew/develop/xneur/kdeneur/install-sh'
libdir='${exec_prefix}/lib'
libexecdir='${exec_prefix}/libexec'
localedir='${datarootdir}/locale'
localstatedir='${prefix}/var'
mandir='${datarootdir}/man'
mkdir_p='$(MKDIR_P)'
oldincludedir='/usr/include'
pdfdir='${docdir}'
prefix='NONE'
program_transform_name='s,x,x,'
psdir='${docdir}'
runstatedir='${localstatedir}/run'
sbindir='${exec_prefix}/sbin'
sharedstatedir='${prefix}/com'
sysconfdir='${prefix}/etc'
target_alias=''

## ----------- ##
## confdefs.h. ##
## ----------- ##

/* confdefs.h */
#define PACKAGE_NAME ""
#define PACKAGE_TARNAME ""
#define PACKAGE_VERSION ""
#define PACKAGE_STRING ""
#define PACKAGE_BUGREPORT ""
#define PACKAGE_URL ""
#define PACKAGE "kdeneur"
#define VERSION "0.17.0"
#define STDC_HEADERS 1
#define HAVE_SYS_TYPES_H 1
#define HAVE_SYS_STAT_H 1
#define HAVE_STDLIB_H 1
#define HAVE_STRING_H 1
#define HAVE_MEMORY_H 1
#define HAVE_STRINGS_H 1
#define HAVE_INTTYPES_H 1
#define HAVE_STDINT_H 1
#define HAVE_UNISTD_H 1
#define HAVE_DLFCN_H 1
#define LT_OBJDIR ".libs/"
#define STDC_HEADERS 1

configure: exit 1
