This file contains any messages produced by compilers while
running configure, to aid debugging if configure makes a mistake.

It was created by xcurf configure 0.3, which was
generated by GNU Autoconf 2.69.  Invocation command line was

  $ ./configure --enable-maintainer-mode

## --------- ##
## Platform. ##
## --------- ##

hostname = crew-aspire-S3
uname -m = x86_64
uname -r = 3.8.0-32-generic
uname -s = Linux
uname -v = #47-Ubuntu SMP Tue Oct 1 22:35:23 UTC 2013

/usr/bin/uname -p = unknown
/bin/uname -X     = unknown

/bin/arch              = unknown
/usr/bin/arch -k       = unknown
/usr/convex/getsysinfo = unknown
/usr/bin/hostinfo      = unknown
/bin/machine           = unknown
/usr/bin/oslevel       = unknown
/bin/universe          = unknown

PATH: /usr/lib/lightdm/lightdm
PATH: /usr/local/sbin
PATH: /usr/local/bin
PATH: /usr/sbin
PATH: /usr/bin
PATH: /sbin
PATH: /bin
PATH: /usr/games
PATH: /usr/local/games


## ----------- ##
## Core tests. ##
## ----------- ##

configure:2323: checking for a BSD-compatible install
configure:2391: result: /usr/bin/install -c
configure:2402: checking whether build environment is sane
configure:2452: result: yes
configure:2593: checking for a thread-safe mkdir -p
configure:2632: result: /bin/mkdir -p
configure:2645: checking for gawk
configure:2675: result: no
configure:2645: checking for mawk
configure:2661: found /usr/bin/mawk
configure:2672: result: mawk
configure:2683: checking whether make sets $(MAKE)
configure:2705: result: yes
configure:2788: checking whether to enable maintainer-specific portions of Makefiles
configure:2797: result: yes
configure:2823: checking for style of include used by make
configure:2851: result: GNU
configure:2922: checking for gcc
configure:2938: found /usr/bin/gcc
configure:2949: result: gcc
configure:3178: checking for C compiler version
configure:3187: gcc --version >&5
gcc (Ubuntu/Linaro 4.7.3-1ubuntu1) 4.7.3
Copyright (C) 2012 Free Software Foundation, Inc.
This is free software; see the source for copying conditions.  There is NO
warranty; not even for MERCHANTABILITY or FITNESS FOR A PARTICULAR PURPOSE.

configure:3198: $? = 0
configure:3187: gcc -v >&5
Using built-in specs.
COLLECT_GCC=gcc
COLLECT_LTO_WRAPPER=/usr/lib/gcc/x86_64-linux-gnu/4.7/lto-wrapper
Target: x86_64-linux-gnu
Configured with: ../src/configure -v --with-pkgversion='Ubuntu/Linaro 4.7.3-1ubuntu1' --with-bugurl=file:///usr/share/doc/gcc-4.7/README.Bugs --enable-languages=c,c++,go,fortran,objc,obj-c++ --prefix=/usr --program-suffix=-4.7 --enable-shared --enable-linker-build-id --libexecdir=/usr/lib --without-included-gettext --enable-threads=posix --with-gxx-include-dir=/usr/include/c++/4.7 --libdir=/usr/lib --enable-nls --with-sysroot=/ --enable-clocale=gnu --enable-libstdcxx-debug --enable-libstdcxx-time=yes --enable-gnu-unique-object --enable-plugin --with-system-zlib --enable-objc-gc --with-cloog --enable-cloog-backend=ppl --disable-cloog-version-check --disable-ppl-version-check --enable-multiarch --disable-werror --with-arch-32=i686 --with-abi=m64 --with-multilib-list=m32,m64,mx32 --with-tune=generic --enable-checking=release --build=x86_64-linux-gnu --host=x86_64-linux-gnu --target=x86_64-linux-gnu
Thread model: posix
gcc version 4.7.3 (Ubuntu/Linaro 4.7.3-1ubuntu1) 
configure:3198: $? = 0
configure:3187: gcc -V >&5
gcc: error: unrecognized command line option '-V'
gcc: fatal error: no input files
compilation terminated.
configure:3198: $? = 4
configure:3187: gcc -qversion >&5
gcc: error: unrecognized command line option '-qversion'
gcc: fatal error: no input files
compilation terminated.
configure:3198: $? = 4
configure:3218: checking whether the C compiler works
configure:3240: gcc    conftest.c  >&5
configure:3244: $? = 0
configure:3292: result: yes
configure:3295: checking for C compiler default output file name
configure:3297: result: a.out
configure:3303: checking for suffix of executables
configure:3310: gcc -o conftest    conftest.c  >&5
configure:3314: $? = 0
configure:3336: result: 
configure:3358: checking whether we are cross compiling
configure:3366: gcc -o conftest    conftest.c  >&5
configure:3370: $? = 0
configure:3377: ./conftest
configure:3381: $? = 0
configure:3396: result: no
configure:3401: checking for suffix of object files
configure:3423: gcc -c   conftest.c >&5
configure:3427: $? = 0
configure:3448: result: o
configure:3452: checking whether we are using the GNU C compiler
configure:3471: gcc -c   conftest.c >&5
configure:3471: $? = 0
configure:3480: result: yes
configure:3489: checking whether gcc accepts -g
configure:3509: gcc -c -g  conftest.c >&5
configure:3509: $? = 0
configure:3550: result: yes
configure:3567: checking for gcc option to accept ISO C89
configure:3630: gcc  -c -g -O2  conftest.c >&5
configure:3630: $? = 0
configure:3643: result: none needed
configure:3665: checking dependency style of gcc
configure:3776: result: gcc3
configure:3792: checking for library containing strerror
configure:3823: gcc -o conftest -g -O2   conftest.c  >&5
configure:3823: $? = 0
configure:3840: result: none required
configure:3896: checking for gcc
configure:3923: result: gcc
configure:4152: checking for C compiler version
configure:4161: gcc --version >&5
gcc (Ubuntu/Linaro 4.7.3-1ubuntu1) 4.7.3
Copyright (C) 2012 Free Software Foundation, Inc.
This is free software; see the source for copying conditions.  There is NO
warranty; not even for MERCHANTABILITY or FITNESS FOR A PARTICULAR PURPOSE.

configure:4172: $? = 0
configure:4161: gcc -v >&5
Using built-in specs.
COLLECT_GCC=gcc
COLLECT_LTO_WRAPPER=/usr/lib/gcc/x86_64-linux-gnu/4.7/lto-wrapper
Target: x86_64-linux-gnu
Configured with: ../src/configure -v --with-pkgversion='Ubuntu/Linaro 4.7.3-1ubuntu1' --with-bugurl=file:///usr/share/doc/gcc-4.7/README.Bugs --enable-languages=c,c++,go,fortran,objc,obj-c++ --prefix=/usr --program-suffix=-4.7 --enable-shared --enable-linker-build-id --libexecdir=/usr/lib --without-included-gettext --enable-threads=posix --with-gxx-include-dir=/usr/include/c++/4.7 --libdir=/usr/lib --enable-nls --with-sysroot=/ --enable-clocale=gnu --enable-libstdcxx-debug --enable-libstdcxx-time=yes --enable-gnu-unique-object --enable-plugin --with-system-zlib --enable-objc-gc --with-cloog --enable-cloog-backend=ppl --disable-cloog-version-check --disable-ppl-version-check --enable-multiarch --disable-werror --with-arch-32=i686 --with-abi=m64 --with-multilib-list=m32,m64,mx32 --with-tune=generic --enable-checking=release --build=x86_64-linux-gnu --host=x86_64-linux-gnu --target=x86_64-linux-gnu
Thread model: posix
gcc version 4.7.3 (Ubuntu/Linaro 4.7.3-1ubuntu1) 
configure:4172: $? = 0
configure:4161: gcc -V >&5
gcc: error: unrecognized command line option '-V'
gcc: fatal error: no input files
compilation terminated.
configure:4172: $? = 4
configure:4161: gcc -qversion >&5
gcc: error: unrecognized command line option '-qversion'
gcc: fatal error: no input files
compilation terminated.
configure:4172: $? = 4
configure:4176: checking whether we are using the GNU C compiler
configure:4204: result: yes
configure:4213: checking whether gcc accepts -g
configure:4274: result: yes
configure:4291: checking for gcc option to accept ISO C89
configure:4367: result: none needed
configure:4389: checking dependency style of gcc
configure:4500: result: gcc3
configure:4563: checking for gcc
configure:4590: result: gcc
configure:4819: checking for C compiler version
configure:4828: gcc --version >&5
gcc (Ubuntu/Linaro 4.7.3-1ubuntu1) 4.7.3
Copyright (C) 2012 Free Software Foundation, Inc.
This is free software; see the source for copying conditions.  There is NO
warranty; not even for MERCHANTABILITY or FITNESS FOR A PARTICULAR PURPOSE.

configure:4839: $? = 0
configure:4828: gcc -v >&5
Using built-in specs.
COLLECT_GCC=gcc
COLLECT_LTO_WRAPPER=/usr/lib/gcc/x86_64-linux-gnu/4.7/lto-wrapper
Target: x86_64-linux-gnu
Configured with: ../src/configure -v --with-pkgversion='Ubuntu/Linaro 4.7.3-1ubuntu1' --with-bugurl=file:///usr/share/doc/gcc-4.7/README.Bugs --enable-languages=c,c++,go,fortran,objc,obj-c++ --prefix=/usr --program-suffix=-4.7 --enable-shared --enable-linker-build-id --libexecdir=/usr/lib --without-included-gettext --enable-threads=posix --with-gxx-include-dir=/usr/include/c++/4.7 --libdir=/usr/lib --enable-nls --with-sysroot=/ --enable-clocale=gnu --enable-libstdcxx-debug --enable-libstdcxx-time=yes --enable-gnu-unique-object --enable-plugin --with-system-zlib --enable-objc-gc --with-cloog --enable-cloog-backend=ppl --disable-cloog-version-check --disable-ppl-version-check --enable-multiarch --disable-werror --with-arch-32=i686 --with-abi=m64 --with-multilib-list=m32,m64,mx32 --with-tune=generic --enable-checking=release --build=x86_64-linux-gnu --host=x86_64-linux-gnu --target=x86_64-linux-gnu
Thread model: posix
gcc version 4.7.3 (Ubuntu/Linaro 4.7.3-1ubuntu1) 
configure:4839: $? = 0
configure:4828: gcc -V >&5
gcc: error: unrecognized command line option '-V'
gcc: fatal error: no input files
compilation terminated.
configure:4839: $? = 4
configure:4828: gcc -qversion >&5
gcc: error: unrecognized command line option '-qversion'
gcc: fatal error: no input files
compilation terminated.
configure:4839: $? = 4
configure:4843: checking whether we are using the GNU C compiler
configure:4871: result: yes
configure:4880: checking whether gcc accepts -g
configure:4941: result: yes
configure:4958: checking for gcc option to accept ISO C89
configure:5034: result: none needed
configure:5056: checking dependency style of gcc
configure:5167: result: gcc3
configure:5190: checking how to run the C preprocessor
configure:5221: gcc -E  conftest.c
configure:5221: $? = 0
configure:5235: gcc -E  conftest.c
conftest.c:11:28: fatal error: ac_nonexistent.h: No such file or directory
compilation terminated.
configure:5235: $? = 1
configure: failed program was:
| /* confdefs.h */
| #define PACKAGE_NAME "xcurf"
| #define PACKAGE_TARNAME "xcurf"
| #define PACKAGE_VERSION "0.3"
| #define PACKAGE_STRING "xcurf 0.3"
| #define PACKAGE_BUGREPORT ""
| #define PACKAGE_URL ""
| #define PACKAGE "xcurf"
| #define VERSION "0.3"
| /* end confdefs.h.  */
| #include <ac_nonexistent.h>
configure:5260: result: gcc -E
configure:5280: gcc -E  conftest.c
configure:5280: $? = 0
configure:5294: gcc -E  conftest.c
conftest.c:11:28: fatal error: ac_nonexistent.h: No such file or directory
compilation terminated.
configure:5294: $? = 1
configure: failed program was:
| /* confdefs.h */
| #define PACKAGE_NAME "xcurf"
| #define PACKAGE_TARNAME "xcurf"
| #define PACKAGE_VERSION "0.3"
| #define PACKAGE_STRING "xcurf 0.3"
| #define PACKAGE_BUGREPORT ""
| #define PACKAGE_URL ""
| #define PACKAGE "xcurf"
| #define VERSION "0.3"
| /* end confdefs.h.  */
| #include <ac_nonexistent.h>
configure:5323: checking for grep that handles long lines and -e
configure:5381: result: /bin/grep
configure:5386: checking for egrep
configure:5448: result: /bin/grep -E
configure:5453: checking for ANSI C header files
configure:5473: gcc -c -g -O2  conftest.c >&5
configure:5473: $? = 0
configure:5546: gcc -o conftest -g -O2   conftest.c  >&5
configure:5546: $? = 0
configure:5546: ./conftest
configure:5546: $? = 0
configure:5557: result: yes
configure:5581: checking for sys/types.h
configure:5581: gcc -c -g -O2  conftest.c >&5
configure:5581: $? = 0
configure:5581: result: yes
configure:5581: checking for sys/stat.h
configure:5581: gcc -c -g -O2  conftest.c >&5
configure:5581: $? = 0
configure:5581: result: yes
configure:5581: checking for stdlib.h
configure:5581: gcc -c -g -O2  conftest.c >&5
configure:5581: $? = 0
configure:5581: result: yes
configure:5581: checking for string.h
configure:5581: gcc -c -g -O2  conftest.c >&5
configure:5581: $? = 0
configure:5581: result: yes
configure:5581: checking for memory.h
configure:5581: gcc -c -g -O2  conftest.c >&5
configure:5581: $? = 0
configure:5581: result: yes
configure:5581: checking for strings.h
configure:5581: gcc -c -g -O2  conftest.c >&5
configure:5581: $? = 0
configure:5581: result: yes
configure:5581: checking for inttypes.h
configure:5581: gcc -c -g -O2  conftest.c >&5
configure:5581: $? = 0
configure:5581: result: yes
configure:5581: checking for stdint.h
configure:5581: gcc -c -g -O2  conftest.c >&5
configure:5581: $? = 0
configure:5581: result: yes
configure:5581: checking for unistd.h
configure:5581: gcc -c -g -O2  conftest.c >&5
configure:5581: $? = 0
configure:5581: result: yes
configure:5596: checking locale.h usability
configure:5596: gcc -c -g -O2  conftest.c >&5
configure:5596: $? = 0
configure:5596: result: yes
configure:5596: checking locale.h presence
configure:5596: gcc -E  conftest.c
configure:5596: $? = 0
configure:5596: result: yes
configure:5596: checking for locale.h
configure:5596: result: yes
configure:5607: checking for LC_MESSAGES
configure:5623: gcc -o conftest -g -O2   conftest.c  >&5
configure:5623: $? = 0
configure:5631: result: yes
configure:5648: checking libintl.h usability
configure:5648: gcc -c -g -O2  conftest.c >&5
configure:5648: $? = 0
configure:5648: result: yes
configure:5648: checking libintl.h presence
configure:5648: gcc -E  conftest.c
configure:5648: $? = 0
configure:5648: result: yes
configure:5648: checking for libintl.h
configure:5648: result: yes
configure:5656: checking for ngettext in libc
configure:5674: gcc -o conftest -g -O2   conftest.c  >&5
configure:5674: $? = 0
configure:5683: result: yes
configure:5687: checking for dgettext in libc
configure:5705: gcc -o conftest -g -O2   conftest.c  >&5
configure:5705: $? = 0
configure:5714: result: yes
configure:5721: checking for bind_textdomain_codeset
configure:5721: gcc -o conftest -g -O2   conftest.c  >&5
configure:5721: $? = 0
configure:5721: result: yes
configure:5997: checking for msgfmt
configure:6024: result: /usr/bin/msgfmt
configure:6035: checking for dcgettext
configure:6035: gcc -o conftest -g -O2   conftest.c   >&5
conftest.c:49:6: warning: conflicting types for built-in function 'dcgettext' [enabled by default]
configure:6035: $? = 0
configure:6035: result: yes
configure:6045: checking if msgfmt accepts -c
configure:6060: $MSGFMT -c -o /dev/null conftest.foo
configure:6063: $? = 0
configure:6065: result: yes
configure:6075: checking for gmsgfmt
configure:6106: result: /usr/bin/msgfmt
configure:6116: checking for xgettext
configure:6143: result: /usr/bin/xgettext
configure:6162: gcc -o conftest -g -O2   conftest.c   >&5
configure:6162: $? = 0
configure:6302: checking whether NLS is requested
configure:6311: result: yes
configure:6329: checking for intltool >= 0.35.0
configure:6331: result: 0.50.2 found
configure:6339: checking for intltool-update
configure:6357: found /usr/bin/intltool-update
configure:6369: result: /usr/bin/intltool-update
configure:6379: checking for intltool-merge
configure:6397: found /usr/bin/intltool-merge
configure:6409: result: /usr/bin/intltool-merge
configure:6419: checking for intltool-extract
configure:6437: found /usr/bin/intltool-extract
configure:6449: result: /usr/bin/intltool-extract
configure:6603: checking for xgettext
configure:6633: result: /usr/bin/xgettext
configure:6643: checking for msgmerge
configure:6661: found /usr/bin/msgmerge
configure:6673: result: /usr/bin/msgmerge
configure:6683: checking for msgfmt
configure:6713: result: /usr/bin/msgfmt
configure:6723: checking for gmsgfmt
configure:6754: result: /usr/bin/msgfmt
configure:6774: checking for perl
configure:6792: found /usr/bin/perl
configure:6804: result: /usr/bin/perl
configure:6815: checking for perl >= 5.8.1
configure:6822: result: 5.14.2
configure:6826: checking for XML::Parser
configure:6829: result: ok
configure:6912: checking build system type
configure:6926: result: x86_64-unknown-linux-gnu
configure:6946: checking host system type
configure:6959: result: x86_64-unknown-linux-gnu
configure:7000: checking how to print strings
configure:7027: result: printf
configure:7048: checking for a sed that does not truncate output
configure:7112: result: /bin/sed
configure:7130: checking for fgrep
configure:7192: result: /bin/grep -F
configure:7227: checking for ld used by gcc
configure:7294: result: /usr/bin/ld
configure:7301: checking if the linker (/usr/bin/ld) is GNU ld
configure:7316: result: yes
configure:7328: checking for BSD- or MS-compatible name lister (nm)
configure:7377: result: /usr/bin/nm -B
configure:7507: checking the name lister (/usr/bin/nm -B) interface
configure:7514: gcc -c -g -O2  conftest.c >&5
configure:7517: /usr/bin/nm -B "conftest.o"
configure:7520: output
0000000000000000 B some_variable
configure:7527: result: BSD nm
configure:7530: checking whether ln -s works
configure:7534: result: yes
configure:7542: checking the maximum length of command line arguments
configure:7673: result: 1572864
configure:7690: checking whether the shell understands some XSI constructs
configure:7700: result: yes
configure:7704: checking whether the shell understands "+="
configure:7710: result: yes
configure:7745: checking how to convert x86_64-unknown-linux-gnu file names to x86_64-unknown-linux-gnu format
configure:7785: result: func_convert_file_noop
configure:7792: checking how to convert x86_64-unknown-linux-gnu file names to toolchain format
configure:7812: result: func_convert_file_noop
configure:7819: checking for /usr/bin/ld option to reload object files
configure:7826: result: -r
configure:7900: checking for objdump
configure:7916: found /usr/bin/objdump
configure:7927: result: objdump
configure:7959: checking how to recognize dependent libraries
configure:8157: result: pass_all
configure:8242: checking for dlltool
configure:8272: result: no
configure:8302: checking how to associate runtime and link libraries
configure:8329: result: printf %s\n
configure:8389: checking for ar
configure:8405: found /usr/bin/ar
configure:8416: result: ar
configure:8453: checking for archiver @FILE support
configure:8470: gcc -c -g -O2  conftest.c >&5
configure:8470: $? = 0
configure:8473: ar cru libconftest.a @conftest.lst >&5
configure:8476: $? = 0
configure:8481: ar cru libconftest.a @conftest.lst >&5
ar: conftest.o: No such file or directory
configure:8484: $? = 1
configure:8496: result: @
configure:8554: checking for strip
configure:8570: found /usr/bin/strip
configure:8581: result: strip
configure:8653: checking for ranlib
configure:8669: found /usr/bin/ranlib
configure:8680: result: ranlib
configure:8782: checking command to parse /usr/bin/nm -B output from gcc object
configure:8902: gcc -c -g -O2  conftest.c >&5
configure:8905: $? = 0
configure:8909: /usr/bin/nm -B conftest.o \| sed -n -e 's/^.*[ ]\([ABCDGIRSTW][ABCDGIRSTW]*\)[ ][ ]*\([_A-Za-z][_A-Za-z0-9]*\)$/\1 \2 \2/p' | sed '/ __gnu_lto/d' \> conftest.nm
configure:8912: $? = 0
configure:8978: gcc -o conftest -g -O2   conftest.c conftstm.o >&5
configure:8981: $? = 0
configure:9019: result: ok
configure:9056: checking for sysroot
configure:9086: result: no
configure:9163: gcc -c -g -O2  conftest.c >&5
configure:9166: $? = 0
configure:9349: checking for mt
configure:9365: found /bin/mt
configure:9376: result: mt
configure:9399: checking if mt is a manifest tool
configure:9405: mt '-?'
configure:9413: result: no
configure:10052: checking for dlfcn.h
configure:10052: gcc -c -g -O2  conftest.c >&5
configure:10052: $? = 0
configure:10052: result: yes
configure:10258: checking for objdir
configure:10273: result: .libs
configure:10540: checking if gcc supports -fno-rtti -fno-exceptions
configure:10558: gcc -c -g -O2  -fno-rtti -fno-exceptions conftest.c >&5
cc1: warning: command line option '-fno-rtti' is valid for C++/ObjC++ but not for C [enabled by default]
configure:10562: $? = 0
configure:10575: result: no
configure:10902: checking for gcc option to produce PIC
configure:10909: result: -fPIC -DPIC
configure:10917: checking if gcc PIC flag -fPIC -DPIC works
configure:10935: gcc -c -g -O2  -fPIC -DPIC -DPIC conftest.c >&5
configure:10939: $? = 0
configure:10952: result: yes
configure:10981: checking if gcc static flag -static works
configure:11009: result: yes
configure:11024: checking if gcc supports -c -o file.o
configure:11045: gcc -c -g -O2  -o out/conftest2.o conftest.c >&5
configure:11049: $? = 0
configure:11071: result: yes
configure:11079: checking if gcc supports -c -o file.o
configure:11126: result: yes
configure:11159: checking whether the gcc linker (/usr/bin/ld -m elf_x86_64) supports shared libraries
configure:12316: result: yes
configure:12353: checking whether -lc should be explicitly linked in
configure:12361: gcc -c -g -O2  conftest.c >&5
configure:12364: $? = 0
configure:12379: gcc -shared  -fPIC -DPIC conftest.o  -v -Wl,-soname -Wl,conftest -o conftest 2\>\&1 \| /bin/grep  -lc  \>/dev/null 2\>\&1
configure:12382: $? = 0
configure:12396: result: no
configure:12556: checking dynamic linker characteristics
configure:13056: gcc -o conftest -g -O2   -Wl,-rpath -Wl,/foo conftest.c  >&5
configure:13056: $? = 0
configure:13290: result: GNU/Linux ld.so
configure:13397: checking how to hardcode library paths into programs
configure:13422: result: immediate
configure:13962: checking whether stripping libraries is possible
configure:13967: result: yes
configure:14002: checking if libtool supports shared libraries
configure:14004: result: yes
configure:14007: checking whether to build shared libraries
configure:14028: result: yes
configure:14031: checking whether to build static libraries
configure:14035: result: yes
configure:14128: checking for pkg-config
configure:14146: found /usr/bin/pkg-config
configure:14158: result: /usr/bin/pkg-config
configure:14183: checking pkg-config is at least version 0.9.0
configure:14186: result: yes
configure:14196: checking for X11
configure:14203: $PKG_CONFIG --exists --print-errors "x11 >= 1.1"
configure:14206: $? = 0
configure:14220: $PKG_CONFIG --exists --print-errors "x11 >= 1.1"
configure:14223: $? = 0
configure:14261: result: yes
configure:14969: checking for imlib2-config bin
configure:14972: result: found at /usr/bin
configure:15137: creating ./config.status

## ---------------------- ##
## Running config.status. ##
## ---------------------- ##

This file was extended by xcurf config.status 0.3, which was
generated by GNU Autoconf 2.69.  Invocation command line was

  CONFIG_FILES    = 
  CONFIG_HEADERS  = 
  CONFIG_LINKS    = 
  CONFIG_COMMANDS = 
  $ ./config.status 

on crew-aspire-S3

config.status:1173: creating Makefile
config.status:1173: creating src/Makefile
config.status:1173: creating pixmaps/Makefile
config.status:1173: creating po/Makefile.in
config.status:1173: creating config.h
config.status:1402: executing depfiles commands
config.status:1402: executing default-1 commands
config.status:1402: executing libtool commands
config.status:1402: executing po/stamp-it commands

## ---------------- ##
## Cache variables. ##
## ---------------- ##

ac_cv_build=x86_64-unknown-linux-gnu
ac_cv_c_compiler_gnu=yes
ac_cv_env_CC_set=
ac_cv_env_CC_value=
ac_cv_env_CFLAGS_set=
ac_cv_env_CFLAGS_value=
ac_cv_env_CPPFLAGS_set=
ac_cv_env_CPPFLAGS_value=
ac_cv_env_CPP_set=
ac_cv_env_CPP_value=
ac_cv_env_LDFLAGS_set=
ac_cv_env_LDFLAGS_value=
ac_cv_env_LIBS_set=
ac_cv_env_LIBS_value=
ac_cv_env_PKG_CONFIG_LIBDIR_set=
ac_cv_env_PKG_CONFIG_LIBDIR_value=
ac_cv_env_PKG_CONFIG_PATH_set=
ac_cv_env_PKG_CONFIG_PATH_value=
ac_cv_env_PKG_CONFIG_set=
ac_cv_env_PKG_CONFIG_value=
ac_cv_env_X11_CFLAGS_set=
ac_cv_env_X11_CFLAGS_value=
ac_cv_env_X11_LIBS_set=
ac_cv_env_X11_LIBS_value=
ac_cv_env_XMKMF_set=
ac_cv_env_XMKMF_value=
ac_cv_env_build_alias_set=
ac_cv_env_build_alias_value=
ac_cv_env_host_alias_set=
ac_cv_env_host_alias_value=
ac_cv_env_target_alias_set=
ac_cv_env_target_alias_value=
ac_cv_func_bind_textdomain_codeset=yes
ac_cv_func_dcgettext=yes
ac_cv_header_dlfcn_h=yes
ac_cv_header_inttypes_h=yes
ac_cv_header_libintl_h=yes
ac_cv_header_locale_h=yes
ac_cv_header_memory_h=yes
ac_cv_header_stdc=yes
ac_cv_header_stdint_h=yes
ac_cv_header_stdlib_h=yes
ac_cv_header_string_h=yes
ac_cv_header_strings_h=yes
ac_cv_header_sys_stat_h=yes
ac_cv_header_sys_types_h=yes
ac_cv_header_unistd_h=yes
ac_cv_host=x86_64-unknown-linux-gnu
ac_cv_objext=o
ac_cv_path_EGREP='/bin/grep -E'
ac_cv_path_FGREP='/bin/grep -F'
ac_cv_path_GMSGFMT=/usr/bin/msgfmt
ac_cv_path_GREP=/bin/grep
ac_cv_path_INTLTOOL_EXTRACT=/usr/bin/intltool-extract
ac_cv_path_INTLTOOL_MERGE=/usr/bin/intltool-merge
ac_cv_path_INTLTOOL_PERL=/usr/bin/perl
ac_cv_path_INTLTOOL_UPDATE=/usr/bin/intltool-update
ac_cv_path_MSGFMT=/usr/bin/msgfmt
ac_cv_path_MSGMERGE=/usr/bin/msgmerge
ac_cv_path_SED=/bin/sed
ac_cv_path_XGETTEXT=/usr/bin/xgettext
ac_cv_path_ac_pt_PKG_CONFIG=/usr/bin/pkg-config
ac_cv_path_install='/usr/bin/install -c'
ac_cv_path_mkdir=/bin/mkdir
ac_cv_prog_AWK=mawk
ac_cv_prog_CPP='gcc -E'
ac_cv_prog_ac_ct_AR=ar
ac_cv_prog_ac_ct_CC=gcc
ac_cv_prog_ac_ct_MANIFEST_TOOL=mt
ac_cv_prog_ac_ct_OBJDUMP=objdump
ac_cv_prog_ac_ct_RANLIB=ranlib
ac_cv_prog_ac_ct_STRIP=strip
ac_cv_prog_cc_c89=
ac_cv_prog_cc_g=yes
ac_cv_prog_make_make_set=yes
ac_cv_search_strerror='none required'
am_cv_CC_dependencies_compiler_type=gcc3
am_cv_prog_cc_stdc=
am_cv_val_LC_MESSAGES=yes
gt_cv_func_dgettext_libc=yes
gt_cv_func_dgettext_libintl=no
gt_cv_func_ngettext_libc=yes
gt_cv_have_gettext=yes
lt_cv_ar_at_file=@
lt_cv_archive_cmds_need_lc=no
lt_cv_deplibs_check_method=pass_all
lt_cv_file_magic_cmd='$MAGIC_CMD'
lt_cv_file_magic_test_file=
lt_cv_ld_reload_flag=-r
lt_cv_nm_interface='BSD nm'
lt_cv_objdir=.libs
lt_cv_path_LD=/usr/bin/ld
lt_cv_path_NM='/usr/bin/nm -B'
lt_cv_path_mainfest_tool=no
lt_cv_prog_compiler_c_o=yes
lt_cv_prog_compiler_pic='-fPIC -DPIC'
lt_cv_prog_compiler_pic_works=yes
lt_cv_prog_compiler_rtti_exceptions=no
lt_cv_prog_compiler_static_works=yes
lt_cv_prog_gnu_ld=yes
lt_cv_sharedlib_from_linklib_cmd='printf %s\n'
lt_cv_shlibpath_overrides_runpath=no
lt_cv_sys_global_symbol_pipe='sed -n -e '\''s/^.*[	 ]\([ABCDGIRSTW][ABCDGIRSTW]*\)[	 ][	 ]*\([_A-Za-z][_A-Za-z0-9]*\)$/\1 \2 \2/p'\'' | sed '\''/ __gnu_lto/d'\'''
lt_cv_sys_global_symbol_to_c_name_address='sed -n -e '\''s/^: \([^ ]*\)[ ]*$/  {\"\1\", (void *) 0},/p'\'' -e '\''s/^[ABCDGIRSTW]* \([^ ]*\) \([^ ]*\)$/  {"\2", (void *) \&\2},/p'\'''
lt_cv_sys_global_symbol_to_c_name_address_lib_prefix='sed -n -e '\''s/^: \([^ ]*\)[ ]*$/  {\"\1\", (void *) 0},/p'\'' -e '\''s/^[ABCDGIRSTW]* \([^ ]*\) \(lib[^ ]*\)$/  {"\2", (void *) \&\2},/p'\'' -e '\''s/^[ABCDGIRSTW]* \([^ ]*\) \([^ ]*\)$/  {"lib\2", (void *) \&\2},/p'\'''
lt_cv_sys_global_symbol_to_cdecl='sed -n -e '\''s/^T .* \(.*\)$/extern int \1();/p'\'' -e '\''s/^[ABCDGIRSTW]* .* \(.*\)$/extern char \1;/p'\'''
lt_cv_sys_max_cmd_len=1572864
lt_cv_to_host_file_cmd=func_convert_file_noop
lt_cv_to_tool_file_cmd=func_convert_file_noop
pkg_cv_X11_CFLAGS=' '
pkg_cv_X11_LIBS='-lX11  '

## ----------------- ##
## Output variables. ##
## ----------------- ##

ACLOCAL='${SHELL} /home/crew/develop/xneur/xcurf/missing --run aclocal-1.11'
ALL_LINGUAS=''
AMDEPBACKSLASH='\'
AMDEP_FALSE='#'
AMDEP_TRUE=''
AMTAR='$${TAR-tar}'
AM_DEFAULT_VERBOSITY='1'
AR='ar'
AUTOCONF='${SHELL} /home/crew/develop/xneur/xcurf/missing --run autoconf'
AUTOHEADER='${SHELL} /home/crew/develop/xneur/xcurf/missing --run autoheader'
AUTOMAKE='${SHELL} /home/crew/develop/xneur/xcurf/missing --run automake-1.11'
AWK='mawk'
CATALOGS=''
CATOBJEXT='.gmo'
CC='gcc'
CCDEPMODE='depmode=gcc3'
CFLAGS='-g -O2'
CPP='gcc -E'
CPPFLAGS=''
CYGPATH_W='echo'
DATADIRNAME='share'
DEFS='-DHAVE_CONFIG_H'
DEPDIR='.deps'
DLLTOOL='false'
DSYMUTIL=''
DUMPBIN=''
ECHO_C=''
ECHO_N='-n'
ECHO_T=''
EGREP='/bin/grep -E'
EXEEXT=''
FGREP='/bin/grep -F'
GETTEXT_PACKAGE='xcurf'
GMOFILES=''
GMSGFMT='/usr/bin/msgfmt'
GREP='/bin/grep'
IMLIB2_CFLAGS=''
IMLIB2_LIBS='-L/usr/lib -lImlib2 -L/usr/lib/x86_64-linux-gnu -lfreetype -lz -lX11 -lXext -ldl -lm'
INSTALL_DATA='${INSTALL} -m 644'
INSTALL_PROGRAM='${INSTALL}'
INSTALL_SCRIPT='${INSTALL}'
INSTALL_STRIP_PROGRAM='$(install_sh) -c -s'
INSTOBJEXT='.mo'
INTLLIBS=''
INTLTOOL_CAVES_RULE='%.caves:     %.caves.in     $(INTLTOOL_MERGE) $(wildcard $(top_srcdir)/po/*.po) ; $(INTLTOOL_V_MERGE)LC_ALL=C $(INTLTOOL_MERGE) $(INTLTOOL_V_MERGE_OPTIONS) -d -u -c $(top_builddir)/po/.intltool-merge-cache $(top_srcdir)/po $< $@'
INTLTOOL_DESKTOP_RULE='%.desktop:   %.desktop.in   $(INTLTOOL_MERGE) $(wildcard $(top_srcdir)/po/*.po) ; $(INTLTOOL_V_MERGE)LC_ALL=C $(INTLTOOL_MERGE) $(INTLTOOL_V_MERGE_OPTIONS) -d -u -c $(top_builddir)/po/.intltool-merge-cache $(top_srcdir)/po $< $@'
INTLTOOL_DIRECTORY_RULE='%.directory: %.directory.in $(INTLTOOL_MERGE) $(wildcard $(top_srcdir)/po/*.po) ; $(INTLTOOL_V_MERGE)LC_ALL=C $(INTLTOOL_MERGE) $(INTLTOOL_V_MERGE_OPTIONS) -d -u -c $(top_builddir)/po/.intltool-merge-cache $(top_srcdir)/po $< $@'
INTLTOOL_EXTRACT='/usr/bin/intltool-extract'
INTLTOOL_KBD_RULE='%.kbd:       %.kbd.in       $(INTLTOOL_MERGE) $(wildcard $(top_srcdir)/po/*.po) ; $(INTLTOOL_V_MERGE)LC_ALL=C $(INTLTOOL_MERGE) $(INTLTOOL_V_MERGE_OPTIONS) -x -u -m -c $(top_builddir)/po/.intltool-merge-cache $(top_srcdir)/po $< $@'
INTLTOOL_KEYS_RULE='%.keys:      %.keys.in      $(INTLTOOL_MERGE) $(wildcard $(top_srcdir)/po/*.po) ; $(INTLTOOL_V_MERGE)LC_ALL=C $(INTLTOOL_MERGE) $(INTLTOOL_V_MERGE_OPTIONS) -k -u -c $(top_builddir)/po/.intltool-merge-cache $(top_srcdir)/po $< $@'
INTLTOOL_MERGE='/usr/bin/intltool-merge'
INTLTOOL_OAF_RULE='%.oaf:       %.oaf.in       $(INTLTOOL_MERGE) $(wildcard $(top_srcdir)/po/*.po) ; $(INTLTOOL_V_MERGE)LC_ALL=C $(INTLTOOL_MERGE) $(INTLTOOL_V_MERGE_OPTIONS) -o -p $(top_srcdir)/po $< $@'
INTLTOOL_PERL='/usr/bin/perl'
INTLTOOL_POLICY_RULE='%.policy:    %.policy.in    $(INTLTOOL_MERGE) $(wildcard $(top_srcdir)/po/*.po) ; $(INTLTOOL_V_MERGE)LC_ALL=C $(INTLTOOL_MERGE) $(INTLTOOL_V_MERGE_OPTIONS) -x -u -c $(top_builddir)/po/.intltool-merge-cache $(top_srcdir)/po $< $@'
INTLTOOL_PONG_RULE='%.pong:      %.pong.in      $(INTLTOOL_MERGE) $(wildcard $(top_srcdir)/po/*.po) ; $(INTLTOOL_V_MERGE)LC_ALL=C $(INTLTOOL_MERGE) $(INTLTOOL_V_MERGE_OPTIONS) -x -u -c $(top_builddir)/po/.intltool-merge-cache $(top_srcdir)/po $< $@'
INTLTOOL_PROP_RULE='%.prop:      %.prop.in      $(INTLTOOL_MERGE) $(wildcard $(top_srcdir)/po/*.po) ; $(INTLTOOL_V_MERGE)LC_ALL=C $(INTLTOOL_MERGE) $(INTLTOOL_V_MERGE_OPTIONS) -d -u -c $(top_builddir)/po/.intltool-merge-cache $(top_srcdir)/po $< $@'
INTLTOOL_SCHEMAS_RULE='%.schemas:   %.schemas.in   $(INTLTOOL_MERGE) $(wildcard $(top_srcdir)/po/*.po) ; $(INTLTOOL_V_MERGE)LC_ALL=C $(INTLTOOL_MERGE) $(INTLTOOL_V_MERGE_OPTIONS) -s -u -c $(top_builddir)/po/.intltool-merge-cache $(top_srcdir)/po $< $@'
INTLTOOL_SERVER_RULE='%.server:    %.server.in    $(INTLTOOL_MERGE) $(wildcard $(top_srcdir)/po/*.po) ; $(INTLTOOL_V_MERGE)LC_ALL=C $(INTLTOOL_MERGE) $(INTLTOOL_V_MERGE_OPTIONS) -o -u -c $(top_builddir)/po/.intltool-merge-cache $(top_srcdir)/po $< $@'
INTLTOOL_SERVICE_RULE='%.service: %.service.in   $(INTLTOOL_MERGE) $(wildcard $(top_srcdir)/po/*.po) ; $(INTLTOOL_V_MERGE)LC_ALL=C $(INTLTOOL_MERGE) $(INTLTOOL_V_MERGE_OPTIONS) -d -u -c $(top_builddir)/po/.intltool-merge-cache $(top_srcdir)/po $< $@'
INTLTOOL_SHEET_RULE='%.sheet:     %.sheet.in     $(INTLTOOL_MERGE) $(wildcard $(top_srcdir)/po/*.po) ; $(INTLTOOL_V_MERGE)LC_ALL=C $(INTLTOOL_MERGE) $(INTLTOOL_V_MERGE_OPTIONS) -x -u -c $(top_builddir)/po/.intltool-merge-cache $(top_srcdir)/po $< $@'
INTLTOOL_SOUNDLIST_RULE='%.soundlist: %.soundlist.in $(INTLTOOL_MERGE) $(wildcard $(top_srcdir)/po/*.po) ; $(INTLTOOL_V_MERGE)LC_ALL=C $(INTLTOOL_MERGE) $(INTLTOOL_V_MERGE_OPTIONS) -d -u -c $(top_builddir)/po/.intltool-merge-cache $(top_srcdir)/po $< $@'
INTLTOOL_THEME_RULE='%.theme:     %.theme.in     $(INTLTOOL_MERGE) $(wildcard $(top_srcdir)/po/*.po) ; $(INTLTOOL_V_MERGE)LC_ALL=C $(INTLTOOL_MERGE) $(INTLTOOL_V_MERGE_OPTIONS) -d -u -c $(top_builddir)/po/.intltool-merge-cache $(top_srcdir)/po $< $@'
INTLTOOL_UI_RULE='%.ui:        %.ui.in        $(INTLTOOL_MERGE) $(wildcard $(top_srcdir)/po/*.po) ; $(INTLTOOL_V_MERGE)LC_ALL=C $(INTLTOOL_MERGE) $(INTLTOOL_V_MERGE_OPTIONS) -x -u -c $(top_builddir)/po/.intltool-merge-cache $(top_srcdir)/po $< $@'
INTLTOOL_UPDATE='/usr/bin/intltool-update'
INTLTOOL_V_MERGE='$(INTLTOOL__v_MERGE_$(V))'
INTLTOOL_V_MERGE_OPTIONS='$(intltool__v_merge_options_$(V))'
INTLTOOL_XAM_RULE='%.xam:       %.xml.in       $(INTLTOOL_MERGE) $(wildcard $(top_srcdir)/po/*.po) ; $(INTLTOOL_V_MERGE)LC_ALL=C $(INTLTOOL_MERGE) $(INTLTOOL_V_MERGE_OPTIONS) -x -u -c $(top_builddir)/po/.intltool-merge-cache $(top_srcdir)/po $< $@'
INTLTOOL_XML_NOMERGE_RULE='%.xml:       %.xml.in       $(INTLTOOL_MERGE) ; $(INTLTOOL_V_MERGE)LC_ALL=C $(INTLTOOL_MERGE) $(INTLTOOL_V_MERGE_OPTIONS) -x -u --no-translations $< $@'
INTLTOOL_XML_RULE='%.xml:       %.xml.in       $(INTLTOOL_MERGE) $(wildcard $(top_srcdir)/po/*.po) ; $(INTLTOOL_V_MERGE)LC_ALL=C $(INTLTOOL_MERGE) $(INTLTOOL_V_MERGE_OPTIONS) -x -u -c $(top_builddir)/po/.intltool-merge-cache $(top_srcdir)/po $< $@'
INTLTOOL__v_MERGE_0='@echo "  ITMRG " $@;'
INTLTOOL__v_MERGE_='$(INTLTOOL__v_MERGE_$(AM_DEFAULT_VERBOSITY))'
LD='/usr/bin/ld -m elf_x86_64'
LDFLAGS=''
LIBOBJS=''
LIBS=''
LIBTOOL='$(SHELL) $(top_builddir)/libtool'
LIPO=''
LN_S='ln -s'
LTLIBOBJS=''
MAINT=''
MAINTAINER_MODE_FALSE='#'
MAINTAINER_MODE_TRUE=''
MAKEINFO='${SHELL} /home/crew/develop/xneur/xcurf/missing --run makeinfo'
MANIFEST_TOOL=':'
MKDIR_P='/bin/mkdir -p'
MKINSTALLDIRS='./mkinstalldirs'
MSGFMT='/usr/bin/msgfmt'
MSGFMT_OPTS='-c'
MSGMERGE='/usr/bin/msgmerge'
NM='/usr/bin/nm -B'
NMEDIT=''
OBJDUMP='objdump'
OBJEXT='o'
OTOOL64=''
OTOOL=''
PACKAGE='xcurf'
PACKAGE_BUGREPORT=''
PACKAGE_NAME='xcurf'
PACKAGE_STRING='xcurf 0.3'
PACKAGE_TARNAME='xcurf'
PACKAGE_URL=''
PACKAGE_VERSION='0.3'
PATH_SEPARATOR=':'
PKG_CONFIG='/usr/bin/pkg-config'
PKG_CONFIG_LIBDIR=''
PKG_CONFIG_PATH=''
POFILES=''
POSUB='po'
PO_IN_DATADIR_FALSE=''
PO_IN_DATADIR_TRUE=''
RANLIB='ranlib'
SED='/bin/sed'
SET_MAKE=''
SHELL='/bin/bash'
STRIP='strip'
USE_NLS='yes'
VERSION='0.3'
X11_CFLAGS=' '
X11_LIBS='-lX11  '
XGETTEXT='/usr/bin/xgettext'
XMKMF=''
X_CFLAGS=''
X_EXTRA_LIBS=''
X_LIBS=''
X_PRE_LIBS=''
ac_ct_AR='ar'
ac_ct_CC='gcc'
ac_ct_DUMPBIN=''
am__EXEEXT_FALSE=''
am__EXEEXT_TRUE='#'
am__fastdepCC_FALSE='#'
am__fastdepCC_TRUE=''
am__include='include'
am__isrc=''
am__leading_dot='.'
am__nodep='_no'
am__quote=''
am__tar='$${TAR-tar} chof - "$$tardir"'
am__untar='$${TAR-tar} xf -'
bindir='${exec_prefix}/bin'
build='x86_64-unknown-linux-gnu'
build_alias=''
build_cpu='x86_64'
build_os='linux-gnu'
build_vendor='unknown'
datadir='${datarootdir}'
datarootdir='${prefix}/share'
docdir='${datarootdir}/doc/${PACKAGE_TARNAME}'
dvidir='${docdir}'
exec_prefix='${prefix}'
host='x86_64-unknown-linux-gnu'
host_alias=''
host_cpu='x86_64'
host_os='linux-gnu'
host_vendor='unknown'
htmldir='${docdir}'
includedir='${prefix}/include'
infodir='${datarootdir}/info'
install_sh='${SHELL} /home/crew/develop/xneur/xcurf/install-sh'
intltool__v_merge_options_0='-q'
intltool__v_merge_options_='$(intltool__v_merge_options_$(AM_DEFAULT_VERBOSITY))'
libdir='${exec_prefix}/lib'
libexecdir='${exec_prefix}/libexec'
localedir='${datarootdir}/locale'
localstatedir='${prefix}/var'
mandir='${datarootdir}/man'
mkdir_p='/bin/mkdir -p'
oldincludedir='/usr/include'
pdfdir='${docdir}'
prefix='/usr/local'
program_transform_name='s,x,x,'
psdir='${docdir}'
sbindir='${exec_prefix}/sbin'
sharedstatedir='${prefix}/com'
sysconfdir='${prefix}/etc'
target_alias=''

## ----------- ##
## confdefs.h. ##
## ----------- ##

/* confdefs.h */
#define PACKAGE_NAME "xcurf"
#define PACKAGE_TARNAME "xcurf"
#define PACKAGE_VERSION "0.3"
#define PACKAGE_STRING "xcurf 0.3"
#define PACKAGE_BUGREPORT ""
#define PACKAGE_URL ""
#define PACKAGE "xcurf"
#define VERSION "0.3"
#define STDC_HEADERS 1
#define GETTEXT_PACKAGE "xcurf"
#define HAVE_SYS_TYPES_H 1
#define HAVE_SYS_STAT_H 1
#define HAVE_STDLIB_H 1
#define HAVE_STRING_H 1
#define HAVE_MEMORY_H 1
#define HAVE_STRINGS_H 1
#define HAVE_INTTYPES_H 1
#define HAVE_STDINT_H 1
#define HAVE_UNISTD_H 1
#define HAVE_LOCALE_H 1
#define HAVE_LC_MESSAGES 1
#define HAVE_BIND_TEXTDOMAIN_CODESET 1
#define HAVE_GETTEXT 1
#define HAVE_DCGETTEXT 1
#define ENABLE_NLS 1
#define HAVE_DLFCN_H 1
#define LT_OBJDIR ".libs/"
#define WITH_IMLIB2 1

configure: exit 0

## ---------------------- ##
## Running config.status. ##
## ---------------------- ##

This file was extended by xcurf config.status 0.3, which was
generated by GNU Autoconf 2.69.  Invocation command line was

  CONFIG_FILES    = 
  CONFIG_HEADERS  = 
  CONFIG_LINKS    = 
  CONFIG_COMMANDS = 
  $ ./config.status config.h

on crew-aspire-S3

config.status:1173: creating config.h
config.status:1354: config.h is unchanged
