This file contains any messages produced by compilers while
running configure, to aid debugging if configure makes a mistake.

It was created by xneur configure 0.17.0, which was
generated by GNU Autoconf 2.69.  Invocation command line was

  $ ./configure 

## --------- ##
## Platform. ##
## --------- ##

hostname = crew-laptop
uname -m = x86_64
uname -r = 4.4.0-21-generic
uname -s = Linux
uname -v = #37-Ubuntu SMP Mon Apr 18 18:33:37 UTC 2016

/usr/bin/uname -p = unknown
/bin/uname -X     = unknown

/bin/arch              = unknown
/usr/bin/arch -k       = unknown
/usr/convex/getsysinfo = unknown
/usr/bin/hostinfo      = unknown
/bin/machine           = unknown
/usr/bin/oslevel       = unknown
/bin/universe          = unknown

PATH: /usr/local/sbin
PATH: /usr/local/bin
PATH: /usr/sbin
PATH: /usr/bin
PATH: /sbin
PATH: /bin
PATH: /usr/games
PATH: /usr/local/games
PATH: /snap/bin


## ----------- ##
## Core tests. ##
## ----------- ##

configure:2384: checking for a BSD-compatible install
configure:2452: result: /usr/bin/install -c
configure:2463: checking whether build environment is sane
configure:2518: result: yes
configure:2669: checking for a thread-safe mkdir -p
configure:2708: result: /bin/mkdir -p
configure:2715: checking for gawk
configure:2745: result: no
configure:2715: checking for mawk
configure:2731: found /usr/bin/mawk
configure:2742: result: mawk
configure:2753: checking whether make sets $(MAKE)
configure:2775: result: yes
configure:2804: checking whether make supports nested variables
configure:2821: result: yes
configure:2983: checking build system type
configure:2997: result: x86_64-pc-linux-gnu
configure:3017: checking host system type
configure:3030: result: x86_64-pc-linux-gnu
configure:3071: checking how to print strings
configure:3098: result: printf
configure:3131: checking for style of include used by make
configure:3159: result: GNU
configure:3230: checking for gcc
configure:3246: found /usr/bin/gcc
configure:3257: result: gcc
configure:3486: checking for C compiler version
configure:3495: gcc --version >&5
gcc (Ubuntu 5.3.1-14ubuntu2) 5.3.1 20160413
Copyright (C) 2015 Free Software Foundation, Inc.
This is free software; see the source for copying conditions.  There is NO
warranty; not even for MERCHANTABILITY or FITNESS FOR A PARTICULAR PURPOSE.

configure:3506: $? = 0
configure:3495: gcc -v >&5
Using built-in specs.
COLLECT_GCC=gcc
COLLECT_LTO_WRAPPER=/usr/lib/gcc/x86_64-linux-gnu/5/lto-wrapper
Target: x86_64-linux-gnu
Configured with: ../src/configure -v --with-pkgversion='Ubuntu 5.3.1-14ubuntu2' --with-bugurl=file:///usr/share/doc/gcc-5/README.Bugs --enable-languages=c,ada,c++,java,go,d,fortran,objc,obj-c++ --prefix=/usr --program-suffix=-5 --enable-shared --enable-linker-build-id --libexecdir=/usr/lib --without-included-gettext --enable-threads=posix --libdir=/usr/lib --enable-nls --with-sysroot=/ --enable-clocale=gnu --enable-libstdcxx-debug --enable-libstdcxx-time=yes --with-default-libstdcxx-abi=new --enable-gnu-unique-object --disable-vtable-verify --enable-libmpx --enable-plugin --with-system-zlib --disable-browser-plugin --enable-java-awt=gtk --enable-gtk-cairo --with-java-home=/usr/lib/jvm/java-1.5.0-gcj-5-amd64/jre --enable-java-home --with-jvm-root-dir=/usr/lib/jvm/java-1.5.0-gcj-5-amd64 --with-jvm-jar-dir=/usr/lib/jvm-exports/java-1.5.0-gcj-5-amd64 --with-arch-directory=amd64 --with-ecj-jar=/usr/share/java/eclipse-ecj.jar --enable-objc-gc --enable-multiarch --disable-werror --with-arch-32=i686 --with-abi=m64 --with-multilib-list=m32,m64,mx32 --enable-multilib --with-tune=generic --enable-checking=release --build=x86_64-linux-gnu --host=x86_64-linux-gnu --target=x86_64-linux-gnu
Thread model: posix
gcc version 5.3.1 20160413 (Ubuntu 5.3.1-14ubuntu2) 
configure:3506: $? = 0
configure:3495: gcc -V >&5
gcc: error: unrecognized command line option '-V'
gcc: fatal error: no input files
compilation terminated.
configure:3506: $? = 1
configure:3495: gcc -qversion >&5
gcc: error: unrecognized command line option '-qversion'
gcc: fatal error: no input files
compilation terminated.
configure:3506: $? = 1
configure:3526: checking whether the C compiler works
configure:3548: gcc    conftest.c  >&5
configure:3552: $? = 0
configure:3600: result: yes
configure:3603: checking for C compiler default output file name
configure:3605: result: a.out
configure:3611: checking for suffix of executables
configure:3618: gcc -o conftest    conftest.c  >&5
configure:3622: $? = 0
configure:3644: result: 
configure:3666: checking whether we are cross compiling
configure:3674: gcc -o conftest    conftest.c  >&5
configure:3678: $? = 0
configure:3685: ./conftest
configure:3689: $? = 0
configure:3704: result: no
configure:3709: checking for suffix of object files
configure:3731: gcc -c   conftest.c >&5
configure:3735: $? = 0
configure:3756: result: o
configure:3760: checking whether we are using the GNU C compiler
configure:3779: gcc -c   conftest.c >&5
configure:3779: $? = 0
configure:3788: result: yes
configure:3797: checking whether gcc accepts -g
configure:3817: gcc -c -g  conftest.c >&5
configure:3817: $? = 0
configure:3858: result: yes
configure:3875: checking for gcc option to accept ISO C89
configure:3938: gcc  -c -g -O2  conftest.c >&5
configure:3938: $? = 0
configure:3951: result: none needed
configure:3976: checking whether gcc understands -c and -o together
configure:3998: gcc -c conftest.c -o conftest2.o
configure:4001: $? = 0
configure:3998: gcc -c conftest.c -o conftest2.o
configure:4001: $? = 0
configure:4013: result: yes
configure:4032: checking dependency style of gcc
configure:4143: result: gcc3
configure:4158: checking for a sed that does not truncate output
configure:4222: result: /bin/sed
configure:4240: checking for grep that handles long lines and -e
configure:4298: result: /bin/grep
configure:4303: checking for egrep
configure:4365: result: /bin/grep -E
configure:4370: checking for fgrep
configure:4432: result: /bin/grep -F
configure:4467: checking for ld used by gcc
configure:4534: result: /usr/bin/ld
configure:4541: checking if the linker (/usr/bin/ld) is GNU ld
configure:4556: result: yes
configure:4568: checking for BSD- or MS-compatible name lister (nm)
configure:4622: result: /usr/bin/nm -B
configure:4752: checking the name lister (/usr/bin/nm -B) interface
configure:4759: gcc -c -g -O2  conftest.c >&5
configure:4762: /usr/bin/nm -B "conftest.o"
configure:4765: output
0000000000000000 B some_variable
configure:4772: result: BSD nm
configure:4775: checking whether ln -s works
configure:4779: result: yes
configure:4787: checking the maximum length of command line arguments
configure:4918: result: 1572864
configure:4966: checking how to convert x86_64-pc-linux-gnu file names to x86_64-pc-linux-gnu format
configure:5006: result: func_convert_file_noop
configure:5013: checking how to convert x86_64-pc-linux-gnu file names to toolchain format
configure:5033: result: func_convert_file_noop
configure:5040: checking for /usr/bin/ld option to reload object files
configure:5047: result: -r
configure:5121: checking for objdump
configure:5137: found /usr/bin/objdump
configure:5148: result: objdump
configure:5180: checking how to recognize dependent libraries
configure:5380: result: pass_all
configure:5465: checking for dlltool
configure:5495: result: no
configure:5525: checking how to associate runtime and link libraries
configure:5552: result: printf %s\n
configure:5613: checking for ar
configure:5629: found /usr/bin/ar
configure:5640: result: ar
configure:5677: checking for archiver @FILE support
configure:5694: gcc -c -g -O2  conftest.c >&5
configure:5694: $? = 0
configure:5697: ar cru libconftest.a @conftest.lst >&5
ar: `u' modifier ignored since `D' is the default (see `U')
configure:5700: $? = 0
configure:5705: ar cru libconftest.a @conftest.lst >&5
ar: `u' modifier ignored since `D' is the default (see `U')
ar: conftest.o: No such file or directory
configure:5708: $? = 1
configure:5720: result: @
configure:5778: checking for strip
configure:5794: found /usr/bin/strip
configure:5805: result: strip
configure:5877: checking for ranlib
configure:5893: found /usr/bin/ranlib
configure:5904: result: ranlib
configure:6006: checking command to parse /usr/bin/nm -B output from gcc object
configure:6159: gcc -c -g -O2  conftest.c >&5
configure:6162: $? = 0
configure:6166: /usr/bin/nm -B conftest.o \| sed -n -e 's/^.*[ ]\([ABCDGIRSTW][ABCDGIRSTW]*\)[ ][ ]*\([_A-Za-z][_A-Za-z0-9]*\)$/\1 \2 \2/p' | sed '/ __gnu_lto/d' \> conftest.nm
configure:6169: $? = 0
configure:6235: gcc -o conftest -g -O2   conftest.c conftstm.o >&5
configure:6238: $? = 0
configure:6276: result: ok
configure:6323: checking for sysroot
configure:6353: result: no
configure:6360: checking for a working dd
configure:6398: result: /bin/dd
configure:6402: checking how to truncate binary pipes
configure:6417: result: /bin/dd bs=4096 count=1
configure:6553: gcc -c -g -O2  conftest.c >&5
configure:6556: $? = 0
configure:6746: checking for mt
configure:6762: found /bin/mt
configure:6773: result: mt
configure:6796: checking if mt is a manifest tool
configure:6802: mt '-?'
configure:6810: result: no
configure:7487: checking how to run the C preprocessor
configure:7518: gcc -E  conftest.c
configure:7518: $? = 0
configure:7532: gcc -E  conftest.c
conftest.c:11:28: fatal error: ac_nonexistent.h: No such file or directory
compilation terminated.
configure:7532: $? = 1
configure: failed program was:
| /* confdefs.h */
| #define PACKAGE_NAME "xneur"
| #define PACKAGE_TARNAME "xneur"
| #define PACKAGE_VERSION "0.17.0"
| #define PACKAGE_STRING "xneur 0.17.0"
| #define PACKAGE_BUGREPORT ""
| #define PACKAGE_URL ""
| #define PACKAGE "xneur"
| #define VERSION "0.17.0"
| /* end confdefs.h.  */
| #include <ac_nonexistent.h>
configure:7557: result: gcc -E
configure:7577: gcc -E  conftest.c
configure:7577: $? = 0
configure:7591: gcc -E  conftest.c
conftest.c:11:28: fatal error: ac_nonexistent.h: No such file or directory
compilation terminated.
configure:7591: $? = 1
configure: failed program was:
| /* confdefs.h */
| #define PACKAGE_NAME "xneur"
| #define PACKAGE_TARNAME "xneur"
| #define PACKAGE_VERSION "0.17.0"
| #define PACKAGE_STRING "xneur 0.17.0"
| #define PACKAGE_BUGREPORT ""
| #define PACKAGE_URL ""
| #define PACKAGE "xneur"
| #define VERSION "0.17.0"
| /* end confdefs.h.  */
| #include <ac_nonexistent.h>
configure:7620: checking for ANSI C header files
configure:7640: gcc -c -g -O2  conftest.c >&5
configure:7640: $? = 0
configure:7713: gcc -o conftest -g -O2   conftest.c  >&5
configure:7713: $? = 0
configure:7713: ./conftest
configure:7713: $? = 0
configure:7724: result: yes
configure:7737: checking for sys/types.h
configure:7737: gcc -c -g -O2  conftest.c >&5
configure:7737: $? = 0
configure:7737: result: yes
configure:7737: checking for sys/stat.h
configure:7737: gcc -c -g -O2  conftest.c >&5
configure:7737: $? = 0
configure:7737: result: yes
configure:7737: checking for stdlib.h
configure:7737: gcc -c -g -O2  conftest.c >&5
configure:7737: $? = 0
configure:7737: result: yes
configure:7737: checking for string.h
configure:7737: gcc -c -g -O2  conftest.c >&5
configure:7737: $? = 0
configure:7737: result: yes
configure:7737: checking for memory.h
configure:7737: gcc -c -g -O2  conftest.c >&5
configure:7737: $? = 0
configure:7737: result: yes
configure:7737: checking for strings.h
configure:7737: gcc -c -g -O2  conftest.c >&5
configure:7737: $? = 0
configure:7737: result: yes
configure:7737: checking for inttypes.h
configure:7737: gcc -c -g -O2  conftest.c >&5
configure:7737: $? = 0
configure:7737: result: yes
configure:7737: checking for stdint.h
configure:7737: gcc -c -g -O2  conftest.c >&5
configure:7737: $? = 0
configure:7737: result: yes
configure:7737: checking for unistd.h
configure:7737: gcc -c -g -O2  conftest.c >&5
configure:7737: $? = 0
configure:7737: result: yes
configure:7751: checking for dlfcn.h
configure:7751: gcc -c -g -O2  conftest.c >&5
configure:7751: $? = 0
configure:7751: result: yes
configure:8007: checking for objdir
configure:8022: result: .libs
configure:8286: checking if gcc supports -fno-rtti -fno-exceptions
configure:8304: gcc -c -g -O2  -fno-rtti -fno-exceptions conftest.c >&5
cc1: warning: command line option '-fno-rtti' is valid for C++/ObjC++ but not for C
configure:8308: $? = 0
configure:8321: result: no
configure:8679: checking for gcc option to produce PIC
configure:8686: result: -fPIC -DPIC
configure:8694: checking if gcc PIC flag -fPIC -DPIC works
configure:8712: gcc -c -g -O2  -fPIC -DPIC -DPIC conftest.c >&5
configure:8716: $? = 0
configure:8729: result: yes
configure:8758: checking if gcc static flag -static works
configure:8786: result: yes
configure:8801: checking if gcc supports -c -o file.o
configure:8822: gcc -c -g -O2  -o out/conftest2.o conftest.c >&5
configure:8826: $? = 0
configure:8848: result: yes
configure:8856: checking if gcc supports -c -o file.o
configure:8903: result: yes
configure:8936: checking whether the gcc linker (/usr/bin/ld -m elf_x86_64) supports shared libraries
configure:10199: result: yes
configure:10236: checking whether -lc should be explicitly linked in
configure:10244: gcc -c -g -O2  conftest.c >&5
configure:10247: $? = 0
configure:10262: gcc -shared  -fPIC -DPIC conftest.o  -v -Wl,-soname -Wl,conftest -o conftest 2\>\&1 \| /bin/grep  -lc  \>/dev/null 2\>\&1
configure:10265: $? = 0
configure:10279: result: no
configure:10439: checking dynamic linker characteristics
configure:11020: gcc -o conftest -g -O2   -Wl,-rpath -Wl,/foo conftest.c  >&5
configure:11020: $? = 0
configure:11269: result: GNU/Linux ld.so
configure:11391: checking how to hardcode library paths into programs
configure:11416: result: immediate
configure:11964: checking whether stripping libraries is possible
configure:11969: result: yes
configure:12004: checking if libtool supports shared libraries
configure:12006: result: yes
configure:12009: checking whether to build shared libraries
configure:12034: result: yes
configure:12037: checking whether to build static libraries
configure:12041: result: yes
configure:12087: checking whether make sets $(MAKE)
configure:12109: result: yes
configure:12119: checking for ANSI C header files
configure:12223: result: yes
configure:12281: checking for pkg-config
configure:12299: found /usr/bin/pkg-config
configure:12311: result: /usr/bin/pkg-config
configure:12336: checking pkg-config is at least version 0.20
configure:12339: result: yes
configure:12358: checking whether NLS is requested
configure:12367: result: yes
configure:12405: checking for msgfmt
configure: trying /usr/bin/msgfmt...
0 translated messages.
configure:12437: result: /usr/bin/msgfmt
configure:12446: checking for gmsgfmt
configure:12477: result: /usr/bin/msgfmt
configure:12528: checking for xgettext
configure: trying /usr/bin/xgettext...
/usr/bin/xgettext: warning: file '/dev/null' extension '' is unknown; will try C
configure:12560: result: /usr/bin/xgettext
configure:12606: checking for msgmerge
configure: trying /usr/bin/msgmerge...
configure:12637: result: /usr/bin/msgmerge
configure:12692: checking for ld used by gcc
configure:12759: result: /usr/bin/ld -m elf_x86_64
configure:12766: checking if the linker (/usr/bin/ld -m elf_x86_64) is GNU ld
configure:12781: result: yes
configure:12788: checking for shared library run path origin
configure:12801: result: done
configure:13328: checking for CFPreferencesCopyAppValue
configure:13346: gcc -o conftest -g -O2   conftest.c  -Wl,-framework -Wl,CoreFoundation >&5
conftest.c:24:42: fatal error: CoreFoundation/CFPreferences.h: No such file or directory
compilation terminated.
configure:13346: $? = 1
configure: failed program was:
| /* confdefs.h */
| #define PACKAGE_NAME "xneur"
| #define PACKAGE_TARNAME "xneur"
| #define PACKAGE_VERSION "0.17.0"
| #define PACKAGE_STRING "xneur 0.17.0"
| #define PACKAGE_BUGREPORT ""
| #define PACKAGE_URL ""
| #define PACKAGE "xneur"
| #define VERSION "0.17.0"
| #define STDC_HEADERS 1
| #define HAVE_SYS_TYPES_H 1
| #define HAVE_SYS_STAT_H 1
| #define HAVE_STDLIB_H 1
| #define HAVE_STRING_H 1
| #define HAVE_MEMORY_H 1
| #define HAVE_STRINGS_H 1
| #define HAVE_INTTYPES_H 1
| #define HAVE_STDINT_H 1
| #define HAVE_UNISTD_H 1
| #define HAVE_DLFCN_H 1
| #define LT_OBJDIR ".libs/"
| #define STDC_HEADERS 1
| /* end confdefs.h.  */
| #include <CoreFoundation/CFPreferences.h>
| int
| main ()
| {
| CFPreferencesCopyAppValue(NULL, NULL)
|   ;
|   return 0;
| }
configure:13355: result: no
configure:13362: checking for CFLocaleCopyCurrent
configure:13380: gcc -o conftest -g -O2   conftest.c  -Wl,-framework -Wl,CoreFoundation >&5
conftest.c:24:37: fatal error: CoreFoundation/CFLocale.h: No such file or directory
compilation terminated.
configure:13380: $? = 1
configure: failed program was:
| /* confdefs.h */
| #define PACKAGE_NAME "xneur"
| #define PACKAGE_TARNAME "xneur"
| #define PACKAGE_VERSION "0.17.0"
| #define PACKAGE_STRING "xneur 0.17.0"
| #define PACKAGE_BUGREPORT ""
| #define PACKAGE_URL ""
| #define PACKAGE "xneur"
| #define VERSION "0.17.0"
| #define STDC_HEADERS 1
| #define HAVE_SYS_TYPES_H 1
| #define HAVE_SYS_STAT_H 1
| #define HAVE_STDLIB_H 1
| #define HAVE_STRING_H 1
| #define HAVE_MEMORY_H 1
| #define HAVE_STRINGS_H 1
| #define HAVE_INTTYPES_H 1
| #define HAVE_STDINT_H 1
| #define HAVE_UNISTD_H 1
| #define HAVE_DLFCN_H 1
| #define LT_OBJDIR ".libs/"
| #define STDC_HEADERS 1
| /* end confdefs.h.  */
| #include <CoreFoundation/CFLocale.h>
| int
| main ()
| {
| CFLocaleCopyCurrent();
|   ;
|   return 0;
| }
configure:13389: result: no
configure:13438: checking for GNU gettext in libc
configure:13458: gcc -o conftest -g -O2   conftest.c  >&5
configure:13458: $? = 0
configure:13467: result: yes
configure:14296: checking whether to use NLS
configure:14298: result: yes
configure:14301: checking where the gettext function comes from
configure:14312: result: libc
configure:14372: checking sys/io.h usability
configure:14372: gcc -c -g -O2  conftest.c >&5
configure:14372: $? = 0
configure:14372: result: yes
configure:14372: checking sys/io.h presence
configure:14372: gcc -E  conftest.c
configure:14372: $? = 0
configure:14372: result: yes
configure:14372: checking for sys/io.h
configure:14372: result: yes
configure:14385: checking zlib.h usability
configure:14385: gcc -c -g -O2  conftest.c >&5
configure:14385: $? = 0
configure:14385: result: yes
configure:14385: checking zlib.h presence
configure:14385: gcc -E  conftest.c
configure:14385: $? = 0
configure:14385: result: yes
configure:14385: checking for zlib.h
configure:14385: result: yes
configure:14404: checking for X11
configure:14412: $PKG_CONFIG --exists --print-errors "x11 >= 1.1"
configure:14415: $? = 0
configure:14430: $PKG_CONFIG --exists --print-errors "x11 >= 1.1"
configure:14433: $? = 0
configure:14469: result: yes
configure:15224: checking for GSTREAMER
configure:15232: $PKG_CONFIG --exists --print-errors "gstreamer-1.0 >= 1.2.4"
configure:15235: $? = 0
configure:15250: $PKG_CONFIG --exists --print-errors "gstreamer-1.0 >= 1.2.4"
configure:15253: $? = 0
configure:15289: result: yes
configure:15534: checking for PCRE
configure:15542: $PKG_CONFIG --exists --print-errors "libpcre >= 5.0"
configure:15545: $? = 0
configure:15560: $PKG_CONFIG --exists --print-errors "libpcre >= 5.0"
configure:15563: $? = 0
configure:15618: result: yes
configure:15650: checking for ENCHANT
configure:15658: $PKG_CONFIG --exists --print-errors "enchant >= 1.0"
configure:15661: $? = 0
configure:15676: $PKG_CONFIG --exists --print-errors "enchant >= 1.0"
configure:15679: $? = 0
configure:15734: result: yes
configure:15818: checking for xosd-config bin
configure:15821: result: found at /usr/bin
configure:15935: checking for GTK
configure:15943: $PKG_CONFIG --exists --print-errors "gtk+-3.0"
Package gtk+-3.0 was not found in the pkg-config search path.
Perhaps you should add the directory containing `gtk+-3.0.pc'
to the PKG_CONFIG_PATH environment variable
No package 'gtk+-3.0' found
configure:15946: $? = 1
configure:15961: $PKG_CONFIG --exists --print-errors "gtk+-3.0"
Package gtk+-3.0 was not found in the pkg-config search path.
Perhaps you should add the directory containing `gtk+-3.0.pc'
to the PKG_CONFIG_PATH environment variable
No package 'gtk+-3.0' found
configure:15964: $? = 1
No package 'gtk+-3.0' found
configure:15992: result: no
configure:16012: checking for LIBNOTIFY
configure:16020: $PKG_CONFIG --exists --print-errors "libnotify >= 0.4.0"
configure:16023: $? = 0
configure:16038: $PKG_CONFIG --exists --print-errors "libnotify >= 0.4.0"
configure:16041: $? = 0
configure:16096: result: yes
configure:16231: checking that generated files are newer than configure
configure:16237: result: done
configure:16260: creating ./config.status

## ---------------------- ##
## Running config.status. ##
## ---------------------- ##

This file was extended by xneur config.status 0.17.0, which was
generated by GNU Autoconf 2.69.  Invocation command line was

  CONFIG_FILES    = 
  CONFIG_HEADERS  = 
  CONFIG_LINKS    = 
  CONFIG_COMMANDS = 
  $ ./config.status 

on crew-laptop

config.status:1189: creating pixmaps/Makefile
config.status:1189: creating plugins/Makefile
config.status:1189: creating plugins/test/Makefile
config.status:1189: creating plugins/statistic/Makefile
config.status:1189: creating share/Makefile
config.status:1189: creating share/sounds/Makefile
config.status:1189: creating share/languages/Makefile
config.status:1189: creating share/languages/by/Makefile
config.status:1189: creating share/languages/bg/Makefile
config.status:1189: creating share/languages/cz/Makefile
config.status:1189: creating share/languages/de/Makefile
config.status:1189: creating share/languages/ge/Makefile
config.status:1189: creating share/languages/gr/Makefile
config.status:1189: creating share/languages/en/Makefile
config.status:1189: creating share/languages/es/Makefile
config.status:1189: creating share/languages/ee/Makefile
config.status:1189: creating share/languages/fr/Makefile
config.status:1189: creating share/languages/gb/Makefile
config.status:1189: creating share/languages/am/Makefile
config.status:1189: creating share/languages/kz/Makefile
config.status:1189: creating share/languages/lt/Makefile
config.status:1189: creating share/languages/lv/Makefile
config.status:1189: creating share/languages/pl/Makefile
config.status:1189: creating share/languages/ro/Makefile
config.status:1189: creating share/languages/ru/Makefile
config.status:1189: creating share/languages/ua/Makefile
config.status:1189: creating share/languages/us/Makefile
config.status:1189: creating share/languages/uz/Makefile
config.status:1189: creating etc/Makefile
config.status:1189: creating lib/Makefile
config.status:1189: creating lib/lib/Makefile
config.status:1189: creating lib/ai/Makefile
config.status:1189: creating lib/config/Makefile
config.status:1189: creating lib/misc/Makefile
config.status:1189: creating lib/notify/Makefile
config.status:1189: creating lib/main/Makefile
config.status:1189: creating src/Makefile
config.status:1189: creating po/Makefile.in
config.status:1189: creating Makefile
config.status:1189: creating xnconfig.pc
config.status:1189: creating xneur.pc
config.status:1189: creating config.h
config.status:1418: executing depfiles commands
config.status:1418: executing libtool commands
config.status:1418: executing po-directories commands

## ---------------- ##
## Cache variables. ##
## ---------------- ##

ac_cv_build=x86_64-pc-linux-gnu
ac_cv_c_compiler_gnu=yes
ac_cv_env_CC_set=
ac_cv_env_CC_value=
ac_cv_env_CFLAGS_set=
ac_cv_env_CFLAGS_value=
ac_cv_env_CPPFLAGS_set=
ac_cv_env_CPPFLAGS_value=
ac_cv_env_CPP_set=
ac_cv_env_CPP_value=
ac_cv_env_ENCHANT_CFLAGS_set=
ac_cv_env_ENCHANT_CFLAGS_value=
ac_cv_env_ENCHANT_LIBS_set=
ac_cv_env_ENCHANT_LIBS_value=
ac_cv_env_FREEALUT_CFLAGS_set=
ac_cv_env_FREEALUT_CFLAGS_value=
ac_cv_env_FREEALUT_LIBS_set=
ac_cv_env_FREEALUT_LIBS_value=
ac_cv_env_GSTREAMER_CFLAGS_set=
ac_cv_env_GSTREAMER_CFLAGS_value=
ac_cv_env_GSTREAMER_LIBS_set=
ac_cv_env_GSTREAMER_LIBS_value=
ac_cv_env_GTK_CFLAGS_set=
ac_cv_env_GTK_CFLAGS_value=
ac_cv_env_GTK_LIBS_set=
ac_cv_env_GTK_LIBS_value=
ac_cv_env_LDFLAGS_set=
ac_cv_env_LDFLAGS_value=
ac_cv_env_LIBNOTIFY_CFLAGS_set=
ac_cv_env_LIBNOTIFY_CFLAGS_value=
ac_cv_env_LIBNOTIFY_LIBS_set=
ac_cv_env_LIBNOTIFY_LIBS_value=
ac_cv_env_LIBS_set=
ac_cv_env_LIBS_value=
ac_cv_env_LT_SYS_LIBRARY_PATH_set=
ac_cv_env_LT_SYS_LIBRARY_PATH_value=
ac_cv_env_PCRE_CFLAGS_set=
ac_cv_env_PCRE_CFLAGS_value=
ac_cv_env_PCRE_LIBS_set=
ac_cv_env_PCRE_LIBS_value=
ac_cv_env_PKG_CONFIG_set=
ac_cv_env_PKG_CONFIG_value=
ac_cv_env_X11_CFLAGS_set=
ac_cv_env_X11_CFLAGS_value=
ac_cv_env_X11_LIBS_set=
ac_cv_env_X11_LIBS_value=
ac_cv_env_XMKMF_set=
ac_cv_env_XMKMF_value=
ac_cv_env_build_alias_set=
ac_cv_env_build_alias_value=
ac_cv_env_host_alias_set=
ac_cv_env_host_alias_value=
ac_cv_env_target_alias_set=
ac_cv_env_target_alias_value=
ac_cv_header_dlfcn_h=yes
ac_cv_header_inttypes_h=yes
ac_cv_header_memory_h=yes
ac_cv_header_stdc=yes
ac_cv_header_stdint_h=yes
ac_cv_header_stdlib_h=yes
ac_cv_header_string_h=yes
ac_cv_header_strings_h=yes
ac_cv_header_sys_io_h=yes
ac_cv_header_sys_stat_h=yes
ac_cv_header_sys_types_h=yes
ac_cv_header_unistd_h=yes
ac_cv_header_zlib_h=yes
ac_cv_host=x86_64-pc-linux-gnu
ac_cv_objext=o
ac_cv_path_EGREP='/bin/grep -E'
ac_cv_path_FGREP='/bin/grep -F'
ac_cv_path_GMSGFMT=/usr/bin/msgfmt
ac_cv_path_GREP=/bin/grep
ac_cv_path_MSGFMT=/usr/bin/msgfmt
ac_cv_path_MSGMERGE=/usr/bin/msgmerge
ac_cv_path_SED=/bin/sed
ac_cv_path_XGETTEXT=/usr/bin/xgettext
ac_cv_path_ac_pt_PKG_CONFIG=/usr/bin/pkg-config
ac_cv_path_install='/usr/bin/install -c'
ac_cv_path_lt_DD=/bin/dd
ac_cv_path_mkdir=/bin/mkdir
ac_cv_prog_AWK=mawk
ac_cv_prog_CPP='gcc -E'
ac_cv_prog_ac_ct_AR=ar
ac_cv_prog_ac_ct_CC=gcc
ac_cv_prog_ac_ct_MANIFEST_TOOL=mt
ac_cv_prog_ac_ct_OBJDUMP=objdump
ac_cv_prog_ac_ct_RANLIB=ranlib
ac_cv_prog_ac_ct_STRIP=strip
ac_cv_prog_cc_c89=
ac_cv_prog_cc_g=yes
ac_cv_prog_make_make_set=yes
acl_cv_hardcode_direct=no
acl_cv_hardcode_libdir_flag_spec='${wl}-rpath ${wl}$libdir'
acl_cv_hardcode_libdir_separator=
acl_cv_hardcode_minus_L=no
acl_cv_libext=a
acl_cv_path_LD='/usr/bin/ld -m elf_x86_64'
acl_cv_prog_gnu_ld=yes
acl_cv_rpath=done
acl_cv_shlibext=so
acl_cv_wl=-Wl,
am_cv_CC_dependencies_compiler_type=gcc3
am_cv_make_support_nested_variables=yes
am_cv_prog_cc_c_o=yes
gt_cv_func_CFLocaleCopyCurrent=no
gt_cv_func_CFPreferencesCopyAppValue=no
gt_cv_func_gnugettext1_libc=yes
lt_cv_ar_at_file=@
lt_cv_archive_cmds_need_lc=no
lt_cv_deplibs_check_method=pass_all
lt_cv_file_magic_cmd='$MAGIC_CMD'
lt_cv_file_magic_test_file=
lt_cv_ld_reload_flag=-r
lt_cv_nm_interface='BSD nm'
lt_cv_objdir=.libs
lt_cv_path_LD=/usr/bin/ld
lt_cv_path_NM='/usr/bin/nm -B'
lt_cv_path_mainfest_tool=no
lt_cv_prog_compiler_c_o=yes
lt_cv_prog_compiler_pic='-fPIC -DPIC'
lt_cv_prog_compiler_pic_works=yes
lt_cv_prog_compiler_rtti_exceptions=no
lt_cv_prog_compiler_static_works=yes
lt_cv_prog_gnu_ld=yes
lt_cv_sharedlib_from_linklib_cmd='printf %s\n'
lt_cv_shlibpath_overrides_runpath=no
lt_cv_sys_global_symbol_pipe='sed -n -e '\''s/^.*[	 ]\([ABCDGIRSTW][ABCDGIRSTW]*\)[	 ][	 ]*\([_A-Za-z][_A-Za-z0-9]*\)$/\1 \2 \2/p'\'' | sed '\''/ __gnu_lto/d'\'''
lt_cv_sys_global_symbol_to_c_name_address='sed -n -e '\''s/^: \(.*\) .*$/  {"\1", (void *) 0},/p'\'' -e '\''s/^[ABCDGIRSTW][ABCDGIRSTW]* .* \(.*\)$/  {"\1", (void *) \&\1},/p'\'''
lt_cv_sys_global_symbol_to_c_name_address_lib_prefix='sed -n -e '\''s/^: \(.*\) .*$/  {"\1", (void *) 0},/p'\'' -e '\''s/^[ABCDGIRSTW][ABCDGIRSTW]* .* \(lib.*\)$/  {"\1", (void *) \&\1},/p'\'' -e '\''s/^[ABCDGIRSTW][ABCDGIRSTW]* .* \(.*\)$/  {"lib\1", (void *) \&\1},/p'\'''
lt_cv_sys_global_symbol_to_cdecl='sed -n -e '\''s/^T .* \(.*\)$/extern int \1();/p'\'' -e '\''s/^[ABCDGIRSTW][ABCDGIRSTW]* .* \(.*\)$/extern char \1;/p'\'''
lt_cv_sys_global_symbol_to_import=
lt_cv_sys_max_cmd_len=1572864
lt_cv_to_host_file_cmd=func_convert_file_noop
lt_cv_to_tool_file_cmd=func_convert_file_noop
lt_cv_truncate_bin='/bin/dd bs=4096 count=1'
pkg_cv_ENCHANT_CFLAGS='-pthread -I/usr/include/enchant -I/usr/include/glib-2.0 -I/usr/lib/x86_64-linux-gnu/glib-2.0/include'
pkg_cv_ENCHANT_LIBS=-lenchant
pkg_cv_GSTREAMER_CFLAGS='-pthread -I/usr/include/gstreamer-1.0 -I/usr/lib/x86_64-linux-gnu/gstreamer-1.0/include -I/usr/include/glib-2.0 -I/usr/lib/x86_64-linux-gnu/glib-2.0/include'
pkg_cv_GSTREAMER_LIBS='-lgstreamer-1.0 -lgobject-2.0 -lglib-2.0'
pkg_cv_LIBNOTIFY_CFLAGS='-pthread -I/usr/include/gdk-pixbuf-2.0 -I/usr/include/libpng12 -I/usr/include/glib-2.0 -I/usr/lib/x86_64-linux-gnu/glib-2.0/include'
pkg_cv_LIBNOTIFY_LIBS='-lnotify -lgdk_pixbuf-2.0 -lgio-2.0 -lgobject-2.0 -lglib-2.0'
pkg_cv_PCRE_CFLAGS=
pkg_cv_PCRE_LIBS=-lpcre
pkg_cv_X11_CFLAGS=
pkg_cv_X11_LIBS=-lX11

## ----------------- ##
## Output variables. ##
## ----------------- ##

ACLOCAL='${SHELL} /home/crew/develop/xneur/xneur/missing aclocal-1.15'
ADDITIONAL_LIBS='-lpthread -ldl'
AMDEPBACKSLASH='\'
AMDEP_FALSE='#'
AMDEP_TRUE=''
AMTAR='$${TAR-tar}'
AM_BACKSLASH='\'
AM_DEFAULT_V='$(AM_DEFAULT_VERBOSITY)'
AM_DEFAULT_VERBOSITY='1'
AM_V='$(V)'
APLAY_LIBS=''
AR='ar'
ASPELL_CFLAGS=''
ASPELL_LIBS=''
AUTOCONF='${SHELL} /home/crew/develop/xneur/xneur/missing autoconf'
AUTOHEADER='${SHELL} /home/crew/develop/xneur/xneur/missing autoheader'
AUTOMAKE='${SHELL} /home/crew/develop/xneur/xneur/missing automake-1.15'
AWK='mawk'
CC='gcc'
CCDEPMODE='depmode=gcc3'
CFLAGS='-g -O2'
CPP='gcc -E'
CPPFLAGS=''
CYGPATH_W='echo'
DEFAULT_CFLAGS='-Wall -Wextra -Werror -g0 -std=gnu99 -fPIC'
DEFS='-DHAVE_CONFIG_H'
DEPDIR='.deps'
DLLTOOL='false'
DSYMUTIL=''
DUMPBIN=''
ECHO_C=''
ECHO_N='-n'
ECHO_T=''
EGREP='/bin/grep -E'
ENCHANT_CFLAGS='-pthread -I/usr/include/enchant -I/usr/include/glib-2.0 -I/usr/lib/x86_64-linux-gnu/glib-2.0/include'
ENCHANT_LIBS='-lenchant'
EXEEXT=''
FGREP='/bin/grep -F'
FREEALUT_CFLAGS=''
FREEALUT_LIBS=''
GMSGFMT='/usr/bin/msgfmt'
GMSGFMT_015='/usr/bin/msgfmt'
GREP='/bin/grep'
GSTREAMER_CFLAGS='-pthread -I/usr/include/gstreamer-1.0 -I/usr/lib/x86_64-linux-gnu/gstreamer-1.0/include -I/usr/include/glib-2.0 -I/usr/lib/x86_64-linux-gnu/glib-2.0/include'
GSTREAMER_LIBS='-lgstreamer-1.0 -lgobject-2.0 -lglib-2.0'
GTK_CFLAGS=''
GTK_LIBS=''
INSTALL_DATA='${INSTALL} -m 644'
INSTALL_PROGRAM='${INSTALL}'
INSTALL_SCRIPT='${INSTALL}'
INSTALL_STRIP_PROGRAM='$(install_sh) -c -s'
INTLLIBS=''
INTL_MACOSX_LIBS=''
LD='/usr/bin/ld -m elf_x86_64'
LDFLAGS=''
LIBICONV='-liconv'
LIBINTL=''
LIBNOTIFY_CFLAGS='-pthread -I/usr/include/gdk-pixbuf-2.0 -I/usr/include/libpng12 -I/usr/include/glib-2.0 -I/usr/lib/x86_64-linux-gnu/glib-2.0/include'
LIBNOTIFY_LIBS='-lnotify -lgdk_pixbuf-2.0 -lgio-2.0 -lgobject-2.0 -lglib-2.0'
LIBOBJS=''
LIBS=''
LIBTOOL='$(SHELL) $(top_builddir)/libtool'
LIPO=''
LN_S='ln -s'
LTLIBICONV='-liconv'
LTLIBINTL=''
LTLIBOBJS=''
LT_SYS_LIBRARY_PATH=''
MAKEINFO='${SHELL} /home/crew/develop/xneur/xneur/missing makeinfo'
MANIFEST_TOOL=':'
MKDIR_P='/bin/mkdir -p'
MSGFMT='/usr/bin/msgfmt'
MSGFMT_015='/usr/bin/msgfmt'
MSGMERGE='/usr/bin/msgmerge'
NM='/usr/bin/nm -B'
NMEDIT=''
OBJDUMP='objdump'
OBJEXT='o'
OTOOL64=''
OTOOL=''
PACKAGE='xneur'
PACKAGE_BUGREPORT=''
PACKAGE_NAME='xneur'
PACKAGE_STRING='xneur 0.17.0'
PACKAGE_TARNAME='xneur'
PACKAGE_URL=''
PACKAGE_VERSION='0.17.0'
PATH_SEPARATOR=':'
PCRE_CFLAGS=''
PCRE_LIBS='-lpcre'
PKG_CONFIG='/usr/bin/pkg-config'
POSUB='po'
RANLIB='ranlib'
SED='/bin/sed'
SET_MAKE=''
SHELL='/bin/bash'
STRIP='strip'
USE_NLS='yes'
VERSION='0.17.0'
X11_CFLAGS=''
X11_LIBS=' -lX11'
XGETTEXT='/usr/bin/xgettext'
XGETTEXT_015='/usr/bin/xgettext'
XMKMF=''
XOSD_CFLAGS='-g -O2 -Wall -I/usr/include'
XOSD_LIBS='-L/usr/lib -lxosd -lpthread -lXext -lX11 -lXinerama'
X_CFLAGS=''
X_EXTRA_LIBS=''
X_LIBS=''
X_PRE_LIBS=''
Z_LIBS='-lz'
ac_ct_AR='ar'
ac_ct_CC='gcc'
ac_ct_DUMPBIN=''
am__EXEEXT_FALSE=''
am__EXEEXT_TRUE='#'
am__fastdepCC_FALSE='#'
am__fastdepCC_TRUE=''
am__include='include'
am__isrc=''
am__leading_dot='.'
am__nodep='_no'
am__quote=''
am__tar='$${TAR-tar} chof - "$$tardir"'
am__untar='$${TAR-tar} xf -'
bindir='${exec_prefix}/bin'
build='x86_64-pc-linux-gnu'
build_alias=''
build_cpu='x86_64'
build_os='linux-gnu'
build_vendor='pc'
datadir='${datarootdir}'
datarootdir='${prefix}/share'
docdir='${datarootdir}/doc/${PACKAGE_TARNAME}'
dvidir='${docdir}'
exec_prefix='${prefix}'
host='x86_64-pc-linux-gnu'
host_alias=''
host_cpu='x86_64'
host_os='linux-gnu'
host_vendor='pc'
htmldir='${docdir}'
includedir='${prefix}/include'
infodir='${datarootdir}/info'
install_sh='${SHELL} /home/crew/develop/xneur/xneur/install-sh'
libdir='${exec_prefix}/lib'
libexecdir='${exec_prefix}/libexec'
localedir='${datarootdir}/locale'
localstatedir='${prefix}/var'
mandir='${datarootdir}/man'
mkdir_p='/bin/mkdir -p'
oldincludedir='/usr/include'
pdfdir='${docdir}'
prefix='/usr/local'
program_transform_name='s,x,x,'
psdir='${docdir}'
runstatedir='${localstatedir}/run'
sbindir='${exec_prefix}/sbin'
sharedstatedir='${prefix}/com'
sysconfdir='${prefix}/etc'
target_alias=''

## ----------- ##
## confdefs.h. ##
## ----------- ##

/* confdefs.h */
#define PACKAGE_NAME "xneur"
#define PACKAGE_TARNAME "xneur"
#define PACKAGE_VERSION "0.17.0"
#define PACKAGE_STRING "xneur 0.17.0"
#define PACKAGE_BUGREPORT ""
#define PACKAGE_URL ""
#define PACKAGE "xneur"
#define VERSION "0.17.0"
#define STDC_HEADERS 1
#define HAVE_SYS_TYPES_H 1
#define HAVE_SYS_STAT_H 1
#define HAVE_STDLIB_H 1
#define HAVE_STRING_H 1
#define HAVE_MEMORY_H 1
#define HAVE_STRINGS_H 1
#define HAVE_INTTYPES_H 1
#define HAVE_STDINT_H 1
#define HAVE_UNISTD_H 1
#define HAVE_DLFCN_H 1
#define LT_OBJDIR ".libs/"
#define STDC_HEADERS 1
#define ENABLE_NLS 1
#define HAVE_GETTEXT 1
#define HAVE_DCGETTEXT 1
#define HAVE_SYS_IO_H 1
#define HAVE_ZLIB_H 1
#define WITH_GSTREAMER 1
#define WITH_SOUND 1
#define WITH_KEYLOGGER 1
#define WITH_ENCHANT 1
#define WITH_XOSD 1
#define WITH_LIBNOTIFY 1
#define WITH_PLUGINS 1

configure: exit 0
