This file contains any messages produced by compilers while
running configure, to aid debugging if configure makes a mistake.

It was created by configure, which was
generated by GNU Autoconf 2.69.  Invocation command line was

  $ ./configure 

## --------- ##
## Platform. ##
## --------- ##

hostname = crew-laptop
uname -m = x86_64
uname -r = 4.4.0-21-generic
uname -s = Linux
uname -v = #37-Ubuntu SMP Mon Apr 18 18:33:37 UTC 2016

/usr/bin/uname -p = unknown
/bin/uname -X     = unknown

/bin/arch              = unknown
/usr/bin/arch -k       = unknown
/usr/convex/getsysinfo = unknown
/usr/bin/hostinfo      = unknown
/bin/machine           = unknown
/usr/bin/oslevel       = unknown
/bin/universe          = unknown

PATH: /usr/local/sbin
PATH: /usr/local/bin
PATH: /usr/sbin
PATH: /usr/bin
PATH: /sbin
PATH: /bin
PATH: /usr/games
PATH: /usr/local/games
PATH: /snap/bin


## ----------- ##
## Core tests. ##
## ----------- ##

configure:2227: checking for a BSD-compatible install
configure:2295: result: /usr/bin/install -c
configure:2306: checking whether build environment is sane
configure:2361: result: yes
configure:2512: checking for a thread-safe mkdir -p
configure:2551: result: /bin/mkdir -p
configure:2558: checking for gawk
configure:2588: result: no
configure:2558: checking for mawk
configure:2574: found /usr/bin/mawk
configure:2585: result: mawk
configure:2596: checking whether make sets $(MAKE)
configure:2618: result: yes
configure:2647: checking whether make supports nested variables
configure:2664: result: yes
configure:2821: checking build system type
configure:2835: result: x86_64-pc-linux-gnu
configure:2855: checking host system type
configure:2868: result: x86_64-pc-linux-gnu
configure:2909: checking how to print strings
configure:2936: result: printf
configure:2969: checking for style of include used by make
configure:2997: result: GNU
configure:3068: checking for gcc
configure:3084: found /usr/bin/gcc
configure:3095: result: gcc
configure:3324: checking for C compiler version
configure:3333: gcc --version >&5
gcc (Ubuntu 5.3.1-14ubuntu2) 5.3.1 20160413
Copyright (C) 2015 Free Software Foundation, Inc.
This is free software; see the source for copying conditions.  There is NO
warranty; not even for MERCHANTABILITY or FITNESS FOR A PARTICULAR PURPOSE.

configure:3344: $? = 0
configure:3333: gcc -v >&5
Using built-in specs.
COLLECT_GCC=gcc
COLLECT_LTO_WRAPPER=/usr/lib/gcc/x86_64-linux-gnu/5/lto-wrapper
Target: x86_64-linux-gnu
Configured with: ../src/configure -v --with-pkgversion='Ubuntu 5.3.1-14ubuntu2' --with-bugurl=file:///usr/share/doc/gcc-5/README.Bugs --enable-languages=c,ada,c++,java,go,d,fortran,objc,obj-c++ --prefix=/usr --program-suffix=-5 --enable-shared --enable-linker-build-id --libexecdir=/usr/lib --without-included-gettext --enable-threads=posix --libdir=/usr/lib --enable-nls --with-sysroot=/ --enable-clocale=gnu --enable-libstdcxx-debug --enable-libstdcxx-time=yes --with-default-libstdcxx-abi=new --enable-gnu-unique-object --disable-vtable-verify --enable-libmpx --enable-plugin --with-system-zlib --disable-browser-plugin --enable-java-awt=gtk --enable-gtk-cairo --with-java-home=/usr/lib/jvm/java-1.5.0-gcj-5-amd64/jre --enable-java-home --with-jvm-root-dir=/usr/lib/jvm/java-1.5.0-gcj-5-amd64 --with-jvm-jar-dir=/usr/lib/jvm-exports/java-1.5.0-gcj-5-amd64 --with-arch-directory=amd64 --with-ecj-jar=/usr/share/java/eclipse-ecj.jar --enable-objc-gc --enable-multiarch --disable-werror --with-arch-32=i686 --with-abi=m64 --with-multilib-list=m32,m64,mx32 --enable-multilib --with-tune=generic --enable-checking=release --build=x86_64-linux-gnu --host=x86_64-linux-gnu --target=x86_64-linux-gnu
Thread model: posix
gcc version 5.3.1 20160413 (Ubuntu 5.3.1-14ubuntu2) 
configure:3344: $? = 0
configure:3333: gcc -V >&5
gcc: error: unrecognized command line option '-V'
gcc: fatal error: no input files
compilation terminated.
configure:3344: $? = 1
configure:3333: gcc -qversion >&5
gcc: error: unrecognized command line option '-qversion'
gcc: fatal error: no input files
compilation terminated.
configure:3344: $? = 1
configure:3364: checking whether the C compiler works
configure:3386: gcc    conftest.c  >&5
configure:3390: $? = 0
configure:3438: result: yes
configure:3441: checking for C compiler default output file name
configure:3443: result: a.out
configure:3449: checking for suffix of executables
configure:3456: gcc -o conftest    conftest.c  >&5
configure:3460: $? = 0
configure:3482: result: 
configure:3504: checking whether we are cross compiling
configure:3512: gcc -o conftest    conftest.c  >&5
configure:3516: $? = 0
configure:3523: ./conftest
configure:3527: $? = 0
configure:3542: result: no
configure:3547: checking for suffix of object files
configure:3569: gcc -c   conftest.c >&5
configure:3573: $? = 0
configure:3594: result: o
configure:3598: checking whether we are using the GNU C compiler
configure:3617: gcc -c   conftest.c >&5
configure:3617: $? = 0
configure:3626: result: yes
configure:3635: checking whether gcc accepts -g
configure:3655: gcc -c -g  conftest.c >&5
configure:3655: $? = 0
configure:3696: result: yes
configure:3713: checking for gcc option to accept ISO C89
configure:3776: gcc  -c -g -O2  conftest.c >&5
configure:3776: $? = 0
configure:3789: result: none needed
configure:3814: checking whether gcc understands -c and -o together
configure:3836: gcc -c conftest.c -o conftest2.o
configure:3839: $? = 0
configure:3836: gcc -c conftest.c -o conftest2.o
configure:3839: $? = 0
configure:3851: result: yes
configure:3870: checking dependency style of gcc
configure:3981: result: gcc3
configure:3996: checking for a sed that does not truncate output
configure:4060: result: /bin/sed
configure:4078: checking for grep that handles long lines and -e
configure:4136: result: /bin/grep
configure:4141: checking for egrep
configure:4203: result: /bin/grep -E
configure:4208: checking for fgrep
configure:4270: result: /bin/grep -F
configure:4305: checking for ld used by gcc
configure:4372: result: /usr/bin/ld
configure:4379: checking if the linker (/usr/bin/ld) is GNU ld
configure:4394: result: yes
configure:4406: checking for BSD- or MS-compatible name lister (nm)
configure:4460: result: /usr/bin/nm -B
configure:4590: checking the name lister (/usr/bin/nm -B) interface
configure:4597: gcc -c -g -O2  conftest.c >&5
configure:4600: /usr/bin/nm -B "conftest.o"
configure:4603: output
0000000000000000 B some_variable
configure:4610: result: BSD nm
configure:4613: checking whether ln -s works
configure:4617: result: yes
configure:4625: checking the maximum length of command line arguments
configure:4756: result: 1572864
configure:4804: checking how to convert x86_64-pc-linux-gnu file names to x86_64-pc-linux-gnu format
configure:4844: result: func_convert_file_noop
configure:4851: checking how to convert x86_64-pc-linux-gnu file names to toolchain format
configure:4871: result: func_convert_file_noop
configure:4878: checking for /usr/bin/ld option to reload object files
configure:4885: result: -r
configure:4959: checking for objdump
configure:4975: found /usr/bin/objdump
configure:4986: result: objdump
configure:5018: checking how to recognize dependent libraries
configure:5218: result: pass_all
configure:5303: checking for dlltool
configure:5333: result: no
configure:5363: checking how to associate runtime and link libraries
configure:5390: result: printf %s\n
configure:5451: checking for ar
configure:5467: found /usr/bin/ar
configure:5478: result: ar
configure:5515: checking for archiver @FILE support
configure:5532: gcc -c -g -O2  conftest.c >&5
configure:5532: $? = 0
configure:5535: ar cru libconftest.a @conftest.lst >&5
ar: `u' modifier ignored since `D' is the default (see `U')
configure:5538: $? = 0
configure:5543: ar cru libconftest.a @conftest.lst >&5
ar: `u' modifier ignored since `D' is the default (see `U')
ar: conftest.o: No such file or directory
configure:5546: $? = 1
configure:5558: result: @
configure:5616: checking for strip
configure:5632: found /usr/bin/strip
configure:5643: result: strip
configure:5715: checking for ranlib
configure:5731: found /usr/bin/ranlib
configure:5742: result: ranlib
configure:5844: checking command to parse /usr/bin/nm -B output from gcc object
configure:5997: gcc -c -g -O2  conftest.c >&5
configure:6000: $? = 0
configure:6004: /usr/bin/nm -B conftest.o \| sed -n -e 's/^.*[ ]\([ABCDGIRSTW][ABCDGIRSTW]*\)[ ][ ]*\([_A-Za-z][_A-Za-z0-9]*\)$/\1 \2 \2/p' | sed '/ __gnu_lto/d' \> conftest.nm
configure:6007: $? = 0
configure:6073: gcc -o conftest -g -O2   conftest.c conftstm.o >&5
configure:6076: $? = 0
configure:6114: result: ok
configure:6161: checking for sysroot
configure:6191: result: no
configure:6198: checking for a working dd
configure:6236: result: /bin/dd
configure:6240: checking how to truncate binary pipes
configure:6255: result: /bin/dd bs=4096 count=1
configure:6391: gcc -c -g -O2  conftest.c >&5
configure:6394: $? = 0
configure:6584: checking for mt
configure:6600: found /bin/mt
configure:6611: result: mt
configure:6634: checking if mt is a manifest tool
configure:6640: mt '-?'
configure:6648: result: no
configure:7325: checking how to run the C preprocessor
configure:7356: gcc -E  conftest.c
configure:7356: $? = 0
configure:7370: gcc -E  conftest.c
conftest.c:11:28: fatal error: ac_nonexistent.h: No such file or directory
compilation terminated.
configure:7370: $? = 1
configure: failed program was:
| /* confdefs.h */
| #define PACKAGE_NAME ""
| #define PACKAGE_TARNAME ""
| #define PACKAGE_VERSION ""
| #define PACKAGE_STRING ""
| #define PACKAGE_BUGREPORT ""
| #define PACKAGE_URL ""
| #define PACKAGE "xneurchecker"
| #define VERSION "0.4"
| /* end confdefs.h.  */
| #include <ac_nonexistent.h>
configure:7395: result: gcc -E
configure:7415: gcc -E  conftest.c
configure:7415: $? = 0
configure:7429: gcc -E  conftest.c
conftest.c:11:28: fatal error: ac_nonexistent.h: No such file or directory
compilation terminated.
configure:7429: $? = 1
configure: failed program was:
| /* confdefs.h */
| #define PACKAGE_NAME ""
| #define PACKAGE_TARNAME ""
| #define PACKAGE_VERSION ""
| #define PACKAGE_STRING ""
| #define PACKAGE_BUGREPORT ""
| #define PACKAGE_URL ""
| #define PACKAGE "xneurchecker"
| #define VERSION "0.4"
| /* end confdefs.h.  */
| #include <ac_nonexistent.h>
configure:7458: checking for ANSI C header files
configure:7478: gcc -c -g -O2  conftest.c >&5
configure:7478: $? = 0
configure:7551: gcc -o conftest -g -O2   conftest.c  >&5
configure:7551: $? = 0
configure:7551: ./conftest
configure:7551: $? = 0
configure:7562: result: yes
configure:7575: checking for sys/types.h
configure:7575: gcc -c -g -O2  conftest.c >&5
configure:7575: $? = 0
configure:7575: result: yes
configure:7575: checking for sys/stat.h
configure:7575: gcc -c -g -O2  conftest.c >&5
configure:7575: $? = 0
configure:7575: result: yes
configure:7575: checking for stdlib.h
configure:7575: gcc -c -g -O2  conftest.c >&5
configure:7575: $? = 0
configure:7575: result: yes
configure:7575: checking for string.h
configure:7575: gcc -c -g -O2  conftest.c >&5
configure:7575: $? = 0
configure:7575: result: yes
configure:7575: checking for memory.h
configure:7575: gcc -c -g -O2  conftest.c >&5
configure:7575: $? = 0
configure:7575: result: yes
configure:7575: checking for strings.h
configure:7575: gcc -c -g -O2  conftest.c >&5
configure:7575: $? = 0
configure:7575: result: yes
configure:7575: checking for inttypes.h
configure:7575: gcc -c -g -O2  conftest.c >&5
configure:7575: $? = 0
configure:7575: result: yes
configure:7575: checking for stdint.h
configure:7575: gcc -c -g -O2  conftest.c >&5
configure:7575: $? = 0
configure:7575: result: yes
configure:7575: checking for unistd.h
configure:7575: gcc -c -g -O2  conftest.c >&5
configure:7575: $? = 0
configure:7575: result: yes
configure:7589: checking for dlfcn.h
configure:7589: gcc -c -g -O2  conftest.c >&5
configure:7589: $? = 0
configure:7589: result: yes
configure:7845: checking for objdir
configure:7860: result: .libs
configure:8124: checking if gcc supports -fno-rtti -fno-exceptions
configure:8142: gcc -c -g -O2  -fno-rtti -fno-exceptions conftest.c >&5
cc1: warning: command line option '-fno-rtti' is valid for C++/ObjC++ but not for C
configure:8146: $? = 0
configure:8159: result: no
configure:8517: checking for gcc option to produce PIC
configure:8524: result: -fPIC -DPIC
configure:8532: checking if gcc PIC flag -fPIC -DPIC works
configure:8550: gcc -c -g -O2  -fPIC -DPIC -DPIC conftest.c >&5
configure:8554: $? = 0
configure:8567: result: yes
configure:8596: checking if gcc static flag -static works
configure:8624: result: yes
configure:8639: checking if gcc supports -c -o file.o
configure:8660: gcc -c -g -O2  -o out/conftest2.o conftest.c >&5
configure:8664: $? = 0
configure:8686: result: yes
configure:8694: checking if gcc supports -c -o file.o
configure:8741: result: yes
configure:8774: checking whether the gcc linker (/usr/bin/ld -m elf_x86_64) supports shared libraries
configure:10037: result: yes
configure:10074: checking whether -lc should be explicitly linked in
configure:10082: gcc -c -g -O2  conftest.c >&5
configure:10085: $? = 0
configure:10100: gcc -shared  -fPIC -DPIC conftest.o  -v -Wl,-soname -Wl,conftest -o conftest 2\>\&1 \| /bin/grep  -lc  \>/dev/null 2\>\&1
configure:10103: $? = 0
configure:10117: result: no
configure:10277: checking dynamic linker characteristics
configure:10858: gcc -o conftest -g -O2   -Wl,-rpath -Wl,/foo conftest.c  >&5
configure:10858: $? = 0
configure:11107: result: GNU/Linux ld.so
configure:11229: checking how to hardcode library paths into programs
configure:11254: result: immediate
configure:11802: checking whether stripping libraries is possible
configure:11807: result: yes
configure:11842: checking if libtool supports shared libraries
configure:11844: result: yes
configure:11847: checking whether to build shared libraries
configure:11872: result: yes
configure:11875: checking whether to build static libraries
configure:11879: result: yes
configure:11925: checking whether make sets $(MAKE)
configure:11947: result: yes
configure:11957: checking for ANSI C header files
configure:12061: result: yes
configure:12119: checking for pkg-config
configure:12137: found /usr/bin/pkg-config
configure:12149: result: /usr/bin/pkg-config
configure:12174: checking pkg-config is at least version 0.20
configure:12177: result: yes
configure:12189: checking for XNEURCONF
configure:12197: $PKG_CONFIG --exists --print-errors "xnconfig = 0.17.0"
configure:12200: $? = 0
configure:12215: $PKG_CONFIG --exists --print-errors "xnconfig = 0.17.0"
configure:12218: $? = 0
configure:12273: result: yes
configure:12279: checking for XNEURLIB
configure:12287: $PKG_CONFIG --exists --print-errors "xneur = 0.17.0"
configure:12290: $? = 0
configure:12305: $PKG_CONFIG --exists --print-errors "xneur = 0.17.0"
configure:12308: $? = 0
configure:12363: result: yes
configure:12377: checking whether NLS is requested
configure:12386: result: yes
configure:12424: checking for msgfmt
configure: trying /usr/bin/msgfmt...
0 translated messages.
configure:12456: result: /usr/bin/msgfmt
configure:12465: checking for gmsgfmt
configure:12496: result: /usr/bin/msgfmt
configure:12547: checking for xgettext
configure: trying /usr/bin/xgettext...
/usr/bin/xgettext: warning: file '/dev/null' extension '' is unknown; will try C
configure:12579: result: /usr/bin/xgettext
configure:12625: checking for msgmerge
configure: trying /usr/bin/msgmerge...
configure:12656: result: /usr/bin/msgmerge
configure:12710: checking for ld used by GCC
configure:12774: result: /usr/bin/ld -m elf_x86_64
configure:12781: checking if the linker (/usr/bin/ld -m elf_x86_64) is GNU ld
configure:12794: result: yes
configure:12801: checking for shared library run path origin
configure:12814: result: done
configure:13271: checking for CFPreferencesCopyAppValue
configure:13289: gcc -o conftest -g -O2   conftest.c  -Wl,-framework -Wl,CoreFoundation >&5
conftest.c:24:42: fatal error: CoreFoundation/CFPreferences.h: No such file or directory
compilation terminated.
configure:13289: $? = 1
configure: failed program was:
| /* confdefs.h */
| #define PACKAGE_NAME ""
| #define PACKAGE_TARNAME ""
| #define PACKAGE_VERSION ""
| #define PACKAGE_STRING ""
| #define PACKAGE_BUGREPORT ""
| #define PACKAGE_URL ""
| #define PACKAGE "xneurchecker"
| #define VERSION "0.4"
| #define STDC_HEADERS 1
| #define HAVE_SYS_TYPES_H 1
| #define HAVE_SYS_STAT_H 1
| #define HAVE_STDLIB_H 1
| #define HAVE_STRING_H 1
| #define HAVE_MEMORY_H 1
| #define HAVE_STRINGS_H 1
| #define HAVE_INTTYPES_H 1
| #define HAVE_STDINT_H 1
| #define HAVE_UNISTD_H 1
| #define HAVE_DLFCN_H 1
| #define LT_OBJDIR ".libs/"
| #define STDC_HEADERS 1
| /* end confdefs.h.  */
| #include <CoreFoundation/CFPreferences.h>
| int
| main ()
| {
| CFPreferencesCopyAppValue(NULL, NULL)
|   ;
|   return 0;
| }
configure:13298: result: no
configure:13305: checking for CFLocaleCopyCurrent
configure:13323: gcc -o conftest -g -O2   conftest.c  -Wl,-framework -Wl,CoreFoundation >&5
conftest.c:24:37: fatal error: CoreFoundation/CFLocale.h: No such file or directory
compilation terminated.
configure:13323: $? = 1
configure: failed program was:
| /* confdefs.h */
| #define PACKAGE_NAME ""
| #define PACKAGE_TARNAME ""
| #define PACKAGE_VERSION ""
| #define PACKAGE_STRING ""
| #define PACKAGE_BUGREPORT ""
| #define PACKAGE_URL ""
| #define PACKAGE "xneurchecker"
| #define VERSION "0.4"
| #define STDC_HEADERS 1
| #define HAVE_SYS_TYPES_H 1
| #define HAVE_SYS_STAT_H 1
| #define HAVE_STDLIB_H 1
| #define HAVE_STRING_H 1
| #define HAVE_MEMORY_H 1
| #define HAVE_STRINGS_H 1
| #define HAVE_INTTYPES_H 1
| #define HAVE_STDINT_H 1
| #define HAVE_UNISTD_H 1
| #define HAVE_DLFCN_H 1
| #define LT_OBJDIR ".libs/"
| #define STDC_HEADERS 1
| /* end confdefs.h.  */
| #include <CoreFoundation/CFLocale.h>
| int
| main ()
| {
| CFLocaleCopyCurrent();
|   ;
|   return 0;
| }
configure:13332: result: no
configure:13381: checking for GNU gettext in libc
configure:13401: gcc -o conftest -g -O2   conftest.c  >&5
configure:13401: $? = 0
configure:13410: result: yes
configure:14016: checking whether to use NLS
configure:14018: result: yes
configure:14021: checking where the gettext function comes from
configure:14032: result: libc
configure:14203: checking that generated files are newer than configure
configure:14209: result: done
configure:14232: creating ./config.status

## ---------------------- ##
## Running config.status. ##
## ---------------------- ##

This file was extended by config.status, which was
generated by GNU Autoconf 2.69.  Invocation command line was

  CONFIG_FILES    = 
  CONFIG_HEADERS  = 
  CONFIG_LINKS    = 
  CONFIG_COMMANDS = 
  $ ./config.status 

on crew-laptop

config.status:1118: creating Makefile
config.status:1118: creating src/Makefile
config.status:1118: creating config.h
config.status:1347: executing depfiles commands
config.status:1347: executing libtool commands
config.status:1347: executing po-directories commands

## ---------------- ##
## Cache variables. ##
## ---------------- ##

ac_cv_build=x86_64-pc-linux-gnu
ac_cv_c_compiler_gnu=yes
ac_cv_env_CC_set=
ac_cv_env_CC_value=
ac_cv_env_CFLAGS_set=
ac_cv_env_CFLAGS_value=
ac_cv_env_CPPFLAGS_set=
ac_cv_env_CPPFLAGS_value=
ac_cv_env_CPP_set=
ac_cv_env_CPP_value=
ac_cv_env_LDFLAGS_set=
ac_cv_env_LDFLAGS_value=
ac_cv_env_LIBS_set=
ac_cv_env_LIBS_value=
ac_cv_env_LT_SYS_LIBRARY_PATH_set=
ac_cv_env_LT_SYS_LIBRARY_PATH_value=
ac_cv_env_PKG_CONFIG_set=
ac_cv_env_PKG_CONFIG_value=
ac_cv_env_XNEURCONF_CFLAGS_set=
ac_cv_env_XNEURCONF_CFLAGS_value=
ac_cv_env_XNEURCONF_LIBS_set=
ac_cv_env_XNEURCONF_LIBS_value=
ac_cv_env_XNEURLIB_CFLAGS_set=
ac_cv_env_XNEURLIB_CFLAGS_value=
ac_cv_env_XNEURLIB_LIBS_set=
ac_cv_env_XNEURLIB_LIBS_value=
ac_cv_env_build_alias_set=
ac_cv_env_build_alias_value=
ac_cv_env_host_alias_set=
ac_cv_env_host_alias_value=
ac_cv_env_target_alias_set=
ac_cv_env_target_alias_value=
ac_cv_header_dlfcn_h=yes
ac_cv_header_inttypes_h=yes
ac_cv_header_memory_h=yes
ac_cv_header_stdc=yes
ac_cv_header_stdint_h=yes
ac_cv_header_stdlib_h=yes
ac_cv_header_string_h=yes
ac_cv_header_strings_h=yes
ac_cv_header_sys_stat_h=yes
ac_cv_header_sys_types_h=yes
ac_cv_header_unistd_h=yes
ac_cv_host=x86_64-pc-linux-gnu
ac_cv_objext=o
ac_cv_path_EGREP='/bin/grep -E'
ac_cv_path_FGREP='/bin/grep -F'
ac_cv_path_GMSGFMT=/usr/bin/msgfmt
ac_cv_path_GREP=/bin/grep
ac_cv_path_MSGFMT=/usr/bin/msgfmt
ac_cv_path_MSGMERGE=/usr/bin/msgmerge
ac_cv_path_SED=/bin/sed
ac_cv_path_XGETTEXT=/usr/bin/xgettext
ac_cv_path_ac_pt_PKG_CONFIG=/usr/bin/pkg-config
ac_cv_path_install='/usr/bin/install -c'
ac_cv_path_lt_DD=/bin/dd
ac_cv_path_mkdir=/bin/mkdir
ac_cv_prog_AWK=mawk
ac_cv_prog_CPP='gcc -E'
ac_cv_prog_ac_ct_AR=ar
ac_cv_prog_ac_ct_CC=gcc
ac_cv_prog_ac_ct_MANIFEST_TOOL=mt
ac_cv_prog_ac_ct_OBJDUMP=objdump
ac_cv_prog_ac_ct_RANLIB=ranlib
ac_cv_prog_ac_ct_STRIP=strip
ac_cv_prog_cc_c89=
ac_cv_prog_cc_g=yes
ac_cv_prog_make_make_set=yes
acl_cv_hardcode_direct=no
acl_cv_hardcode_libdir_flag_spec='${wl}-rpath ${wl}$libdir'
acl_cv_hardcode_libdir_separator=
acl_cv_hardcode_minus_L=no
acl_cv_libext=a
acl_cv_path_LD='/usr/bin/ld -m elf_x86_64'
acl_cv_prog_gnu_ld=yes
acl_cv_rpath=done
acl_cv_shlibext=so
acl_cv_wl=-Wl,
am_cv_CC_dependencies_compiler_type=gcc3
am_cv_make_support_nested_variables=yes
am_cv_prog_cc_c_o=yes
gt_cv_func_CFLocaleCopyCurrent=no
gt_cv_func_CFPreferencesCopyAppValue=no
gt_cv_func_gnugettext1_libc=yes
lt_cv_ar_at_file=@
lt_cv_archive_cmds_need_lc=no
lt_cv_deplibs_check_method=pass_all
lt_cv_file_magic_cmd='$MAGIC_CMD'
lt_cv_file_magic_test_file=
lt_cv_ld_reload_flag=-r
lt_cv_nm_interface='BSD nm'
lt_cv_objdir=.libs
lt_cv_path_LD=/usr/bin/ld
lt_cv_path_NM='/usr/bin/nm -B'
lt_cv_path_mainfest_tool=no
lt_cv_prog_compiler_c_o=yes
lt_cv_prog_compiler_pic='-fPIC -DPIC'
lt_cv_prog_compiler_pic_works=yes
lt_cv_prog_compiler_rtti_exceptions=no
lt_cv_prog_compiler_static_works=yes
lt_cv_prog_gnu_ld=yes
lt_cv_sharedlib_from_linklib_cmd='printf %s\n'
lt_cv_shlibpath_overrides_runpath=no
lt_cv_sys_global_symbol_pipe='sed -n -e '\''s/^.*[	 ]\([ABCDGIRSTW][ABCDGIRSTW]*\)[	 ][	 ]*\([_A-Za-z][_A-Za-z0-9]*\)$/\1 \2 \2/p'\'' | sed '\''/ __gnu_lto/d'\'''
lt_cv_sys_global_symbol_to_c_name_address='sed -n -e '\''s/^: \(.*\) .*$/  {"\1", (void *) 0},/p'\'' -e '\''s/^[ABCDGIRSTW][ABCDGIRSTW]* .* \(.*\)$/  {"\1", (void *) \&\1},/p'\'''
lt_cv_sys_global_symbol_to_c_name_address_lib_prefix='sed -n -e '\''s/^: \(.*\) .*$/  {"\1", (void *) 0},/p'\'' -e '\''s/^[ABCDGIRSTW][ABCDGIRSTW]* .* \(lib.*\)$/  {"\1", (void *) \&\1},/p'\'' -e '\''s/^[ABCDGIRSTW][ABCDGIRSTW]* .* \(.*\)$/  {"lib\1", (void *) \&\1},/p'\'''
lt_cv_sys_global_symbol_to_cdecl='sed -n -e '\''s/^T .* \(.*\)$/extern int \1();/p'\'' -e '\''s/^[ABCDGIRSTW][ABCDGIRSTW]* .* \(.*\)$/extern char \1;/p'\'''
lt_cv_sys_global_symbol_to_import=
lt_cv_sys_max_cmd_len=1572864
lt_cv_to_host_file_cmd=func_convert_file_noop
lt_cv_to_tool_file_cmd=func_convert_file_noop
lt_cv_truncate_bin='/bin/dd bs=4096 count=1'
pkg_cv_XNEURCONF_CFLAGS=-I/usr/local/include
pkg_cv_XNEURCONF_LIBS='-L/usr/local/lib -lxnconfig -lpcre -lpthread -ldl -lpcre'
pkg_cv_XNEURLIB_CFLAGS=-I/usr/local/include
pkg_cv_XNEURLIB_LIBS='-L/usr/local/lib -lxneur -lpcre -lenchant -lpthread -ldl'

## ----------------- ##
## Output variables. ##
## ----------------- ##

ACLOCAL='${SHELL} /home/crew/develop/xneur/xneurchecker/missing aclocal-1.15'
AMDEPBACKSLASH='\'
AMDEP_FALSE='#'
AMDEP_TRUE=''
AMTAR='$${TAR-tar}'
AM_BACKSLASH='\'
AM_DEFAULT_V='$(AM_DEFAULT_VERBOSITY)'
AM_DEFAULT_VERBOSITY='1'
AM_V='$(V)'
AR='ar'
AUTOCONF='${SHELL} /home/crew/develop/xneur/xneurchecker/missing autoconf'
AUTOHEADER='${SHELL} /home/crew/develop/xneur/xneurchecker/missing autoheader'
AUTOMAKE='${SHELL} /home/crew/develop/xneur/xneurchecker/missing automake-1.15'
AWK='mawk'
CC='gcc'
CCDEPMODE='depmode=gcc3'
CFLAGS='-g -O2'
CPP='gcc -E'
CPPFLAGS=''
CYGPATH_W='echo'
DEFAULT_CFLAGS='-Wall -Wextra -Werror -g0 -fPIC -std=gnu99'
DEFS='-DHAVE_CONFIG_H'
DEPDIR='.deps'
DLLTOOL='false'
DSYMUTIL=''
DUMPBIN=''
ECHO_C=''
ECHO_N='-n'
ECHO_T=''
EGREP='/bin/grep -E'
EXEEXT=''
FGREP='/bin/grep -F'
GMSGFMT='/usr/bin/msgfmt'
GMSGFMT_015='/usr/bin/msgfmt'
GREP='/bin/grep'
INSTALL_DATA='${INSTALL} -m 644'
INSTALL_PROGRAM='${INSTALL}'
INSTALL_SCRIPT='${INSTALL}'
INSTALL_STRIP_PROGRAM='$(install_sh) -c -s'
INTLLIBS=''
INTL_MACOSX_LIBS=''
LD='/usr/bin/ld -m elf_x86_64'
LDFLAGS=''
LIBICONV='-liconv'
LIBINTL=''
LIBOBJS=''
LIBS=''
LIBTOOL='$(SHELL) $(top_builddir)/libtool'
LIPO=''
LN_S='ln -s'
LTLIBICONV='-liconv'
LTLIBINTL=''
LTLIBOBJS=''
LT_SYS_LIBRARY_PATH=''
MAKEINFO='${SHELL} /home/crew/develop/xneur/xneurchecker/missing makeinfo'
MANIFEST_TOOL=':'
MKDIR_P='/bin/mkdir -p'
MSGFMT='/usr/bin/msgfmt'
MSGFMT_015='/usr/bin/msgfmt'
MSGMERGE='/usr/bin/msgmerge'
NM='/usr/bin/nm -B'
NMEDIT=''
OBJDUMP='objdump'
OBJEXT='o'
OTOOL64=''
OTOOL=''
PACKAGE='xneurchecker'
PACKAGE_BUGREPORT=''
PACKAGE_NAME=''
PACKAGE_STRING=''
PACKAGE_TARNAME=''
PACKAGE_URL=''
PACKAGE_VERSION=''
PATH_SEPARATOR=':'
PKG_CONFIG='/usr/bin/pkg-config'
POSUB='po'
RANLIB='ranlib'
SED='/bin/sed'
SET_MAKE=''
SHELL='/bin/bash'
STRIP='strip'
USE_NLS='yes'
VERSION='0.4'
XGETTEXT='/usr/bin/xgettext'
XGETTEXT_015='/usr/bin/xgettext'
XNEURCONF_CFLAGS='-I/usr/local/include'
XNEURCONF_LIBS='-L/usr/local/lib -lxnconfig -lpcre -lpthread -ldl -lpcre'
XNEURLIB_CFLAGS='-I/usr/local/include'
XNEURLIB_LIBS='-L/usr/local/lib -lxneur -lpcre -lenchant -lpthread -ldl'
ac_ct_AR='ar'
ac_ct_CC='gcc'
ac_ct_DUMPBIN=''
am__EXEEXT_FALSE=''
am__EXEEXT_TRUE='#'
am__fastdepCC_FALSE='#'
am__fastdepCC_TRUE=''
am__include='include'
am__isrc=''
am__leading_dot='.'
am__nodep='_no'
am__quote=''
am__tar='$${TAR-tar} chof - "$$tardir"'
am__untar='$${TAR-tar} xf -'
bindir='${exec_prefix}/bin'
build='x86_64-pc-linux-gnu'
build_alias=''
build_cpu='x86_64'
build_os='linux-gnu'
build_vendor='pc'
datadir='${datarootdir}'
datarootdir='${prefix}/share'
docdir='${datarootdir}/doc/${PACKAGE}'
dvidir='${docdir}'
exec_prefix='${prefix}'
host='x86_64-pc-linux-gnu'
host_alias=''
host_cpu='x86_64'
host_os='linux-gnu'
host_vendor='pc'
htmldir='${docdir}'
includedir='${prefix}/include'
infodir='${datarootdir}/info'
install_sh='${SHELL} /home/crew/develop/xneur/xneurchecker/install-sh'
libdir='${exec_prefix}/lib'
libexecdir='${exec_prefix}/libexec'
localedir='${datarootdir}/locale'
localstatedir='${prefix}/var'
mandir='${datarootdir}/man'
mkdir_p='/bin/mkdir -p'
oldincludedir='/usr/include'
pdfdir='${docdir}'
prefix='/usr/local'
program_transform_name='s,x,x,'
psdir='${docdir}'
runstatedir='${localstatedir}/run'
sbindir='${exec_prefix}/sbin'
sharedstatedir='${prefix}/com'
sysconfdir='${prefix}/etc'
target_alias=''

## ----------- ##
## confdefs.h. ##
## ----------- ##

/* confdefs.h */
#define PACKAGE_NAME ""
#define PACKAGE_TARNAME ""
#define PACKAGE_VERSION ""
#define PACKAGE_STRING ""
#define PACKAGE_BUGREPORT ""
#define PACKAGE_URL ""
#define PACKAGE "xneurchecker"
#define VERSION "0.4"
#define STDC_HEADERS 1
#define HAVE_SYS_TYPES_H 1
#define HAVE_SYS_STAT_H 1
#define HAVE_STDLIB_H 1
#define HAVE_STRING_H 1
#define HAVE_MEMORY_H 1
#define HAVE_STRINGS_H 1
#define HAVE_INTTYPES_H 1
#define HAVE_STDINT_H 1
#define HAVE_UNISTD_H 1
#define HAVE_DLFCN_H 1
#define LT_OBJDIR ".libs/"
#define STDC_HEADERS 1
#define ENABLE_NLS 1
#define HAVE_GETTEXT 1
#define HAVE_DCGETTEXT 1

configure: exit 0
