This file contains any messages produced by compilers while
running configure, to aid debugging if configure makes a mistake.

It was created by gxneur configure 0.17.0, which was
generated by GNU Autoconf 2.69.  Invocation command line was

  $ ./configure 

## --------- ##
## Platform. ##
## --------- ##

hostname = crew-laptop
uname -m = x86_64
uname -r = 4.4.0-21-generic
uname -s = Linux
uname -v = #37-Ubuntu SMP Mon Apr 18 18:33:37 UTC 2016

/usr/bin/uname -p = unknown
/bin/uname -X     = unknown

/bin/arch              = unknown
/usr/bin/arch -k       = unknown
/usr/convex/getsysinfo = unknown
/usr/bin/hostinfo      = unknown
/bin/machine           = unknown
/usr/bin/oslevel       = unknown
/bin/universe          = unknown

PATH: /usr/local/sbin
PATH: /usr/local/bin
PATH: /usr/sbin
PATH: /usr/bin
PATH: /sbin
PATH: /bin
PATH: /usr/games
PATH: /usr/local/games
PATH: /snap/bin


## ----------- ##
## Core tests. ##
## ----------- ##

configure:2276: checking for a BSD-compatible install
configure:2344: result: /usr/bin/install -c
configure:2355: checking whether build environment is sane
configure:2410: result: yes
configure:2561: checking for a thread-safe mkdir -p
configure:2600: result: /bin/mkdir -p
configure:2607: checking for gawk
configure:2637: result: no
configure:2607: checking for mawk
configure:2623: found /usr/bin/mawk
configure:2634: result: mawk
configure:2645: checking whether make sets $(MAKE)
configure:2667: result: yes
configure:2696: checking whether make supports nested variables
configure:2713: result: yes
configure:2875: checking build system type
configure:2889: result: x86_64-pc-linux-gnu
configure:2909: checking host system type
configure:2922: result: x86_64-pc-linux-gnu
configure:2963: checking how to print strings
configure:2990: result: printf
configure:3023: checking for style of include used by make
configure:3051: result: GNU
configure:3122: checking for gcc
configure:3138: found /usr/bin/gcc
configure:3149: result: gcc
configure:3378: checking for C compiler version
configure:3387: gcc --version >&5
gcc (Ubuntu 5.3.1-14ubuntu2) 5.3.1 20160413
Copyright (C) 2015 Free Software Foundation, Inc.
This is free software; see the source for copying conditions.  There is NO
warranty; not even for MERCHANTABILITY or FITNESS FOR A PARTICULAR PURPOSE.

configure:3398: $? = 0
configure:3387: gcc -v >&5
Using built-in specs.
COLLECT_GCC=gcc
COLLECT_LTO_WRAPPER=/usr/lib/gcc/x86_64-linux-gnu/5/lto-wrapper
Target: x86_64-linux-gnu
Configured with: ../src/configure -v --with-pkgversion='Ubuntu 5.3.1-14ubuntu2' --with-bugurl=file:///usr/share/doc/gcc-5/README.Bugs --enable-languages=c,ada,c++,java,go,d,fortran,objc,obj-c++ --prefix=/usr --program-suffix=-5 --enable-shared --enable-linker-build-id --libexecdir=/usr/lib --without-included-gettext --enable-threads=posix --libdir=/usr/lib --enable-nls --with-sysroot=/ --enable-clocale=gnu --enable-libstdcxx-debug --enable-libstdcxx-time=yes --with-default-libstdcxx-abi=new --enable-gnu-unique-object --disable-vtable-verify --enable-libmpx --enable-plugin --with-system-zlib --disable-browser-plugin --enable-java-awt=gtk --enable-gtk-cairo --with-java-home=/usr/lib/jvm/java-1.5.0-gcj-5-amd64/jre --enable-java-home --with-jvm-root-dir=/usr/lib/jvm/java-1.5.0-gcj-5-amd64 --with-jvm-jar-dir=/usr/lib/jvm-exports/java-1.5.0-gcj-5-amd64 --with-arch-directory=amd64 --with-ecj-jar=/usr/share/java/eclipse-ecj.jar --enable-objc-gc --enable-multiarch --disable-werror --with-arch-32=i686 --with-abi=m64 --with-multilib-list=m32,m64,mx32 --enable-multilib --with-tune=generic --enable-checking=release --build=x86_64-linux-gnu --host=x86_64-linux-gnu --target=x86_64-linux-gnu
Thread model: posix
gcc version 5.3.1 20160413 (Ubuntu 5.3.1-14ubuntu2) 
configure:3398: $? = 0
configure:3387: gcc -V >&5
gcc: error: unrecognized command line option '-V'
gcc: fatal error: no input files
compilation terminated.
configure:3398: $? = 1
configure:3387: gcc -qversion >&5
gcc: error: unrecognized command line option '-qversion'
gcc: fatal error: no input files
compilation terminated.
configure:3398: $? = 1
configure:3418: checking whether the C compiler works
configure:3440: gcc    conftest.c  >&5
configure:3444: $? = 0
configure:3492: result: yes
configure:3495: checking for C compiler default output file name
configure:3497: result: a.out
configure:3503: checking for suffix of executables
configure:3510: gcc -o conftest    conftest.c  >&5
configure:3514: $? = 0
configure:3536: result: 
configure:3558: checking whether we are cross compiling
configure:3566: gcc -o conftest    conftest.c  >&5
configure:3570: $? = 0
configure:3577: ./conftest
configure:3581: $? = 0
configure:3596: result: no
configure:3601: checking for suffix of object files
configure:3623: gcc -c   conftest.c >&5
configure:3627: $? = 0
configure:3648: result: o
configure:3652: checking whether we are using the GNU C compiler
configure:3671: gcc -c   conftest.c >&5
configure:3671: $? = 0
configure:3680: result: yes
configure:3689: checking whether gcc accepts -g
configure:3709: gcc -c -g  conftest.c >&5
configure:3709: $? = 0
configure:3750: result: yes
configure:3767: checking for gcc option to accept ISO C89
configure:3830: gcc  -c -g -O2  conftest.c >&5
configure:3830: $? = 0
configure:3843: result: none needed
configure:3868: checking whether gcc understands -c and -o together
configure:3890: gcc -c conftest.c -o conftest2.o
configure:3893: $? = 0
configure:3890: gcc -c conftest.c -o conftest2.o
configure:3893: $? = 0
configure:3905: result: yes
configure:3924: checking dependency style of gcc
configure:4035: result: gcc3
configure:4050: checking for a sed that does not truncate output
configure:4114: result: /bin/sed
configure:4132: checking for grep that handles long lines and -e
configure:4190: result: /bin/grep
configure:4195: checking for egrep
configure:4257: result: /bin/grep -E
configure:4262: checking for fgrep
configure:4324: result: /bin/grep -F
configure:4359: checking for ld used by gcc
configure:4426: result: /usr/bin/ld
configure:4433: checking if the linker (/usr/bin/ld) is GNU ld
configure:4448: result: yes
configure:4460: checking for BSD- or MS-compatible name lister (nm)
configure:4514: result: /usr/bin/nm -B
configure:4644: checking the name lister (/usr/bin/nm -B) interface
configure:4651: gcc -c -g -O2  conftest.c >&5
configure:4654: /usr/bin/nm -B "conftest.o"
configure:4657: output
0000000000000000 B some_variable
configure:4664: result: BSD nm
configure:4667: checking whether ln -s works
configure:4671: result: yes
configure:4679: checking the maximum length of command line arguments
configure:4810: result: 1572864
configure:4858: checking how to convert x86_64-pc-linux-gnu file names to x86_64-pc-linux-gnu format
configure:4898: result: func_convert_file_noop
configure:4905: checking how to convert x86_64-pc-linux-gnu file names to toolchain format
configure:4925: result: func_convert_file_noop
configure:4932: checking for /usr/bin/ld option to reload object files
configure:4939: result: -r
configure:5013: checking for objdump
configure:5029: found /usr/bin/objdump
configure:5040: result: objdump
configure:5072: checking how to recognize dependent libraries
configure:5272: result: pass_all
configure:5357: checking for dlltool
configure:5387: result: no
configure:5417: checking how to associate runtime and link libraries
configure:5444: result: printf %s\n
configure:5505: checking for ar
configure:5521: found /usr/bin/ar
configure:5532: result: ar
configure:5569: checking for archiver @FILE support
configure:5586: gcc -c -g -O2  conftest.c >&5
configure:5586: $? = 0
configure:5589: ar cru libconftest.a @conftest.lst >&5
ar: `u' modifier ignored since `D' is the default (see `U')
configure:5592: $? = 0
configure:5597: ar cru libconftest.a @conftest.lst >&5
ar: `u' modifier ignored since `D' is the default (see `U')
ar: conftest.o: No such file or directory
configure:5600: $? = 1
configure:5612: result: @
configure:5670: checking for strip
configure:5686: found /usr/bin/strip
configure:5697: result: strip
configure:5769: checking for ranlib
configure:5785: found /usr/bin/ranlib
configure:5796: result: ranlib
configure:5898: checking command to parse /usr/bin/nm -B output from gcc object
configure:6051: gcc -c -g -O2  conftest.c >&5
configure:6054: $? = 0
configure:6058: /usr/bin/nm -B conftest.o \| sed -n -e 's/^.*[ ]\([ABCDGIRSTW][ABCDGIRSTW]*\)[ ][ ]*\([_A-Za-z][_A-Za-z0-9]*\)$/\1 \2 \2/p' | sed '/ __gnu_lto/d' \> conftest.nm
configure:6061: $? = 0
configure:6127: gcc -o conftest -g -O2   conftest.c conftstm.o >&5
configure:6130: $? = 0
configure:6168: result: ok
configure:6215: checking for sysroot
configure:6245: result: no
configure:6252: checking for a working dd
configure:6290: result: /bin/dd
configure:6294: checking how to truncate binary pipes
configure:6309: result: /bin/dd bs=4096 count=1
configure:6445: gcc -c -g -O2  conftest.c >&5
configure:6448: $? = 0
configure:6638: checking for mt
configure:6654: found /bin/mt
configure:6665: result: mt
configure:6688: checking if mt is a manifest tool
configure:6694: mt '-?'
configure:6702: result: no
configure:7379: checking how to run the C preprocessor
configure:7410: gcc -E  conftest.c
configure:7410: $? = 0
configure:7424: gcc -E  conftest.c
conftest.c:11:28: fatal error: ac_nonexistent.h: No such file or directory
compilation terminated.
configure:7424: $? = 1
configure: failed program was:
| /* confdefs.h */
| #define PACKAGE_NAME "gxneur"
| #define PACKAGE_TARNAME "gxneur"
| #define PACKAGE_VERSION "0.17.0"
| #define PACKAGE_STRING "gxneur 0.17.0"
| #define PACKAGE_BUGREPORT ""
| #define PACKAGE_URL ""
| #define PACKAGE "gxneur"
| #define VERSION "0.17.0"
| /* end confdefs.h.  */
| #include <ac_nonexistent.h>
configure:7449: result: gcc -E
configure:7469: gcc -E  conftest.c
configure:7469: $? = 0
configure:7483: gcc -E  conftest.c
conftest.c:11:28: fatal error: ac_nonexistent.h: No such file or directory
compilation terminated.
configure:7483: $? = 1
configure: failed program was:
| /* confdefs.h */
| #define PACKAGE_NAME "gxneur"
| #define PACKAGE_TARNAME "gxneur"
| #define PACKAGE_VERSION "0.17.0"
| #define PACKAGE_STRING "gxneur 0.17.0"
| #define PACKAGE_BUGREPORT ""
| #define PACKAGE_URL ""
| #define PACKAGE "gxneur"
| #define VERSION "0.17.0"
| /* end confdefs.h.  */
| #include <ac_nonexistent.h>
configure:7512: checking for ANSI C header files
configure:7532: gcc -c -g -O2  conftest.c >&5
configure:7532: $? = 0
configure:7605: gcc -o conftest -g -O2   conftest.c  >&5
configure:7605: $? = 0
configure:7605: ./conftest
configure:7605: $? = 0
configure:7616: result: yes
configure:7629: checking for sys/types.h
configure:7629: gcc -c -g -O2  conftest.c >&5
configure:7629: $? = 0
configure:7629: result: yes
configure:7629: checking for sys/stat.h
configure:7629: gcc -c -g -O2  conftest.c >&5
configure:7629: $? = 0
configure:7629: result: yes
configure:7629: checking for stdlib.h
configure:7629: gcc -c -g -O2  conftest.c >&5
configure:7629: $? = 0
configure:7629: result: yes
configure:7629: checking for string.h
configure:7629: gcc -c -g -O2  conftest.c >&5
configure:7629: $? = 0
configure:7629: result: yes
configure:7629: checking for memory.h
configure:7629: gcc -c -g -O2  conftest.c >&5
configure:7629: $? = 0
configure:7629: result: yes
configure:7629: checking for strings.h
configure:7629: gcc -c -g -O2  conftest.c >&5
configure:7629: $? = 0
configure:7629: result: yes
configure:7629: checking for inttypes.h
configure:7629: gcc -c -g -O2  conftest.c >&5
configure:7629: $? = 0
configure:7629: result: yes
configure:7629: checking for stdint.h
configure:7629: gcc -c -g -O2  conftest.c >&5
configure:7629: $? = 0
configure:7629: result: yes
configure:7629: checking for unistd.h
configure:7629: gcc -c -g -O2  conftest.c >&5
configure:7629: $? = 0
configure:7629: result: yes
configure:7643: checking for dlfcn.h
configure:7643: gcc -c -g -O2  conftest.c >&5
configure:7643: $? = 0
configure:7643: result: yes
configure:7899: checking for objdir
configure:7914: result: .libs
configure:8178: checking if gcc supports -fno-rtti -fno-exceptions
configure:8196: gcc -c -g -O2  -fno-rtti -fno-exceptions conftest.c >&5
cc1: warning: command line option '-fno-rtti' is valid for C++/ObjC++ but not for C
configure:8200: $? = 0
configure:8213: result: no
configure:8571: checking for gcc option to produce PIC
configure:8578: result: -fPIC -DPIC
configure:8586: checking if gcc PIC flag -fPIC -DPIC works
configure:8604: gcc -c -g -O2  -fPIC -DPIC -DPIC conftest.c >&5
configure:8608: $? = 0
configure:8621: result: yes
configure:8650: checking if gcc static flag -static works
configure:8678: result: yes
configure:8693: checking if gcc supports -c -o file.o
configure:8714: gcc -c -g -O2  -o out/conftest2.o conftest.c >&5
configure:8718: $? = 0
configure:8740: result: yes
configure:8748: checking if gcc supports -c -o file.o
configure:8795: result: yes
configure:8828: checking whether the gcc linker (/usr/bin/ld -m elf_x86_64) supports shared libraries
configure:10091: result: yes
configure:10128: checking whether -lc should be explicitly linked in
configure:10136: gcc -c -g -O2  conftest.c >&5
configure:10139: $? = 0
configure:10154: gcc -shared  -fPIC -DPIC conftest.o  -v -Wl,-soname -Wl,conftest -o conftest 2\>\&1 \| /bin/grep  -lc  \>/dev/null 2\>\&1
configure:10157: $? = 0
configure:10171: result: no
configure:10331: checking dynamic linker characteristics
configure:10912: gcc -o conftest -g -O2   -Wl,-rpath -Wl,/foo conftest.c  >&5
configure:10912: $? = 0
configure:11161: result: GNU/Linux ld.so
configure:11283: checking how to hardcode library paths into programs
configure:11308: result: immediate
configure:11856: checking whether stripping libraries is possible
configure:11861: result: yes
configure:11896: checking if libtool supports shared libraries
configure:11898: result: yes
configure:11901: checking whether to build shared libraries
configure:11926: result: yes
configure:11929: checking whether to build static libraries
configure:11933: result: yes
configure:11979: checking whether make sets $(MAKE)
configure:12001: result: yes
configure:12011: checking for ANSI C header files
configure:12115: result: yes
configure:12173: checking for pkg-config
configure:12191: found /usr/bin/pkg-config
configure:12203: result: /usr/bin/pkg-config
configure:12228: checking pkg-config is at least version 0.20
configure:12231: result: yes
configure:12243: checking for XNEURCONF
configure:12251: $PKG_CONFIG --exists --print-errors "xnconfig = 0.17.0"
configure:12254: $? = 0
configure:12269: $PKG_CONFIG --exists --print-errors "xnconfig = 0.17.0"
configure:12272: $? = 0
configure:12327: result: yes
configure:12333: checking for XNEURLIB
configure:12341: $PKG_CONFIG --exists --print-errors "xneur = 0.17.0"
configure:12344: $? = 0
configure:12359: $PKG_CONFIG --exists --print-errors "xneur = 0.17.0"
configure:12362: $? = 0
configure:12417: result: yes
configure:12424: checking for X11
configure:12432: $PKG_CONFIG --exists --print-errors "x11 >= 1.1"
configure:12435: $? = 0
configure:12450: $PKG_CONFIG --exists --print-errors "x11 >= 1.1"
configure:12453: $? = 0
configure:12489: result: yes
configure:13196: checking for GTK
configure:13204: $PKG_CONFIG --exists --print-errors "gtk+-2.0 >= 2.20.0"
configure:13207: $? = 0
configure:13222: $PKG_CONFIG --exists --print-errors "gtk+-2.0 >= 2.20.0"
configure:13225: $? = 0
configure:13261: result: yes
configure:13377: checking for APP_INDICATOR
configure:13385: $PKG_CONFIG --exists --print-errors "appindicator-0.1 >= $APPINDICATOR_REQUIRED"
configure:13388: $? = 0
configure:13403: $PKG_CONFIG --exists --print-errors "appindicator-0.1 >= $APPINDICATOR_REQUIRED"
configure:13406: $? = 0
configure:13442: result: yes
configure:13544: checking for GLADE
configure:13552: $PKG_CONFIG --exists --print-errors "libglade-2.0 >= 2.6.0"
configure:13555: $? = 0
configure:13570: $PKG_CONFIG --exists --print-errors "libglade-2.0 >= 2.6.0"
configure:13573: $? = 0
configure:13628: result: yes
configure:13645: checking for GCONF
configure:13653: $PKG_CONFIG --exists --print-errors "gconf-2.0 >= 2.0"
configure:13656: $? = 0
configure:13671: $PKG_CONFIG --exists --print-errors "gconf-2.0 >= 2.0"
configure:13674: $? = 0
configure:13710: result: yes
configure:13730: checking whether NLS is requested
configure:13739: result: yes
configure:13777: checking for msgfmt
configure: trying /usr/bin/msgfmt...
0 translated messages.
configure:13809: result: /usr/bin/msgfmt
configure:13818: checking for gmsgfmt
configure:13849: result: /usr/bin/msgfmt
configure:13900: checking for xgettext
configure: trying /usr/bin/xgettext...
/usr/bin/xgettext: warning: file '/dev/null' extension '' is unknown; will try C
configure:13932: result: /usr/bin/xgettext
configure:13978: checking for msgmerge
configure: trying /usr/bin/msgmerge...
configure:14009: result: /usr/bin/msgmerge
configure:14063: checking for ld used by GCC
configure:14127: result: /usr/bin/ld -m elf_x86_64
configure:14134: checking if the linker (/usr/bin/ld -m elf_x86_64) is GNU ld
configure:14147: result: yes
configure:14154: checking for shared library run path origin
configure:14167: result: done
configure:14624: checking for CFPreferencesCopyAppValue
configure:14642: gcc -o conftest -g -O2   conftest.c  -Wl,-framework -Wl,CoreFoundation >&5
conftest.c:29:42: fatal error: CoreFoundation/CFPreferences.h: No such file or directory
compilation terminated.
configure:14642: $? = 1
configure: failed program was:
| /* confdefs.h */
| #define PACKAGE_NAME "gxneur"
| #define PACKAGE_TARNAME "gxneur"
| #define PACKAGE_VERSION "0.17.0"
| #define PACKAGE_STRING "gxneur 0.17.0"
| #define PACKAGE_BUGREPORT ""
| #define PACKAGE_URL ""
| #define PACKAGE "gxneur"
| #define VERSION "0.17.0"
| #define STDC_HEADERS 1
| #define HAVE_SYS_TYPES_H 1
| #define HAVE_SYS_STAT_H 1
| #define HAVE_STDLIB_H 1
| #define HAVE_STRING_H 1
| #define HAVE_MEMORY_H 1
| #define HAVE_STRINGS_H 1
| #define HAVE_INTTYPES_H 1
| #define HAVE_STDINT_H 1
| #define HAVE_UNISTD_H 1
| #define HAVE_DLFCN_H 1
| #define LT_OBJDIR ".libs/"
| #define STDC_HEADERS 1
| #define WITH_GTK_NEW 1
| #define HAVE_APP_INDICATOR 1
| #define PACKAGE_GCONF_DIR "/apps/" PACKAGE
| #define KB_PROP_COMMAND "/usr/bin/gnome-control-center region layouts"
| #define HAVE_GCONF 1
| /* end confdefs.h.  */
| #include <CoreFoundation/CFPreferences.h>
| int
| main ()
| {
| CFPreferencesCopyAppValue(NULL, NULL)
|   ;
|   return 0;
| }
configure:14651: result: no
configure:14658: checking for CFLocaleCopyCurrent
configure:14676: gcc -o conftest -g -O2   conftest.c  -Wl,-framework -Wl,CoreFoundation >&5
conftest.c:29:37: fatal error: CoreFoundation/CFLocale.h: No such file or directory
compilation terminated.
configure:14676: $? = 1
configure: failed program was:
| /* confdefs.h */
| #define PACKAGE_NAME "gxneur"
| #define PACKAGE_TARNAME "gxneur"
| #define PACKAGE_VERSION "0.17.0"
| #define PACKAGE_STRING "gxneur 0.17.0"
| #define PACKAGE_BUGREPORT ""
| #define PACKAGE_URL ""
| #define PACKAGE "gxneur"
| #define VERSION "0.17.0"
| #define STDC_HEADERS 1
| #define HAVE_SYS_TYPES_H 1
| #define HAVE_SYS_STAT_H 1
| #define HAVE_STDLIB_H 1
| #define HAVE_STRING_H 1
| #define HAVE_MEMORY_H 1
| #define HAVE_STRINGS_H 1
| #define HAVE_INTTYPES_H 1
| #define HAVE_STDINT_H 1
| #define HAVE_UNISTD_H 1
| #define HAVE_DLFCN_H 1
| #define LT_OBJDIR ".libs/"
| #define STDC_HEADERS 1
| #define WITH_GTK_NEW 1
| #define HAVE_APP_INDICATOR 1
| #define PACKAGE_GCONF_DIR "/apps/" PACKAGE
| #define KB_PROP_COMMAND "/usr/bin/gnome-control-center region layouts"
| #define HAVE_GCONF 1
| /* end confdefs.h.  */
| #include <CoreFoundation/CFLocale.h>
| int
| main ()
| {
| CFLocaleCopyCurrent();
|   ;
|   return 0;
| }
configure:14685: result: no
configure:14734: checking for GNU gettext in libc
configure:14754: gcc -o conftest -g -O2   conftest.c  >&5
configure:14754: $? = 0
configure:14763: result: yes
configure:15369: checking whether to use NLS
configure:15371: result: yes
configure:15374: checking where the gettext function comes from
configure:15385: result: libc
configure:15556: checking that generated files are newer than configure
configure:15562: result: done
configure:15585: creating ./config.status

## ---------------------- ##
## Running config.status. ##
## ---------------------- ##

This file was extended by gxneur config.status 0.17.0, which was
generated by GNU Autoconf 2.69.  Invocation command line was

  CONFIG_FILES    = 
  CONFIG_HEADERS  = 
  CONFIG_LINKS    = 
  CONFIG_COMMANDS = 
  $ ./config.status 

on crew-laptop

config.status:1155: creating Makefile
config.status:1155: creating gxneur.desktop
config.status:1155: creating src/Makefile
config.status:1155: creating pixmaps/Makefile
config.status:1155: creating glade/Makefile
config.status:1155: creating po/Makefile.in
config.status:1155: creating config.h
config.status:1384: executing depfiles commands
config.status:1384: executing libtool commands
config.status:1384: executing po-directories commands

## ---------------- ##
## Cache variables. ##
## ---------------- ##

ac_cv_build=x86_64-pc-linux-gnu
ac_cv_c_compiler_gnu=yes
ac_cv_env_APP_INDICATOR_CFLAGS_set=
ac_cv_env_APP_INDICATOR_CFLAGS_value=
ac_cv_env_APP_INDICATOR_LIBS_set=
ac_cv_env_APP_INDICATOR_LIBS_value=
ac_cv_env_CC_set=
ac_cv_env_CC_value=
ac_cv_env_CFLAGS_set=
ac_cv_env_CFLAGS_value=
ac_cv_env_CPPFLAGS_set=
ac_cv_env_CPPFLAGS_value=
ac_cv_env_CPP_set=
ac_cv_env_CPP_value=
ac_cv_env_GCONF_CFLAGS_set=
ac_cv_env_GCONF_CFLAGS_value=
ac_cv_env_GCONF_LIBS_set=
ac_cv_env_GCONF_LIBS_value=
ac_cv_env_GLADE_CFLAGS_set=
ac_cv_env_GLADE_CFLAGS_value=
ac_cv_env_GLADE_LIBS_set=
ac_cv_env_GLADE_LIBS_value=
ac_cv_env_GTK_CFLAGS_set=
ac_cv_env_GTK_CFLAGS_value=
ac_cv_env_GTK_LIBS_set=
ac_cv_env_GTK_LIBS_value=
ac_cv_env_LDFLAGS_set=
ac_cv_env_LDFLAGS_value=
ac_cv_env_LIBS_set=
ac_cv_env_LIBS_value=
ac_cv_env_LT_SYS_LIBRARY_PATH_set=
ac_cv_env_LT_SYS_LIBRARY_PATH_value=
ac_cv_env_PKG_CONFIG_set=
ac_cv_env_PKG_CONFIG_value=
ac_cv_env_X11_CFLAGS_set=
ac_cv_env_X11_CFLAGS_value=
ac_cv_env_X11_LIBS_set=
ac_cv_env_X11_LIBS_value=
ac_cv_env_XMKMF_set=
ac_cv_env_XMKMF_value=
ac_cv_env_XNEURCONF_CFLAGS_set=
ac_cv_env_XNEURCONF_CFLAGS_value=
ac_cv_env_XNEURCONF_LIBS_set=
ac_cv_env_XNEURCONF_LIBS_value=
ac_cv_env_XNEURLIB_CFLAGS_set=
ac_cv_env_XNEURLIB_CFLAGS_value=
ac_cv_env_XNEURLIB_LIBS_set=
ac_cv_env_XNEURLIB_LIBS_value=
ac_cv_env_build_alias_set=
ac_cv_env_build_alias_value=
ac_cv_env_host_alias_set=
ac_cv_env_host_alias_value=
ac_cv_env_target_alias_set=
ac_cv_env_target_alias_value=
ac_cv_header_dlfcn_h=yes
ac_cv_header_inttypes_h=yes
ac_cv_header_memory_h=yes
ac_cv_header_stdc=yes
ac_cv_header_stdint_h=yes
ac_cv_header_stdlib_h=yes
ac_cv_header_string_h=yes
ac_cv_header_strings_h=yes
ac_cv_header_sys_stat_h=yes
ac_cv_header_sys_types_h=yes
ac_cv_header_unistd_h=yes
ac_cv_host=x86_64-pc-linux-gnu
ac_cv_objext=o
ac_cv_path_EGREP='/bin/grep -E'
ac_cv_path_FGREP='/bin/grep -F'
ac_cv_path_GMSGFMT=/usr/bin/msgfmt
ac_cv_path_GREP=/bin/grep
ac_cv_path_MSGFMT=/usr/bin/msgfmt
ac_cv_path_MSGMERGE=/usr/bin/msgmerge
ac_cv_path_SED=/bin/sed
ac_cv_path_XGETTEXT=/usr/bin/xgettext
ac_cv_path_ac_pt_PKG_CONFIG=/usr/bin/pkg-config
ac_cv_path_install='/usr/bin/install -c'
ac_cv_path_lt_DD=/bin/dd
ac_cv_path_mkdir=/bin/mkdir
ac_cv_prog_AWK=mawk
ac_cv_prog_CPP='gcc -E'
ac_cv_prog_ac_ct_AR=ar
ac_cv_prog_ac_ct_CC=gcc
ac_cv_prog_ac_ct_MANIFEST_TOOL=mt
ac_cv_prog_ac_ct_OBJDUMP=objdump
ac_cv_prog_ac_ct_RANLIB=ranlib
ac_cv_prog_ac_ct_STRIP=strip
ac_cv_prog_cc_c89=
ac_cv_prog_cc_g=yes
ac_cv_prog_make_make_set=yes
acl_cv_hardcode_direct=no
acl_cv_hardcode_libdir_flag_spec='${wl}-rpath ${wl}$libdir'
acl_cv_hardcode_libdir_separator=
acl_cv_hardcode_minus_L=no
acl_cv_libext=a
acl_cv_path_LD='/usr/bin/ld -m elf_x86_64'
acl_cv_prog_gnu_ld=yes
acl_cv_rpath=done
acl_cv_shlibext=so
acl_cv_wl=-Wl,
am_cv_CC_dependencies_compiler_type=gcc3
am_cv_make_support_nested_variables=yes
am_cv_prog_cc_c_o=yes
gt_cv_func_CFLocaleCopyCurrent=no
gt_cv_func_CFPreferencesCopyAppValue=no
gt_cv_func_gnugettext1_libc=yes
lt_cv_ar_at_file=@
lt_cv_archive_cmds_need_lc=no
lt_cv_deplibs_check_method=pass_all
lt_cv_file_magic_cmd='$MAGIC_CMD'
lt_cv_file_magic_test_file=
lt_cv_ld_reload_flag=-r
lt_cv_nm_interface='BSD nm'
lt_cv_objdir=.libs
lt_cv_path_LD=/usr/bin/ld
lt_cv_path_NM='/usr/bin/nm -B'
lt_cv_path_mainfest_tool=no
lt_cv_prog_compiler_c_o=yes
lt_cv_prog_compiler_pic='-fPIC -DPIC'
lt_cv_prog_compiler_pic_works=yes
lt_cv_prog_compiler_rtti_exceptions=no
lt_cv_prog_compiler_static_works=yes
lt_cv_prog_gnu_ld=yes
lt_cv_sharedlib_from_linklib_cmd='printf %s\n'
lt_cv_shlibpath_overrides_runpath=no
lt_cv_sys_global_symbol_pipe='sed -n -e '\''s/^.*[	 ]\([ABCDGIRSTW][ABCDGIRSTW]*\)[	 ][	 ]*\([_A-Za-z][_A-Za-z0-9]*\)$/\1 \2 \2/p'\'' | sed '\''/ __gnu_lto/d'\'''
lt_cv_sys_global_symbol_to_c_name_address='sed -n -e '\''s/^: \(.*\) .*$/  {"\1", (void *) 0},/p'\'' -e '\''s/^[ABCDGIRSTW][ABCDGIRSTW]* .* \(.*\)$/  {"\1", (void *) \&\1},/p'\'''
lt_cv_sys_global_symbol_to_c_name_address_lib_prefix='sed -n -e '\''s/^: \(.*\) .*$/  {"\1", (void *) 0},/p'\'' -e '\''s/^[ABCDGIRSTW][ABCDGIRSTW]* .* \(lib.*\)$/  {"\1", (void *) \&\1},/p'\'' -e '\''s/^[ABCDGIRSTW][ABCDGIRSTW]* .* \(.*\)$/  {"lib\1", (void *) \&\1},/p'\'''
lt_cv_sys_global_symbol_to_cdecl='sed -n -e '\''s/^T .* \(.*\)$/extern int \1();/p'\'' -e '\''s/^[ABCDGIRSTW][ABCDGIRSTW]* .* \(.*\)$/extern char \1;/p'\'''
lt_cv_sys_global_symbol_to_import=
lt_cv_sys_max_cmd_len=1572864
lt_cv_to_host_file_cmd=func_convert_file_noop
lt_cv_to_tool_file_cmd=func_convert_file_noop
lt_cv_truncate_bin='/bin/dd bs=4096 count=1'
pkg_cv_APP_INDICATOR_CFLAGS='-pthread -I/usr/include/libappindicator-0.1 -I/usr/include/libdbusmenu-glib-0.4 -I/usr/include/gtk-2.0 -I/usr/lib/x86_64-linux-gnu/gtk-2.0/include -I/usr/include/gio-unix-2.0/ -I/usr/include/cairo -I/usr/include/pango-1.0 -I/usr/include/atk-1.0 -I/usr/include/cairo -I/usr/include/pixman-1 -I/usr/include/libpng12 -I/usr/include/gdk-pixbuf-2.0 -I/usr/include/libpng12 -I/usr/include/pango-1.0 -I/usr/include/harfbuzz -I/usr/include/pango-1.0 -I/usr/include/glib-2.0 -I/usr/lib/x86_64-linux-gnu/glib-2.0/include -I/usr/include/freetype2'
pkg_cv_APP_INDICATOR_LIBS='-lappindicator -ldbusmenu-glib -lgtk-x11-2.0 -lgdk-x11-2.0 -lpangocairo-1.0 -latk-1.0 -lcairo -lgdk_pixbuf-2.0 -lgio-2.0 -lpangoft2-1.0 -lpango-1.0 -lgobject-2.0 -lglib-2.0 -lfontconfig -lfreetype'
pkg_cv_GCONF_CFLAGS='-pthread -I/usr/include/gconf/2 -I/usr/include/dbus-1.0 -I/usr/lib/x86_64-linux-gnu/dbus-1.0/include -I/usr/include/glib-2.0 -I/usr/lib/x86_64-linux-gnu/glib-2.0/include'
pkg_cv_GCONF_LIBS='-lgconf-2 -lglib-2.0'
pkg_cv_GLADE_CFLAGS='-pthread -I/usr/include/libglade-2.0 -I/usr/include/gtk-2.0 -I/usr/lib/x86_64-linux-gnu/gtk-2.0/include -I/usr/include/gio-unix-2.0/ -I/usr/include/cairo -I/usr/include/pango-1.0 -I/usr/include/atk-1.0 -I/usr/include/cairo -I/usr/include/pixman-1 -I/usr/include/libpng12 -I/usr/include/gdk-pixbuf-2.0 -I/usr/include/libpng12 -I/usr/include/pango-1.0 -I/usr/include/harfbuzz -I/usr/include/pango-1.0 -I/usr/include/glib-2.0 -I/usr/lib/x86_64-linux-gnu/glib-2.0/include -I/usr/include/freetype2 -I/usr/include/libxml2'
pkg_cv_GLADE_LIBS='-lglade-2.0 -lgtk-x11-2.0 -lgdk-x11-2.0 -lpangocairo-1.0 -latk-1.0 -lcairo -lgdk_pixbuf-2.0 -lgio-2.0 -lpangoft2-1.0 -lpango-1.0 -lgobject-2.0 -lglib-2.0 -lfontconfig -lfreetype -lxml2'
pkg_cv_GTK_CFLAGS='-pthread -I/usr/include/gtk-2.0 -I/usr/lib/x86_64-linux-gnu/gtk-2.0/include -I/usr/include/gio-unix-2.0/ -I/usr/include/cairo -I/usr/include/pango-1.0 -I/usr/include/atk-1.0 -I/usr/include/cairo -I/usr/include/pixman-1 -I/usr/include/libpng12 -I/usr/include/gdk-pixbuf-2.0 -I/usr/include/libpng12 -I/usr/include/pango-1.0 -I/usr/include/harfbuzz -I/usr/include/pango-1.0 -I/usr/include/glib-2.0 -I/usr/lib/x86_64-linux-gnu/glib-2.0/include -I/usr/include/freetype2'
pkg_cv_GTK_LIBS='-lgtk-x11-2.0 -lgdk-x11-2.0 -lpangocairo-1.0 -latk-1.0 -lcairo -lgdk_pixbuf-2.0 -lgio-2.0 -lpangoft2-1.0 -lpango-1.0 -lgobject-2.0 -lglib-2.0 -lfontconfig -lfreetype'
pkg_cv_X11_CFLAGS=
pkg_cv_X11_LIBS=-lX11
pkg_cv_XNEURCONF_CFLAGS=-I/usr/local/include
pkg_cv_XNEURCONF_LIBS='-L/usr/local/lib -lxnconfig -lpcre -lpthread -ldl -lpcre'
pkg_cv_XNEURLIB_CFLAGS=-I/usr/local/include
pkg_cv_XNEURLIB_LIBS='-L/usr/local/lib -lxneur -lpcre -lenchant -lpthread -ldl'

## ----------------- ##
## Output variables. ##
## ----------------- ##

ACLOCAL='${SHELL} /home/crew/develop/xneur/gxneur/missing aclocal-1.15'
AMDEPBACKSLASH='\'
AMDEP_FALSE='#'
AMDEP_TRUE=''
AMTAR='$${TAR-tar}'
AM_BACKSLASH='\'
AM_DEFAULT_V='$(AM_DEFAULT_VERBOSITY)'
AM_DEFAULT_VERBOSITY='1'
AM_V='$(V)'
APP_INDICATOR_CFLAGS='-pthread -I/usr/include/libappindicator-0.1 -I/usr/include/libdbusmenu-glib-0.4 -I/usr/include/gtk-2.0 -I/usr/lib/x86_64-linux-gnu/gtk-2.0/include -I/usr/include/gio-unix-2.0/ -I/usr/include/cairo -I/usr/include/pango-1.0 -I/usr/include/atk-1.0 -I/usr/include/cairo -I/usr/include/pixman-1 -I/usr/include/libpng12 -I/usr/include/gdk-pixbuf-2.0 -I/usr/include/libpng12 -I/usr/include/pango-1.0 -I/usr/include/harfbuzz -I/usr/include/pango-1.0 -I/usr/include/glib-2.0 -I/usr/lib/x86_64-linux-gnu/glib-2.0/include -I/usr/include/freetype2'
APP_INDICATOR_LIBS='-lappindicator -ldbusmenu-glib -lgtk-x11-2.0 -lgdk-x11-2.0 -lpangocairo-1.0 -latk-1.0 -lcairo -lgdk_pixbuf-2.0 -lgio-2.0 -lpangoft2-1.0 -lpango-1.0 -lgobject-2.0 -lglib-2.0 -lfontconfig -lfreetype'
AR='ar'
AUTOCONF='${SHELL} /home/crew/develop/xneur/gxneur/missing autoconf'
AUTOHEADER='${SHELL} /home/crew/develop/xneur/gxneur/missing autoheader'
AUTOMAKE='${SHELL} /home/crew/develop/xneur/gxneur/missing automake-1.15'
AWK='mawk'
CC='gcc'
CCDEPMODE='depmode=gcc3'
CFLAGS='-g -O2'
CPP='gcc -E'
CPPFLAGS=''
CYGPATH_W='echo'
DEFAULT_CFLAGS='-Wall -Wextra -Werror -g0 -fPIC -std=gnu99'
DEFS='-DHAVE_CONFIG_H'
DEPDIR='.deps'
DLLTOOL='false'
DSYMUTIL=''
DUMPBIN=''
ECHO_C=''
ECHO_N='-n'
ECHO_T=''
EGREP='/bin/grep -E'
EXEEXT=''
FGREP='/bin/grep -F'
GCONF_CFLAGS='-pthread -I/usr/include/gconf/2 -I/usr/include/dbus-1.0 -I/usr/lib/x86_64-linux-gnu/dbus-1.0/include -I/usr/include/glib-2.0 -I/usr/lib/x86_64-linux-gnu/glib-2.0/include'
GCONF_LIBS='-lgconf-2 -lglib-2.0'
GLADE_CFLAGS='-pthread -I/usr/include/libglade-2.0 -I/usr/include/gtk-2.0 -I/usr/lib/x86_64-linux-gnu/gtk-2.0/include -I/usr/include/gio-unix-2.0/ -I/usr/include/cairo -I/usr/include/pango-1.0 -I/usr/include/atk-1.0 -I/usr/include/cairo -I/usr/include/pixman-1 -I/usr/include/libpng12 -I/usr/include/gdk-pixbuf-2.0 -I/usr/include/libpng12 -I/usr/include/pango-1.0 -I/usr/include/harfbuzz -I/usr/include/pango-1.0 -I/usr/include/glib-2.0 -I/usr/lib/x86_64-linux-gnu/glib-2.0/include -I/usr/include/freetype2 -I/usr/include/libxml2'
GLADE_LIBS='-lglade-2.0 -lgtk-x11-2.0 -lgdk-x11-2.0 -lpangocairo-1.0 -latk-1.0 -lcairo -lgdk_pixbuf-2.0 -lgio-2.0 -lpangoft2-1.0 -lpango-1.0 -lgobject-2.0 -lglib-2.0 -lfontconfig -lfreetype -lxml2'
GMSGFMT='/usr/bin/msgfmt'
GMSGFMT_015='/usr/bin/msgfmt'
GREP='/bin/grep'
GTK_CFLAGS='-pthread -I/usr/include/gtk-2.0 -I/usr/lib/x86_64-linux-gnu/gtk-2.0/include -I/usr/include/gio-unix-2.0/ -I/usr/include/cairo -I/usr/include/pango-1.0 -I/usr/include/atk-1.0 -I/usr/include/cairo -I/usr/include/pixman-1 -I/usr/include/libpng12 -I/usr/include/gdk-pixbuf-2.0 -I/usr/include/libpng12 -I/usr/include/pango-1.0 -I/usr/include/harfbuzz -I/usr/include/pango-1.0 -I/usr/include/glib-2.0 -I/usr/lib/x86_64-linux-gnu/glib-2.0/include -I/usr/include/freetype2'
GTK_LIBS='-lgtk-x11-2.0 -lgdk-x11-2.0 -lpangocairo-1.0 -latk-1.0 -lcairo -lgdk_pixbuf-2.0 -lgio-2.0 -lpangoft2-1.0 -lpango-1.0 -lgobject-2.0 -lglib-2.0 -lfontconfig -lfreetype'
INSTALL_DATA='${INSTALL} -m 644'
INSTALL_PROGRAM='${INSTALL}'
INSTALL_SCRIPT='${INSTALL}'
INSTALL_STRIP_PROGRAM='$(install_sh) -c -s'
INTLLIBS=''
INTL_MACOSX_LIBS=''
LD='/usr/bin/ld -m elf_x86_64'
LDFLAGS=''
LIBICONV='-liconv'
LIBINTL=''
LIBOBJS=''
LIBS=''
LIBTOOL='$(SHELL) $(top_builddir)/libtool'
LIPO=''
LN_S='ln -s'
LTLIBICONV='-liconv'
LTLIBINTL=''
LTLIBOBJS=''
LT_SYS_LIBRARY_PATH=''
MAKEINFO='${SHELL} /home/crew/develop/xneur/gxneur/missing makeinfo'
MANIFEST_TOOL=':'
MKDIR_P='/bin/mkdir -p'
MSGFMT='/usr/bin/msgfmt'
MSGFMT_015='/usr/bin/msgfmt'
MSGMERGE='/usr/bin/msgmerge'
NM='/usr/bin/nm -B'
NMEDIT=''
OBJDUMP='objdump'
OBJEXT='o'
OTOOL64=''
OTOOL=''
PACKAGE='gxneur'
PACKAGE_BUGREPORT=''
PACKAGE_NAME='gxneur'
PACKAGE_STRING='gxneur 0.17.0'
PACKAGE_TARNAME='gxneur'
PACKAGE_URL=''
PACKAGE_VERSION='0.17.0'
PATH_SEPARATOR=':'
PKG_CONFIG='/usr/bin/pkg-config'
POSUB='po'
RANLIB='ranlib'
SED='/bin/sed'
SET_MAKE=''
SHELL='/bin/bash'
STRIP='strip'
USE_NLS='yes'
VERSION='0.17.0'
X11_CFLAGS=''
X11_LIBS='-lX11'
XGETTEXT='/usr/bin/xgettext'
XGETTEXT_015='/usr/bin/xgettext'
XMKMF=''
XNEURCONF_CFLAGS='-I/usr/local/include'
XNEURCONF_LIBS='-L/usr/local/lib -lxnconfig -lpcre -lpthread -ldl -lpcre'
XNEURLIB_CFLAGS='-I/usr/local/include'
XNEURLIB_LIBS='-L/usr/local/lib -lxneur -lpcre -lenchant -lpthread -ldl'
X_CFLAGS=''
X_EXTRA_LIBS=''
X_LIBS=''
X_PRE_LIBS=''
ac_ct_AR='ar'
ac_ct_CC='gcc'
ac_ct_DUMPBIN=''
am__EXEEXT_FALSE=''
am__EXEEXT_TRUE='#'
am__fastdepCC_FALSE='#'
am__fastdepCC_TRUE=''
am__include='include'
am__isrc=''
am__leading_dot='.'
am__nodep='_no'
am__quote=''
am__tar='$${TAR-tar} chof - "$$tardir"'
am__untar='$${TAR-tar} xf -'
bindir='${exec_prefix}/bin'
build='x86_64-pc-linux-gnu'
build_alias=''
build_cpu='x86_64'
build_os='linux-gnu'
build_vendor='pc'
datadir='${datarootdir}'
datarootdir='${prefix}/share'
docdir='${datarootdir}/doc/${PACKAGE_TARNAME}'
dvidir='${docdir}'
exec_prefix='${prefix}'
host='x86_64-pc-linux-gnu'
host_alias=''
host_cpu='x86_64'
host_os='linux-gnu'
host_vendor='pc'
htmldir='${docdir}'
includedir='${prefix}/include'
infodir='${datarootdir}/info'
install_sh='${SHELL} /home/crew/develop/xneur/gxneur/install-sh'
libdir='${exec_prefix}/lib'
libexecdir='${exec_prefix}/libexec'
localedir='${datarootdir}/locale'
localstatedir='${prefix}/var'
mandir='${datarootdir}/man'
mkdir_p='/bin/mkdir -p'
oldincludedir='/usr/include'
pdfdir='${docdir}'
prefix='/usr/local'
program_transform_name='s,x,x,'
psdir='${docdir}'
runstatedir='${localstatedir}/run'
sbindir='${exec_prefix}/sbin'
sharedstatedir='${prefix}/com'
sysconfdir='${prefix}/etc'
target_alias=''

## ----------- ##
## confdefs.h. ##
## ----------- ##

/* confdefs.h */
#define PACKAGE_NAME "gxneur"
#define PACKAGE_TARNAME "gxneur"
#define PACKAGE_VERSION "0.17.0"
#define PACKAGE_STRING "gxneur 0.17.0"
#define PACKAGE_BUGREPORT ""
#define PACKAGE_URL ""
#define PACKAGE "gxneur"
#define VERSION "0.17.0"
#define STDC_HEADERS 1
#define HAVE_SYS_TYPES_H 1
#define HAVE_SYS_STAT_H 1
#define HAVE_STDLIB_H 1
#define HAVE_STRING_H 1
#define HAVE_MEMORY_H 1
#define HAVE_STRINGS_H 1
#define HAVE_INTTYPES_H 1
#define HAVE_STDINT_H 1
#define HAVE_UNISTD_H 1
#define HAVE_DLFCN_H 1
#define LT_OBJDIR ".libs/"
#define STDC_HEADERS 1
#define WITH_GTK_NEW 1
#define HAVE_APP_INDICATOR 1
#define PACKAGE_GCONF_DIR "/apps/" PACKAGE
#define KB_PROP_COMMAND "/usr/bin/gnome-control-center region layouts"
#define HAVE_GCONF 1
#define ENABLE_NLS 1
#define HAVE_GETTEXT 1
#define HAVE_DCGETTEXT 1

configure: exit 0
